#
# A fatal error has been detected by the Java Runtime Environment:
#
#  EXCEPTION_ACCESS_VIOLATION (0xc0000005) at pc=0x00007fff1ae857f6, pid=31196, tid=31296
#
# JRE version: Java(TM) SE Runtime Environment 18.9 (11.0.28+12) (build 11.0.28+12-LTS-279)
# Java VM: Java HotSpot(TM) 64-Bit Server VM 18.9 (11.0.28+12-LTS-279, mixed mode, tiered, compressed oops, g1 gc, windows-amd64)
# Problematic frame:
# V  [jvm.dll+0x1157f6]
#
# No core dump will be written. Minidumps are not enabled by default on client versions of Windows
#
# If you would like to submit a bug report, please visit:
#   https://bugreport.java.com/bugreport/crash.jsp
#

---------------  S U M M A R Y ------------

Command Line: --add-opens=java.base/java.lang=ALL-UNNAMED --add-opens=java.base/java.lang.invoke=ALL-UNNAMED --add-opens=java.base/java.util=ALL-UNNAMED --add-opens=java.prefs/java.util.prefs=ALL-UNNAMED --add-exports=jdk.compiler/com.sun.tools.javac.api=ALL-UNNAMED --add-exports=jdk.compiler/com.sun.tools.javac.util=ALL-UNNAMED --add-opens=java.base/java.util=ALL-UNNAMED --add-opens=java.prefs/java.util.prefs=ALL-UNNAMED --add-opens=java.base/java.nio.charset=ALL-UNNAMED --add-opens=java.base/java.net=ALL-UNNAMED --add-opens=java.base/java.util.concurrent.atomic=ALL-UNNAMED --add-opens=java.xml/javax.xml.namespace=ALL-UNNAMED -XX:MaxMetaspaceSize=384m -XX:+HeapDumpOnOutOfMemoryError -Xms256m -Xmx512m -Dfile.encoding=UTF-8 -Duser.country=IN -Duser.language=en -Duser.variant -javaagent:C:\Users\croha\.gradle\wrapper\dists\gradle-8.12.1-bin\eumc4uhoysa37zql93vfjkxy0\gradle-8.12.1\lib\agents\gradle-instrumentation-agent-8.12.1.jar org.gradle.launcher.daemon.bootstrap.GradleDaemon 8.12.1

Host: Intel(R) Core(TM) i5-9300H CPU @ 2.40GHz, 8 cores, 15G,  Windows 11 , 64 bit Build 26100 (10.0.26100.7019)
Time: Wed Nov 12 15:51:02 2025 Eastern Standard Time elapsed time: 208.250469 seconds (0d 0h 3m 28s)

---------------  T H R E A D  ---------------

Current thread (0x0000014583c7e800):  JavaThread "C2 CompilerThread0" daemon [_thread_in_native, id=31296, stack(0x0000001727c00000,0x0000001727d00000)]


Current CompileTask:
C2: 208250 9302 %     4       groovy.lang.MetaClassImpl::inheritInterfaceNewMetaMethods @ 100 (195 bytes)

Stack: [0x0000001727c00000,0x0000001727d00000],  sp=0x0000001727cfbe90,  free space=1007k
Native frames: (J=compiled Java code, j=interpreted, Vv=VM code, C=native code)
V  [jvm.dll+0x1157f6]
V  [jvm.dll+0x1154c8]
V  [jvm.dll+0x20f2ce]
V  [jvm.dll+0x20e2ed]
V  [jvm.dll+0x18b581]
V  [jvm.dll+0x21e944]
V  [jvm.dll+0x21cc6c]
V  [jvm.dll+0x75f381]
V  [jvm.dll+0x757ca4]
V  [jvm.dll+0x657715]
C  [ucrtbase.dll+0x37b0]
C  [KERNEL32.DLL+0x2e8d7]
C  [ntdll.dll+0x8c53c]


siginfo: EXCEPTION_ACCESS_VIOLATION (0xc0000005), reading address 0x00007ffd1b594b10


Register to memory mapping:

RIP=0x00007fff1ae857f6 jvm.dll
RAX=0x00007ffd1b594af0 is an unknown value
RBX=0x0 is NULL
RCX=0x000001458aa64a00 points into unknown readable memory: 0x00007ffd1b594af0 | f0 4a 59 1b fd 7f 00 00
RDX=0x000000000000087e is an unknown value
RSP=0x0000001727cfbe90 is pointing into the stack for thread: 0x0000014583c7e800
RBP=0x000001458aa643e8 points into unknown readable memory: 0x00007fff1b594af0 | f0 4a 59 1b ff 7f 00 00
RSI=0x0000000000000047 is an unknown value
RDI=0x000001458aa64a00 points into unknown readable memory: 0x00007ffd1b594af0 | f0 4a 59 1b fd 7f 00 00
R8 =0x0000000000000810 is an unknown value
R9 =0x0000000000000800 is an unknown value
R10=0x00007fff90310000 VCRUNTIME140.dll
R11=0x0 is NULL
R12=0x0000014583c2e310 points into unknown readable memory: 0x0000000000000000 | 00 00 00 00 00 00 00 00
R13=0x0000001727cfc070 is pointing into the stack for thread: 0x0000014583c7e800
R14=0x00000145897e2378 points into unknown readable memory: 0x00007fff1b5fc548 | 48 c5 5f 1b ff 7f 00 00
R15=0x0000000000000010 is an unknown value


Registers:
RAX=0x00007ffd1b594af0, RBX=0x0000000000000000, RCX=0x000001458aa64a00, RDX=0x000000000000087e
RSP=0x0000001727cfbe90, RBP=0x000001458aa643e8, RSI=0x0000000000000047, RDI=0x000001458aa64a00
R8 =0x0000000000000810, R9 =0x0000000000000800, R10=0x00007fff90310000, R11=0x0000000000000000
R12=0x0000014583c2e310, R13=0x0000001727cfc070, R14=0x00000145897e2378, R15=0x0000000000000010
RIP=0x00007fff1ae857f6, EFLAGS=0x0000000000010202

Top of Stack: (sp=0x0000001727cfbe90)
0x0000001727cfbe90:   0000001727cfe848 0000000000000001
0x0000001727cfbea0:   000001458a4802e0 000001458aa64838
0x0000001727cfbeb0:   0000001727cfc2a0 0000000000000001
0x0000001727cfbec0:   000001458d8009b0 000001458d816490
0x0000001727cfbed0:   000001458d800390 0000014583c34f10
0x0000001727cfbee0:   00007fff1b661f30 0000014583c34f10
0x0000001727cfbef0:   0000014500000200 000001458c198e90
0x0000001727cfbf00:   000001458c1b1910 0000001727cfc2a0
0x0000001727cfbf10:   000001458c1b8e38 0000001727cfc070
0x0000001727cfbf20:   000001458a2d5930 00007fff1ae854c8
0x0000001727cfbf30:   000001450000087e 000001458c1b0e50
0x0000001727cfbf40:   0000014583c34f10 0000014583c2e310
0x0000001727cfbf50:   0000000000000000 0000001727cfe660
0x0000001727cfbf60:   0000000000000010 00007fff1b5d6e10
0x0000001727cfbf70:   0000014583c2e318 00007fff1af7f2ce
0x0000001727cfbf80:   0000000000247b60 0000001727cfe660 

Instructions: (pc=0x00007fff1ae857f6)
0x00007fff1ae857d6:   b0 00 00 00 4c 89 b4 24 b8 00 00 00 8b 70 08 4c
0x00007fff1ae857e6:   8b 30 49 8b 46 08 48 8b 3c f0 48 8b cf 48 8b 07
0x00007fff1ae857f6:   ff 50 20 48 8b e8 48 85 c0 0f 85 e9 00 00 00 49
0x00007fff1ae85806:   8b 8d 98 00 00 00 e8 7f 1b 52 00 48 8b e8 4c 8b 


Stack slot to memory mapping:
stack at sp + 0 slots: 0x0000001727cfe848 is pointing into the stack for thread: 0x0000014583c7e800
stack at sp + 1 slots: 0x0000000000000001 is an unknown value
stack at sp + 2 slots: 0x000001458a4802e0 points into unknown readable memory: 0x00007fff1b5d7ae0 | e0 7a 5d 1b ff 7f 00 00
stack at sp + 3 slots: 0x000001458aa64838 points into unknown readable memory: 0x00007fff1b5d36d8 | d8 36 5d 1b ff 7f 00 00
stack at sp + 4 slots: 0x0000001727cfc2a0 is pointing into the stack for thread: 0x0000014583c7e800
stack at sp + 5 slots: 0x0000000000000001 is an unknown value
stack at sp + 6 slots: 0x000001458d8009b0 points into unknown readable memory: 0x00000145897e2378 | 78 23 7e 89 45 01 00 00
stack at sp + 7 slots: 0x000001458d816490 points into unknown readable memory: 0x0000000000000000 | 00 00 00 00 00 00 00 00


---------------  P R O C E S S  ---------------

Threads class SMR info:
_java_thread_list=0x000001458f9cc640, length=83, elements={
0x00000145e6d02000, 0x0000014583416800, 0x0000014583419000, 0x0000014583c79800,
0x0000014583c7a800, 0x0000014583c7b800, 0x0000014583c7e800, 0x0000014583c8f800,
0x0000014583c93000, 0x0000014583de3000, 0x0000014586383800, 0x0000014586426000,
0x0000014586636000, 0x000001458501d000, 0x000001458501c000, 0x000001458501b000,
0x0000014589852800, 0x0000014589858000, 0x0000014589856800, 0x0000014589857800,
0x000001458985b800, 0x000001458985d000, 0x000001458cc24000, 0x000001458cc23000,
0x000001458cc26800, 0x000001458cc25800, 0x000001458cc29000, 0x0000014588a4f000,
0x0000014588a4e000, 0x0000014588a53000, 0x0000014588a52000, 0x0000014588a51000,
0x0000014588a50800, 0x0000014588a55800, 0x0000014588a56000, 0x0000014588a53800,
0x0000014588a54800, 0x0000014588a58000, 0x0000014588a58800, 0x0000014588a59800,
0x0000014588a57000, 0x0000014588a5b000, 0x000001458a19e800, 0x0000014588a5c000,
0x0000014588a5c800, 0x0000014588a5a000, 0x000001458cc1d800, 0x000001458cc1b000,
0x000001458cc1e800, 0x000001458cc1c000, 0x000001458cc1f000, 0x000001458cc1c800,
0x000001458cc21800, 0x000001458cc22800, 0x000001458a19c800, 0x000001458cc20000,
0x000001458cc20800, 0x000001458cc27000, 0x000001458cc25000, 0x000001458cc29800,
0x000001458cc28000, 0x0000014589853000, 0x0000014589855000, 0x0000014589854000,
0x0000014589859800, 0x0000014589861000, 0x000001458985f800, 0x0000014589860800,
0x000001458985e800, 0x000001458501d800, 0x000001458ec71000, 0x000001458ec71800,
0x000001458ec6f000, 0x000001458ec70000, 0x000001458ec73800, 0x000001458ec75000,
0x000001458ec74000, 0x000001458ec72800, 0x000001458ec78000, 0x000001458ec76000,
0x000001458ec77800, 0x000001458ec79000, 0x000001458ec76800
}

Java Threads: ( => current thread )
  0x00000145e6d02000 JavaThread "main" [_thread_blocked, id=31248, stack(0x0000001727000000,0x0000001727100000)]
  0x0000014583416800 JavaThread "Reference Handler" daemon [_thread_blocked, id=31276, stack(0x0000001727700000,0x0000001727800000)]
  0x0000014583419000 JavaThread "Finalizer" daemon [_thread_blocked, id=31280, stack(0x0000001727800000,0x0000001727900000)]
  0x0000014583c79800 JavaThread "Signal Dispatcher" daemon [_thread_blocked, id=31284, stack(0x0000001727900000,0x0000001727a00000)]
  0x0000014583c7a800 JavaThread "Attach Listener" daemon [_thread_blocked, id=31288, stack(0x0000001727a00000,0x0000001727b00000)]
  0x0000014583c7b800 JavaThread "Service Thread" daemon [_thread_blocked, id=31292, stack(0x0000001727b00000,0x0000001727c00000)]
=>0x0000014583c7e800 JavaThread "C2 CompilerThread0" daemon [_thread_in_native, id=31296, stack(0x0000001727c00000,0x0000001727d00000)]
  0x0000014583c8f800 JavaThread "C1 CompilerThread0" daemon [_thread_blocked, id=31300, stack(0x0000001727d00000,0x0000001727e00000)]
  0x0000014583c93000 JavaThread "Sweeper thread" daemon [_thread_blocked, id=31304, stack(0x0000001727e00000,0x0000001727f00000)]
  0x0000014583de3000 JavaThread "Common-Cleaner" daemon [_thread_blocked, id=31320, stack(0x0000001727f00000,0x0000001728000000)]
  0x0000014586383800 JavaThread "Daemon health stats" [_thread_blocked, id=30652, stack(0x0000001728600000,0x0000001728700000)]
  0x0000014586426000 JavaThread "Incoming local TCP Connector on port 10868" [_thread_in_native, id=31588, stack(0x0000001728700000,0x0000001728800000)]
  0x0000014586636000 JavaThread "Daemon periodic checks" [_thread_blocked, id=30820, stack(0x0000001728800000,0x0000001728900000)]
  0x000001458501d000 JavaThread "Cache worker for journal cache (C:\Users\croha\.gradle\caches\journal-1)" [_thread_blocked, id=30744, stack(0x0000001729300000,0x0000001729400000)]
  0x000001458501c000 JavaThread "File lock request listener" [_thread_in_native, id=30664, stack(0x0000001729400000,0x0000001729500000)]
  0x000001458501b000 JavaThread "Cache worker for file hash cache (C:\Users\croha\.gradle\caches\8.12.1\fileHashes)" [_thread_blocked, id=8428, stack(0x0000001729500000,0x0000001729600000)]
  0x0000014589852800 JavaThread "File watcher server" daemon [_thread_in_native, id=31168, stack(0x0000001729c00000,0x0000001729d00000)]
  0x0000014589858000 JavaThread "File watcher consumer" daemon [_thread_blocked, id=31432, stack(0x0000001729d00000,0x0000001729e00000)]
  0x0000014589856800 JavaThread "jar transforms" [_thread_blocked, id=28440, stack(0x0000001729800000,0x0000001729900000)]
  0x0000014589857800 JavaThread "jar transforms Thread 2" [_thread_blocked, id=15376, stack(0x0000001729e00000,0x0000001729f00000)]
  0x000001458985b800 JavaThread "Cache worker for file content cache (C:\Users\croha\.gradle\caches\8.12.1\fileContent)" [_thread_blocked, id=31116, stack(0x000000172a100000,0x000000172a200000)]
  0x000001458985d000 JavaThread "jar transforms Thread 3" [_thread_blocked, id=31660, stack(0x0000001729700000,0x0000001729800000)]
  0x000001458cc24000 JavaThread "jar transforms Thread 4" [_thread_blocked, id=19532, stack(0x000000172ae00000,0x000000172af00000)]
  0x000001458cc23000 JavaThread "jar transforms Thread 5" [_thread_blocked, id=23748, stack(0x000000172af00000,0x000000172b000000)]
  0x000001458cc26800 JavaThread "jar transforms Thread 6" [_thread_blocked, id=30268, stack(0x000000172b500000,0x000000172b600000)]
  0x000001458cc25800 JavaThread "jar transforms Thread 7" [_thread_blocked, id=12460, stack(0x000000172b600000,0x000000172b700000)]
  0x000001458cc29000 JavaThread "jar transforms Thread 8" [_thread_blocked, id=30348, stack(0x000000172b700000,0x000000172b800000)]
  0x0000014588a4f000 JavaThread "Memory manager" [_thread_blocked, id=31688, stack(0x000000172bd00000,0x000000172be00000)]
  0x0000014588a4e000 JavaThread "Daemon Thread 2" [_thread_blocked, id=24524, stack(0x0000001726e00000,0x0000001726f00000)]
  0x0000014588a53000 JavaThread "Daemon Thread 3" [_thread_blocked, id=30648, stack(0x0000001728900000,0x0000001728a00000)]
  0x0000014588a52000 JavaThread "Handler for socket connection from /127.0.0.1:10868 to /127.0.0.1:10494" [_thread_in_native, id=31012, stack(0x0000001728a00000,0x0000001728b00000)]
  0x0000014588a51000 JavaThread "Cancel handler" [_thread_blocked, id=1936, stack(0x0000001726f00000,0x0000001727000000)]
  0x0000014588a50800 JavaThread "Daemon worker Thread 2" [_thread_blocked, id=10456, stack(0x0000001728b00000,0x0000001728c00000)]
  0x0000014588a55800 JavaThread "Asynchronous log dispatcher for DefaultDaemonConnection: socket connection from /127.0.0.1:10868 to /127.0.0.1:10494" [_thread_blocked, id=26516, stack(0x0000001728c00000,0x0000001728d00000)]
  0x0000014588a56000 JavaThread "Stdin handler" [_thread_blocked, id=31356, stack(0x0000001728d00000,0x0000001728e00000)]
  0x0000014588a53800 JavaThread "Daemon client event forwarder" [_thread_blocked, id=30188, stack(0x0000001728e00000,0x0000001728f00000)]
  0x0000014588a54800 JavaThread "Problems report writer" [_thread_blocked, id=30532, stack(0x0000001728f00000,0x0000001729000000)]
  0x0000014588a58000 JavaThread "Cache worker for file hash cache (C:\Users\croha\Documents\FALL 25\PDP Lab\f25-hw4-calendar-1-group-TeamPseudo\.gradle\8.12.1\fileHashes)" [_thread_blocked, id=30296, stack(0x0000001729600000,0x0000001729700000)]
  0x0000014588a58800 JavaThread "Cache worker for Build Output Cleanup Cache (C:\Users\croha\Documents\FALL 25\PDP Lab\f25-hw4-calendar-1-group-TeamPseudo\.gradle\buildOutputCleanup)" [_thread_blocked, id=21772, stack(0x0000001729900000,0x0000001729a00000)]
  0x0000014588a59800 JavaThread "Cache worker for checksums cache (C:\Users\croha\Documents\FALL 25\PDP Lab\f25-hw4-calendar-1-group-TeamPseudo\.gradle\8.12.1\checksums)" [_thread_blocked, id=23068, stack(0x0000001729a00000,0x0000001729b00000)]
  0x0000014588a57000 JavaThread "Cache worker for cache directory md-rule (C:\Users\croha\.gradle\caches\8.12.1\md-rule)" [_thread_blocked, id=30072, stack(0x0000001729b00000,0x0000001729c00000)]
  0x0000014588a5b000 JavaThread "Cache worker for cache directory md-supplier (C:\Users\croha\.gradle\caches\8.12.1\md-supplier)" [_thread_blocked, id=23316, stack(0x0000001729f00000,0x000000172a000000)]
  0x000001458a19e800 JavaThread "C2 CompilerThread1" daemon [_thread_in_native, id=30456, stack(0x000000172a000000,0x000000172a100000)]
  0x0000014588a5c000 JavaThread "Unconstrained build operations" [_thread_blocked, id=29864, stack(0x000000172a200000,0x000000172a300000)]
  0x0000014588a5c800 JavaThread "Unconstrained build operations Thread 2" [_thread_blocked, id=27736, stack(0x000000172a300000,0x000000172a400000)]
  0x0000014588a5a000 JavaThread "Unconstrained build operations Thread 3" [_thread_blocked, id=3992, stack(0x000000172a400000,0x000000172a500000)]
  0x000001458cc1d800 JavaThread "Unconstrained build operations Thread 4" [_thread_blocked, id=22820, stack(0x000000172a500000,0x000000172a600000)]
  0x000001458cc1b000 JavaThread "Unconstrained build operations Thread 5" [_thread_blocked, id=25040, stack(0x000000172a600000,0x000000172a700000)]
  0x000001458cc1e800 JavaThread "Unconstrained build operations Thread 6" [_thread_blocked, id=19944, stack(0x000000172a700000,0x000000172a800000)]
  0x000001458cc1c000 JavaThread "Unconstrained build operations Thread 7" [_thread_blocked, id=29960, stack(0x000000172a800000,0x000000172a900000)]
  0x000001458cc1f000 JavaThread "Unconstrained build operations Thread 8" [_thread_blocked, id=25692, stack(0x000000172a900000,0x000000172aa00000)]
  0x000001458cc1c800 JavaThread "Unconstrained build operations Thread 9" [_thread_blocked, id=4776, stack(0x000000172aa00000,0x000000172ab00000)]
  0x000001458cc21800 JavaThread "Unconstrained build operations Thread 10" [_thread_blocked, id=29768, stack(0x000000172ab00000,0x000000172ac00000)]
  0x000001458cc22800 JavaThread "Unconstrained build operations Thread 11" [_thread_blocked, id=18524, stack(0x000000172ac00000,0x000000172ad00000)]
  0x000001458a19c800 JavaThread "C2 CompilerThread2" daemon [_thread_in_native, id=12184, stack(0x000000172ad00000,0x000000172ae00000)]
  0x000001458cc20000 JavaThread "Unconstrained build operations Thread 12" [_thread_blocked, id=30992, stack(0x000000172b000000,0x000000172b100000)]
  0x000001458cc20800 JavaThread "included builds" [_thread_blocked, id=1768, stack(0x000000172b100000,0x000000172b200000)]
  0x000001458cc27000 JavaThread "Execution worker" [_thread_blocked, id=9340, stack(0x000000172b200000,0x000000172b300000)]
  0x000001458cc25000 JavaThread "Execution worker Thread 2" [_thread_blocked, id=27632, stack(0x000000172b300000,0x000000172b400000)]
  0x000001458cc29800 JavaThread "Execution worker Thread 3" [_thread_blocked, id=30384, stack(0x000000172b400000,0x000000172b500000)]
  0x000001458cc28000 JavaThread "Execution worker Thread 4" [_thread_blocked, id=30924, stack(0x000000172b900000,0x000000172ba00000)]
  0x0000014589853000 JavaThread "Execution worker Thread 5" [_thread_blocked, id=27696, stack(0x000000172ba00000,0x000000172bb00000)]
  0x0000014589855000 JavaThread "Execution worker Thread 6" [_thread_blocked, id=24052, stack(0x000000172bb00000,0x000000172bc00000)]
  0x0000014589854000 JavaThread "Execution worker Thread 7" [_thread_blocked, id=1120, stack(0x000000172bc00000,0x000000172bd00000)]
  0x0000014589859800 JavaThread "Cache worker for execution history cache (C:\Users\croha\Documents\FALL 25\PDP Lab\f25-hw4-calendar-1-group-TeamPseudo\.gradle\8.12.1\executionHistory)" [_thread_blocked, id=25860, stack(0x000000172be00000,0x000000172bf00000)]
  0x0000014589861000 JavaThread "Unconstrained build operations Thread 13" [_thread_blocked, id=14396, stack(0x000000172bf00000,0x000000172c000000)]
  0x000001458985f800 JavaThread "Unconstrained build operations Thread 14" [_thread_blocked, id=31312, stack(0x000000172c000000,0x000000172c100000)]
  0x0000014589860800 JavaThread "Unconstrained build operations Thread 15" [_thread_blocked, id=30552, stack(0x000000172c100000,0x000000172c200000)]
  0x000001458985e800 JavaThread "Unconstrained build operations Thread 16" [_thread_blocked, id=18952, stack(0x000000172c200000,0x000000172c300000)]
  0x000001458501d800 JavaThread "Unconstrained build operations Thread 17" [_thread_blocked, id=6564, stack(0x000000172c300000,0x000000172c400000)]
  0x000001458ec71000 JavaThread "Unconstrained build operations Thread 18" [_thread_blocked, id=31656, stack(0x000000172c400000,0x000000172c500000)]
  0x000001458ec71800 JavaThread "Unconstrained build operations Thread 19" [_thread_blocked, id=13648, stack(0x000000172c500000,0x000000172c600000)]
  0x000001458ec6f000 JavaThread "Cache worker for Java compile cache (C:\Users\croha\.gradle\caches\8.12.1\javaCompile)" [_thread_blocked, id=30436, stack(0x000000172c600000,0x000000172c700000)]
  0x000001458ec70000 JavaThread "Build operations" [_thread_blocked, id=16404, stack(0x000000172c700000,0x000000172c800000)]
  0x000001458ec73800 JavaThread "Build operations Thread 2" [_thread_blocked, id=24268, stack(0x000000172c800000,0x000000172c900000)]
  0x000001458ec75000 JavaThread "Build operations Thread 3" [_thread_blocked, id=31172, stack(0x000000172c900000,0x000000172ca00000)]
  0x000001458ec74000 JavaThread "Build operations Thread 4" [_thread_blocked, id=19684, stack(0x000000172ca00000,0x000000172cb00000)]
  0x000001458ec72800 JavaThread "Build operations Thread 5" [_thread_blocked, id=30208, stack(0x000000172cb00000,0x000000172cc00000)]
  0x000001458ec78000 JavaThread "Build operations Thread 6" [_thread_blocked, id=23116, stack(0x000000172cc00000,0x000000172cd00000)]
  0x000001458ec76000 JavaThread "Build operations Thread 7" [_thread_blocked, id=8168, stack(0x000000172cd00000,0x000000172ce00000)]
  0x000001458ec77800 JavaThread "Unconstrained build operations Thread 20" [_thread_blocked, id=16600, stack(0x000000172ce00000,0x000000172cf00000)]
  0x000001458ec79000 JavaThread "Dispatch org.gradle.api.internal.tasks.testing.results.AttachParentTestResultProcessor@4a88b43c" [_thread_blocked, id=4312, stack(0x000000172cf00000,0x000000172d000000)]
  0x000001458ec76800 JavaThread "Dispatch org.gradle.api.internal.tasks.testing.processors.RestartEveryNTestClassProcessor@3f0a9492" [_thread_in_vm, id=23220, stack(0x000000172d000000,0x000000172d100000)]

Other Threads:
  0x0000014583414800 VMThread "VM Thread" [stack: 0x0000001727600000,0x0000001727700000] [id=31272]
  0x0000014584019000 WatcherThread [stack: 0x0000001728100000,0x0000001728200000] [id=31400]
  0x00000145e6d17800 GCTaskThread "GC Thread#0" [stack: 0x0000001727100000,0x0000001727200000] [id=31252]
  0x0000014583e1a000 GCTaskThread "GC Thread#1" [stack: 0x0000001728000000,0x0000001728100000] [id=27072]
  0x00000145841f2000 GCTaskThread "GC Thread#2" [stack: 0x0000001728200000,0x0000001728300000] [id=8784]
  0x000001458479d800 GCTaskThread "GC Thread#3" [stack: 0x0000001728300000,0x0000001728400000] [id=8584]
  0x0000014584743800 GCTaskThread "GC Thread#4" [stack: 0x0000001728400000,0x0000001728500000] [id=30684]
  0x000001458484e800 GCTaskThread "GC Thread#5" [stack: 0x0000001728500000,0x0000001728600000] [id=30440]
  0x000001458619f800 GCTaskThread "GC Thread#6" [stack: 0x0000001729000000,0x0000001729100000] [id=31340]
  0x000001458587d800 GCTaskThread "GC Thread#7" [stack: 0x0000001729100000,0x0000001729200000] [id=19464]
  0x00000145e6d2d000 ConcurrentGCThread "G1 Main Marker" [stack: 0x0000001727200000,0x0000001727300000] [id=31256]
  0x00000145e6d34000 ConcurrentGCThread "G1 Conc#0" [stack: 0x0000001727300000,0x0000001727400000] [id=31260]
  0x0000014585c94000 ConcurrentGCThread "G1 Conc#1" [stack: 0x0000001729200000,0x0000001729300000] [id=30300]
  0x00000145e6dce800 ConcurrentGCThread "G1 Refine#0" [stack: 0x0000001727400000,0x0000001727500000] [id=31264]
  0x000001458bba2800 ConcurrentGCThread "G1 Refine#1" [stack: 0x000000172b800000,0x000000172b900000] [id=23448]
  0x0000014583284800 ConcurrentGCThread "G1 Young RemSet Sampling" [stack: 0x0000001727500000,0x0000001727600000] [id=31268]

Threads with active compile tasks:
C2 CompilerThread0   208338 9302 %     4       groovy.lang.MetaClassImpl::inheritInterfaceNewMetaMethods @ 100 (195 bytes)
C2 CompilerThread1   208338 9309       4       java.beans.Introspector::addMethod (196 bytes)
C2 CompilerThread2   208338 9290       4       java.lang.reflect.AccessibleObject::checkCanSetAccessible (386 bytes)

VM state:not at safepoint (normal execution)

VM Mutex/Monitor currently owned by a thread: None

Heap address: 0x00000000e0000000, size: 512 MB, Compressed Oops mode: 32-bit
Narrow klass base: 0x0000000000000000, Narrow klass shift: 3
Compressed class space size: 394264576 Address: 0x0000000100000000

Heap:
 garbage-first heap   total 262144K, used 86610K [0x00000000e0000000, 0x0000000100000000)
  region size 1024K, 41 young (41984K), 19 survivors (19456K)
 Metaspace       used 85570K, capacity 89295K, committed 89552K, reserved 462848K
  class space    used 11406K, capacity 12819K, committed 12928K, reserved 385024K
Heap Regions: E=young(eden), S=young(survivor), O=old, HS=humongous(starts), HC=humongous(continues), CS=collection set, F=free, A=archive, TAMS=top-at-mark-start (previous, next)
|   0|0x00000000e0000000, 0x00000000e0100000, 0x00000000e0100000|100%| O|  |TAMS 0x00000000e0100000, 0x00000000e0000000| Untracked 
|   1|0x00000000e0100000, 0x00000000e0200000, 0x00000000e0200000|100%| O|  |TAMS 0x00000000e0200000, 0x00000000e0100000| Untracked 
|   2|0x00000000e0200000, 0x00000000e0300000, 0x00000000e0300000|100%|HS|  |TAMS 0x00000000e0300000, 0x00000000e0200000| Complete 
|   3|0x00000000e0300000, 0x00000000e0400000, 0x00000000e0400000|100%|HC|  |TAMS 0x00000000e0400000, 0x00000000e0300000| Complete 
|   4|0x00000000e0400000, 0x00000000e0500000, 0x00000000e0500000|100%|HC|  |TAMS 0x00000000e0500000, 0x00000000e0400000| Complete 
|   5|0x00000000e0500000, 0x00000000e0600000, 0x00000000e0600000|100%|HS|  |TAMS 0x00000000e0600000, 0x00000000e0500000| Complete 
|   6|0x00000000e0600000, 0x00000000e0700000, 0x00000000e0700000|100%| O|  |TAMS 0x00000000e0700000, 0x00000000e0600000| Untracked 
|   7|0x00000000e0700000, 0x00000000e0800000, 0x00000000e0800000|100%| O|  |TAMS 0x00000000e0800000, 0x00000000e0700000| Untracked 
|   8|0x00000000e0800000, 0x00000000e0900000, 0x00000000e0900000|100%| O|  |TAMS 0x00000000e0900000, 0x00000000e0800000| Untracked 
|   9|0x00000000e0900000, 0x00000000e0a00000, 0x00000000e0a00000|100%| O|  |TAMS 0x00000000e0a00000, 0x00000000e0900000| Untracked 
|  10|0x00000000e0a00000, 0x00000000e0b00000, 0x00000000e0b00000|100%| O|  |TAMS 0x00000000e0b00000, 0x00000000e0a00000| Untracked 
|  11|0x00000000e0b00000, 0x00000000e0c00000, 0x00000000e0c00000|100%| O|  |TAMS 0x00000000e0c00000, 0x00000000e0b00000| Untracked 
|  12|0x00000000e0c00000, 0x00000000e0d00000, 0x00000000e0d00000|100%| O|  |TAMS 0x00000000e0d00000, 0x00000000e0c00000| Untracked 
|  13|0x00000000e0d00000, 0x00000000e0e00000, 0x00000000e0e00000|100%| O|  |TAMS 0x00000000e0e00000, 0x00000000e0d00000| Untracked 
|  14|0x00000000e0e00000, 0x00000000e0f00000, 0x00000000e0f00000|100%| O|  |TAMS 0x00000000e0f00000, 0x00000000e0e00000| Untracked 
|  15|0x00000000e0f00000, 0x00000000e1000000, 0x00000000e1000000|100%| O|  |TAMS 0x00000000e1000000, 0x00000000e0f00000| Untracked 
|  16|0x00000000e1000000, 0x00000000e1100000, 0x00000000e1100000|100%| O|  |TAMS 0x00000000e1100000, 0x00000000e1000000| Untracked 
|  17|0x00000000e1100000, 0x00000000e1200000, 0x00000000e1200000|100%| O|  |TAMS 0x00000000e1200000, 0x00000000e1100000| Untracked 
|  18|0x00000000e1200000, 0x00000000e1300000, 0x00000000e1300000|100%| O|  |TAMS 0x00000000e1300000, 0x00000000e1200000| Untracked 
|  19|0x00000000e1300000, 0x00000000e1400000, 0x00000000e1400000|100%|HS|  |TAMS 0x00000000e1400000, 0x00000000e1300000| Complete 
|  20|0x00000000e1400000, 0x00000000e1500000, 0x00000000e1500000|100%|HC|  |TAMS 0x00000000e1500000, 0x00000000e1400000| Complete 
|  21|0x00000000e1500000, 0x00000000e1600000, 0x00000000e1600000|100%| O|  |TAMS 0x00000000e1600000, 0x00000000e1500000| Untracked 
|  22|0x00000000e1600000, 0x00000000e1700000, 0x00000000e1700000|100%| O|  |TAMS 0x00000000e1700000, 0x00000000e1600000| Untracked 
|  23|0x00000000e1700000, 0x00000000e1800000, 0x00000000e1800000|100%| O|  |TAMS 0x00000000e1800000, 0x00000000e1700000| Untracked 
|  24|0x00000000e1800000, 0x00000000e1900000, 0x00000000e1900000|100%| O|  |TAMS 0x00000000e1900000, 0x00000000e1800000| Untracked 
|  25|0x00000000e1900000, 0x00000000e1a00000, 0x00000000e1a00000|100%| O|  |TAMS 0x00000000e1a00000, 0x00000000e1900000| Untracked 
|  26|0x00000000e1a00000, 0x00000000e1b00000, 0x00000000e1b00000|100%| O|  |TAMS 0x00000000e1b00000, 0x00000000e1a00000| Untracked 
|  27|0x00000000e1b00000, 0x00000000e1c00000, 0x00000000e1c00000|100%| O|  |TAMS 0x00000000e1c00000, 0x00000000e1b00000| Untracked 
|  28|0x00000000e1c00000, 0x00000000e1d00000, 0x00000000e1d00000|100%| O|  |TAMS 0x00000000e1d00000, 0x00000000e1c00000| Untracked 
|  29|0x00000000e1d00000, 0x00000000e1e00000, 0x00000000e1e00000|100%| O|  |TAMS 0x00000000e1e00000, 0x00000000e1d00000| Untracked 
|  30|0x00000000e1e00000, 0x00000000e1f00000, 0x00000000e1f00000|100%| O|  |TAMS 0x00000000e1f00000, 0x00000000e1e00000| Untracked 
|  31|0x00000000e1f00000, 0x00000000e2000000, 0x00000000e2000000|100%| O|  |TAMS 0x00000000e2000000, 0x00000000e1f00000| Untracked 
|  32|0x00000000e2000000, 0x00000000e2100000, 0x00000000e2100000|100%| O|  |TAMS 0x00000000e204ae08, 0x00000000e2000000| Untracked 
|  33|0x00000000e2100000, 0x00000000e2200000, 0x00000000e2200000|100%| O|  |TAMS 0x00000000e2100000, 0x00000000e2100000| Untracked 
|  34|0x00000000e2200000, 0x00000000e2300000, 0x00000000e2300000|100%| O|  |TAMS 0x00000000e2200000, 0x00000000e2200000| Untracked 
|  35|0x00000000e2300000, 0x00000000e2400000, 0x00000000e2400000|100%| O|  |TAMS 0x00000000e2300000, 0x00000000e2300000| Untracked 
|  36|0x00000000e2400000, 0x00000000e2500000, 0x00000000e2500000|100%| O|  |TAMS 0x00000000e2400000, 0x00000000e2400000| Untracked 
|  37|0x00000000e2500000, 0x00000000e2600000, 0x00000000e2600000|100%| O|  |TAMS 0x00000000e2500000, 0x00000000e2500000| Untracked 
|  38|0x00000000e2600000, 0x00000000e2700000, 0x00000000e2700000|100%| O|  |TAMS 0x00000000e2600000, 0x00000000e2600000| Untracked 
|  39|0x00000000e2700000, 0x00000000e2800000, 0x00000000e2800000|100%| O|  |TAMS 0x00000000e2700000, 0x00000000e2700000| Untracked 
|  40|0x00000000e2800000, 0x00000000e2900000, 0x00000000e2900000|100%| O|  |TAMS 0x00000000e2800000, 0x00000000e2800000| Untracked 
|  41|0x00000000e2900000, 0x00000000e2a00000, 0x00000000e2a00000|100%| O|  |TAMS 0x00000000e2900000, 0x00000000e2900000| Untracked 
|  42|0x00000000e2a00000, 0x00000000e2b00000, 0x00000000e2b00000|100%| O|  |TAMS 0x00000000e2a00000, 0x00000000e2a00000| Untracked 
|  43|0x00000000e2b00000, 0x00000000e2c00000, 0x00000000e2c00000|100%| O|  |TAMS 0x00000000e2b00000, 0x00000000e2b00000| Untracked 
|  44|0x00000000e2c00000, 0x00000000e2d00000, 0x00000000e2d00000|100%| O|  |TAMS 0x00000000e2c00000, 0x00000000e2c00000| Untracked 
|  45|0x00000000e2d00000, 0x00000000e2d34e00, 0x00000000e2e00000| 20%| O|  |TAMS 0x00000000e2d00000, 0x00000000e2d00000| Untracked 
|  46|0x00000000e2e00000, 0x00000000e2e00000, 0x00000000e2f00000|  0%| F|  |TAMS 0x00000000e2e00000, 0x00000000e2e00000| Untracked 
|  47|0x00000000e2f00000, 0x00000000e2f00000, 0x00000000e3000000|  0%| F|  |TAMS 0x00000000e2f00000, 0x00000000e2f00000| Untracked 
|  48|0x00000000e3000000, 0x00000000e3000000, 0x00000000e3100000|  0%| F|  |TAMS 0x00000000e3000000, 0x00000000e3000000| Untracked 
|  49|0x00000000e3100000, 0x00000000e3100000, 0x00000000e3200000|  0%| F|  |TAMS 0x00000000e3100000, 0x00000000e3100000| Untracked 
|  50|0x00000000e3200000, 0x00000000e3200000, 0x00000000e3300000|  0%| F|  |TAMS 0x00000000e3200000, 0x00000000e3200000| Untracked 
|  51|0x00000000e3300000, 0x00000000e3300000, 0x00000000e3400000|  0%| F|  |TAMS 0x00000000e3300000, 0x00000000e3300000| Untracked 
|  52|0x00000000e3400000, 0x00000000e3400000, 0x00000000e3500000|  0%| F|  |TAMS 0x00000000e3400000, 0x00000000e3400000| Untracked 
|  53|0x00000000e3500000, 0x00000000e3500000, 0x00000000e3600000|  0%| F|  |TAMS 0x00000000e3500000, 0x00000000e3500000| Untracked 
|  54|0x00000000e3600000, 0x00000000e3600000, 0x00000000e3700000|  0%| F|  |TAMS 0x00000000e3600000, 0x00000000e3600000| Untracked 
|  55|0x00000000e3700000, 0x00000000e3700000, 0x00000000e3800000|  0%| F|  |TAMS 0x00000000e3700000, 0x00000000e3700000| Untracked 
|  56|0x00000000e3800000, 0x00000000e3800000, 0x00000000e3900000|  0%| F|  |TAMS 0x00000000e3800000, 0x00000000e3800000| Untracked 
|  57|0x00000000e3900000, 0x00000000e3900000, 0x00000000e3a00000|  0%| F|  |TAMS 0x00000000e3900000, 0x00000000e3900000| Untracked 
|  58|0x00000000e3a00000, 0x00000000e3a00000, 0x00000000e3b00000|  0%| F|  |TAMS 0x00000000e3a00000, 0x00000000e3a00000| Untracked 
|  59|0x00000000e3b00000, 0x00000000e3b00000, 0x00000000e3c00000|  0%| F|  |TAMS 0x00000000e3b00000, 0x00000000e3b00000| Untracked 
|  60|0x00000000e3c00000, 0x00000000e3c00000, 0x00000000e3d00000|  0%| F|  |TAMS 0x00000000e3c00000, 0x00000000e3c00000| Untracked 
|  61|0x00000000e3d00000, 0x00000000e3d00000, 0x00000000e3e00000|  0%| F|  |TAMS 0x00000000e3d00000, 0x00000000e3d00000| Untracked 
|  62|0x00000000e3e00000, 0x00000000e3e00000, 0x00000000e3f00000|  0%| F|  |TAMS 0x00000000e3e00000, 0x00000000e3e00000| Untracked 
|  63|0x00000000e3f00000, 0x00000000e3f00000, 0x00000000e4000000|  0%| F|  |TAMS 0x00000000e3f00000, 0x00000000e3f00000| Untracked 
|  64|0x00000000e4000000, 0x00000000e4000000, 0x00000000e4100000|  0%| F|  |TAMS 0x00000000e4000000, 0x00000000e4000000| Untracked 
|  65|0x00000000e4100000, 0x00000000e4100000, 0x00000000e4200000|  0%| F|  |TAMS 0x00000000e4100000, 0x00000000e4100000| Untracked 
|  66|0x00000000e4200000, 0x00000000e4200000, 0x00000000e4300000|  0%| F|  |TAMS 0x00000000e4200000, 0x00000000e4200000| Untracked 
|  67|0x00000000e4300000, 0x00000000e4300000, 0x00000000e4400000|  0%| F|  |TAMS 0x00000000e4300000, 0x00000000e4300000| Untracked 
|  68|0x00000000e4400000, 0x00000000e4400000, 0x00000000e4500000|  0%| F|  |TAMS 0x00000000e4400000, 0x00000000e4400000| Untracked 
|  69|0x00000000e4500000, 0x00000000e4500000, 0x00000000e4600000|  0%| F|  |TAMS 0x00000000e4500000, 0x00000000e4500000| Untracked 
|  70|0x00000000e4600000, 0x00000000e4600000, 0x00000000e4700000|  0%| F|  |TAMS 0x00000000e4600000, 0x00000000e4600000| Untracked 
|  71|0x00000000e4700000, 0x00000000e4700000, 0x00000000e4800000|  0%| F|  |TAMS 0x00000000e4700000, 0x00000000e4700000| Untracked 
|  72|0x00000000e4800000, 0x00000000e4800000, 0x00000000e4900000|  0%| F|  |TAMS 0x00000000e4800000, 0x00000000e4800000| Untracked 
|  73|0x00000000e4900000, 0x00000000e4900000, 0x00000000e4a00000|  0%| F|  |TAMS 0x00000000e4900000, 0x00000000e4900000| Untracked 
|  74|0x00000000e4a00000, 0x00000000e4a00000, 0x00000000e4b00000|  0%| F|  |TAMS 0x00000000e4a00000, 0x00000000e4a00000| Untracked 
|  75|0x00000000e4b00000, 0x00000000e4b00000, 0x00000000e4c00000|  0%| F|  |TAMS 0x00000000e4b00000, 0x00000000e4b00000| Untracked 
|  76|0x00000000e4c00000, 0x00000000e4c00000, 0x00000000e4d00000|  0%| F|  |TAMS 0x00000000e4c00000, 0x00000000e4c00000| Untracked 
|  77|0x00000000e4d00000, 0x00000000e4d00000, 0x00000000e4e00000|  0%| F|  |TAMS 0x00000000e4d00000, 0x00000000e4d00000| Untracked 
|  78|0x00000000e4e00000, 0x00000000e4e00000, 0x00000000e4f00000|  0%| F|  |TAMS 0x00000000e4e00000, 0x00000000e4e00000| Untracked 
|  79|0x00000000e4f00000, 0x00000000e4f00000, 0x00000000e5000000|  0%| F|  |TAMS 0x00000000e4f00000, 0x00000000e4f00000| Untracked 
|  80|0x00000000e5000000, 0x00000000e5000000, 0x00000000e5100000|  0%| F|  |TAMS 0x00000000e5000000, 0x00000000e5000000| Untracked 
|  81|0x00000000e5100000, 0x00000000e5100000, 0x00000000e5200000|  0%| F|  |TAMS 0x00000000e5100000, 0x00000000e5100000| Untracked 
|  82|0x00000000e5200000, 0x00000000e5200000, 0x00000000e5300000|  0%| F|  |TAMS 0x00000000e5200000, 0x00000000e5200000| Untracked 
|  83|0x00000000e5300000, 0x00000000e5300000, 0x00000000e5400000|  0%| F|  |TAMS 0x00000000e5300000, 0x00000000e5300000| Untracked 
|  84|0x00000000e5400000, 0x00000000e545fdb8, 0x00000000e5500000| 37%| S|CS|TAMS 0x00000000e5400000, 0x00000000e5400000| Complete 
|  85|0x00000000e5500000, 0x00000000e5500000, 0x00000000e5600000|  0%| F|  |TAMS 0x00000000e5500000, 0x00000000e5500000| Untracked 
|  86|0x00000000e5600000, 0x00000000e5600000, 0x00000000e5700000|  0%| F|  |TAMS 0x00000000e5600000, 0x00000000e5600000| Untracked 
|  87|0x00000000e5700000, 0x00000000e5700000, 0x00000000e5800000|  0%| F|  |TAMS 0x00000000e5700000, 0x00000000e5700000| Untracked 
|  88|0x00000000e5800000, 0x00000000e5800000, 0x00000000e5900000|  0%| F|  |TAMS 0x00000000e5800000, 0x00000000e5800000| Untracked 
|  89|0x00000000e5900000, 0x00000000e5a00000, 0x00000000e5a00000|100%| S|CS|TAMS 0x00000000e5900000, 0x00000000e5900000| Complete 
|  90|0x00000000e5a00000, 0x00000000e5b00000, 0x00000000e5b00000|100%| S|CS|TAMS 0x00000000e5a00000, 0x00000000e5a00000| Complete 
|  91|0x00000000e5b00000, 0x00000000e5c00000, 0x00000000e5c00000|100%| S|CS|TAMS 0x00000000e5b00000, 0x00000000e5b00000| Complete 
|  92|0x00000000e5c00000, 0x00000000e5d00000, 0x00000000e5d00000|100%| S|CS|TAMS 0x00000000e5c00000, 0x00000000e5c00000| Complete 
|  93|0x00000000e5d00000, 0x00000000e5e00000, 0x00000000e5e00000|100%| S|CS|TAMS 0x00000000e5d00000, 0x00000000e5d00000| Complete 
|  94|0x00000000e5e00000, 0x00000000e5f00000, 0x00000000e5f00000|100%| S|CS|TAMS 0x00000000e5e00000, 0x00000000e5e00000| Complete 
|  95|0x00000000e5f00000, 0x00000000e6000000, 0x00000000e6000000|100%| S|CS|TAMS 0x00000000e5f00000, 0x00000000e5f00000| Complete 
|  96|0x00000000e6000000, 0x00000000e6100000, 0x00000000e6100000|100%| S|CS|TAMS 0x00000000e6000000, 0x00000000e6000000| Complete 
|  97|0x00000000e6100000, 0x00000000e6200000, 0x00000000e6200000|100%| S|CS|TAMS 0x00000000e6100000, 0x00000000e6100000| Complete 
|  98|0x00000000e6200000, 0x00000000e6300000, 0x00000000e6300000|100%| S|CS|TAMS 0x00000000e6200000, 0x00000000e6200000| Complete 
|  99|0x00000000e6300000, 0x00000000e6400000, 0x00000000e6400000|100%| S|CS|TAMS 0x00000000e6300000, 0x00000000e6300000| Complete 
| 100|0x00000000e6400000, 0x00000000e6500000, 0x00000000e6500000|100%| S|CS|TAMS 0x00000000e6400000, 0x00000000e6400000| Complete 
| 101|0x00000000e6500000, 0x00000000e6600000, 0x00000000e6600000|100%| S|CS|TAMS 0x00000000e6500000, 0x00000000e6500000| Complete 
| 102|0x00000000e6600000, 0x00000000e6700000, 0x00000000e6700000|100%| S|CS|TAMS 0x00000000e6600000, 0x00000000e6600000| Complete 
| 103|0x00000000e6700000, 0x00000000e6700000, 0x00000000e6800000|  0%| F|  |TAMS 0x00000000e6700000, 0x00000000e6700000| Untracked 
| 104|0x00000000e6800000, 0x00000000e6800000, 0x00000000e6900000|  0%| F|  |TAMS 0x00000000e6800000, 0x00000000e6800000| Untracked 
| 105|0x00000000e6900000, 0x00000000e6900000, 0x00000000e6a00000|  0%| F|  |TAMS 0x00000000e6900000, 0x00000000e6900000| Untracked 
| 106|0x00000000e6a00000, 0x00000000e6a00000, 0x00000000e6b00000|  0%| F|  |TAMS 0x00000000e6a00000, 0x00000000e6a00000| Untracked 
| 107|0x00000000e6b00000, 0x00000000e6b00000, 0x00000000e6c00000|  0%| F|  |TAMS 0x00000000e6b00000, 0x00000000e6b00000| Untracked 
| 108|0x00000000e6c00000, 0x00000000e6c00000, 0x00000000e6d00000|  0%| F|  |TAMS 0x00000000e6c00000, 0x00000000e6c00000| Untracked 
| 109|0x00000000e6d00000, 0x00000000e6d00000, 0x00000000e6e00000|  0%| F|  |TAMS 0x00000000e6d00000, 0x00000000e6d00000| Untracked 
| 110|0x00000000e6e00000, 0x00000000e6e00000, 0x00000000e6f00000|  0%| F|  |TAMS 0x00000000e6e00000, 0x00000000e6e00000| Untracked 
| 111|0x00000000e6f00000, 0x00000000e6f00000, 0x00000000e7000000|  0%| F|  |TAMS 0x00000000e6f00000, 0x00000000e6f00000| Untracked 
| 112|0x00000000e7000000, 0x00000000e7000000, 0x00000000e7100000|  0%| F|  |TAMS 0x00000000e7000000, 0x00000000e7000000| Untracked 
| 113|0x00000000e7100000, 0x00000000e7100000, 0x00000000e7200000|  0%| F|  |TAMS 0x00000000e7100000, 0x00000000e7100000| Untracked 
| 114|0x00000000e7200000, 0x00000000e7200000, 0x00000000e7300000|  0%| F|  |TAMS 0x00000000e7200000, 0x00000000e7200000| Untracked 
| 115|0x00000000e7300000, 0x00000000e7300000, 0x00000000e7400000|  0%| F|  |TAMS 0x00000000e7300000, 0x00000000e7300000| Untracked 
| 116|0x00000000e7400000, 0x00000000e7400000, 0x00000000e7500000|  0%| F|  |TAMS 0x00000000e7400000, 0x00000000e7400000| Untracked 
| 117|0x00000000e7500000, 0x00000000e7600000, 0x00000000e7600000|100%| S|CS|TAMS 0x00000000e7500000, 0x00000000e7500000| Complete 
| 118|0x00000000e7600000, 0x00000000e7700000, 0x00000000e7700000|100%| S|CS|TAMS 0x00000000e7600000, 0x00000000e7600000| Complete 
| 119|0x00000000e7700000, 0x00000000e7800000, 0x00000000e7800000|100%| S|CS|TAMS 0x00000000e7700000, 0x00000000e7700000| Complete 
| 120|0x00000000e7800000, 0x00000000e7900000, 0x00000000e7900000|100%| S|CS|TAMS 0x00000000e7800000, 0x00000000e7800000| Complete 
| 121|0x00000000e7900000, 0x00000000e7900000, 0x00000000e7a00000|  0%| F|  |TAMS 0x00000000e7900000, 0x00000000e7900000| Untracked 
| 122|0x00000000e7a00000, 0x00000000e7a00000, 0x00000000e7b00000|  0%| F|  |TAMS 0x00000000e7a00000, 0x00000000e7a00000| Untracked 
| 123|0x00000000e7b00000, 0x00000000e7b00000, 0x00000000e7c00000|  0%| F|  |TAMS 0x00000000e7b00000, 0x00000000e7b00000| Untracked 
| 124|0x00000000e7c00000, 0x00000000e7c00000, 0x00000000e7d00000|  0%| F|  |TAMS 0x00000000e7c00000, 0x00000000e7c00000| Untracked 
| 125|0x00000000e7d00000, 0x00000000e7d00000, 0x00000000e7e00000|  0%| F|  |TAMS 0x00000000e7d00000, 0x00000000e7d00000| Untracked 
| 126|0x00000000e7e00000, 0x00000000e7e00000, 0x00000000e7f00000|  0%| F|  |TAMS 0x00000000e7e00000, 0x00000000e7e00000| Untracked 
| 127|0x00000000e7f00000, 0x00000000e7f00000, 0x00000000e8000000|  0%| F|  |TAMS 0x00000000e7f00000, 0x00000000e7f00000| Untracked 
| 128|0x00000000e8000000, 0x00000000e8000000, 0x00000000e8100000|  0%| F|  |TAMS 0x00000000e8000000, 0x00000000e8000000| Untracked 
| 129|0x00000000e8100000, 0x00000000e8100000, 0x00000000e8200000|  0%| F|  |TAMS 0x00000000e8100000, 0x00000000e8100000| Untracked 
| 130|0x00000000e8200000, 0x00000000e8200000, 0x00000000e8300000|  0%| F|  |TAMS 0x00000000e8200000, 0x00000000e8200000| Untracked 
| 131|0x00000000e8300000, 0x00000000e8300000, 0x00000000e8400000|  0%| F|  |TAMS 0x00000000e8300000, 0x00000000e8300000| Untracked 
| 132|0x00000000e8400000, 0x00000000e8400000, 0x00000000e8500000|  0%| F|  |TAMS 0x00000000e8400000, 0x00000000e8400000| Untracked 
| 133|0x00000000e8500000, 0x00000000e8500000, 0x00000000e8600000|  0%| F|  |TAMS 0x00000000e8500000, 0x00000000e8500000| Untracked 
| 134|0x00000000e8600000, 0x00000000e8600000, 0x00000000e8700000|  0%| F|  |TAMS 0x00000000e8600000, 0x00000000e8600000| Untracked 
| 135|0x00000000e8700000, 0x00000000e8700000, 0x00000000e8800000|  0%| F|  |TAMS 0x00000000e8700000, 0x00000000e8700000| Untracked 
| 136|0x00000000e8800000, 0x00000000e8800000, 0x00000000e8900000|  0%| F|  |TAMS 0x00000000e8800000, 0x00000000e8800000| Untracked 
| 137|0x00000000e8900000, 0x00000000e8900000, 0x00000000e8a00000|  0%| F|  |TAMS 0x00000000e8900000, 0x00000000e8900000| Untracked 
| 138|0x00000000e8a00000, 0x00000000e8a00000, 0x00000000e8b00000|  0%| F|  |TAMS 0x00000000e8a00000, 0x00000000e8a00000| Untracked 
| 139|0x00000000e8b00000, 0x00000000e8b00000, 0x00000000e8c00000|  0%| F|  |TAMS 0x00000000e8b00000, 0x00000000e8b00000| Untracked 
| 140|0x00000000e8c00000, 0x00000000e8c00000, 0x00000000e8d00000|  0%| F|  |TAMS 0x00000000e8c00000, 0x00000000e8c00000| Untracked 
| 141|0x00000000e8d00000, 0x00000000e8d00000, 0x00000000e8e00000|  0%| F|  |TAMS 0x00000000e8d00000, 0x00000000e8d00000| Untracked 
| 142|0x00000000e8e00000, 0x00000000e8e00000, 0x00000000e8f00000|  0%| F|  |TAMS 0x00000000e8e00000, 0x00000000e8e00000| Untracked 
| 143|0x00000000e8f00000, 0x00000000e8f00000, 0x00000000e9000000|  0%| F|  |TAMS 0x00000000e8f00000, 0x00000000e8f00000| Untracked 
| 144|0x00000000e9000000, 0x00000000e9000000, 0x00000000e9100000|  0%| F|  |TAMS 0x00000000e9000000, 0x00000000e9000000| Untracked 
| 145|0x00000000e9100000, 0x00000000e9100000, 0x00000000e9200000|  0%| F|  |TAMS 0x00000000e9100000, 0x00000000e9100000| Untracked 
| 146|0x00000000e9200000, 0x00000000e9200000, 0x00000000e9300000|  0%| F|  |TAMS 0x00000000e9200000, 0x00000000e9200000| Untracked 
| 147|0x00000000e9300000, 0x00000000e9300000, 0x00000000e9400000|  0%| F|  |TAMS 0x00000000e9300000, 0x00000000e9300000| Untracked 
| 148|0x00000000e9400000, 0x00000000e9400000, 0x00000000e9500000|  0%| F|  |TAMS 0x00000000e9400000, 0x00000000e9400000| Untracked 
| 149|0x00000000e9500000, 0x00000000e9500000, 0x00000000e9600000|  0%| F|  |TAMS 0x00000000e9500000, 0x00000000e9500000| Untracked 
| 150|0x00000000e9600000, 0x00000000e9600000, 0x00000000e9700000|  0%| F|  |TAMS 0x00000000e9600000, 0x00000000e9600000| Untracked 
| 151|0x00000000e9700000, 0x00000000e9700000, 0x00000000e9800000|  0%| F|  |TAMS 0x00000000e9700000, 0x00000000e9700000| Untracked 
| 152|0x00000000e9800000, 0x00000000e9800000, 0x00000000e9900000|  0%| F|  |TAMS 0x00000000e9800000, 0x00000000e9800000| Untracked 
| 153|0x00000000e9900000, 0x00000000e9900000, 0x00000000e9a00000|  0%| F|  |TAMS 0x00000000e9900000, 0x00000000e9900000| Untracked 
| 154|0x00000000e9a00000, 0x00000000e9a00000, 0x00000000e9b00000|  0%| F|  |TAMS 0x00000000e9a00000, 0x00000000e9a00000| Untracked 
| 155|0x00000000e9b00000, 0x00000000e9b00000, 0x00000000e9c00000|  0%| F|  |TAMS 0x00000000e9b00000, 0x00000000e9b00000| Untracked 
| 156|0x00000000e9c00000, 0x00000000e9c00000, 0x00000000e9d00000|  0%| F|  |TAMS 0x00000000e9c00000, 0x00000000e9c00000| Untracked 
| 157|0x00000000e9d00000, 0x00000000e9d00000, 0x00000000e9e00000|  0%| F|  |TAMS 0x00000000e9d00000, 0x00000000e9d00000| Untracked 
| 158|0x00000000e9e00000, 0x00000000e9e00000, 0x00000000e9f00000|  0%| F|  |TAMS 0x00000000e9e00000, 0x00000000e9e00000| Untracked 
| 159|0x00000000e9f00000, 0x00000000e9f00000, 0x00000000ea000000|  0%| F|  |TAMS 0x00000000e9f00000, 0x00000000e9f00000| Untracked 
| 160|0x00000000ea000000, 0x00000000ea000000, 0x00000000ea100000|  0%| F|  |TAMS 0x00000000ea000000, 0x00000000ea000000| Untracked 
| 161|0x00000000ea100000, 0x00000000ea100000, 0x00000000ea200000|  0%| F|  |TAMS 0x00000000ea100000, 0x00000000ea100000| Untracked 
| 162|0x00000000ea200000, 0x00000000ea200000, 0x00000000ea300000|  0%| F|  |TAMS 0x00000000ea200000, 0x00000000ea200000| Untracked 
| 163|0x00000000ea300000, 0x00000000ea300000, 0x00000000ea400000|  0%| F|  |TAMS 0x00000000ea300000, 0x00000000ea300000| Untracked 
| 164|0x00000000ea400000, 0x00000000ea400000, 0x00000000ea500000|  0%| F|  |TAMS 0x00000000ea400000, 0x00000000ea400000| Untracked 
| 165|0x00000000ea500000, 0x00000000ea500000, 0x00000000ea600000|  0%| F|  |TAMS 0x00000000ea500000, 0x00000000ea500000| Untracked 
| 166|0x00000000ea600000, 0x00000000ea600000, 0x00000000ea700000|  0%| F|  |TAMS 0x00000000ea600000, 0x00000000ea600000| Untracked 
| 167|0x00000000ea700000, 0x00000000ea700000, 0x00000000ea800000|  0%| F|  |TAMS 0x00000000ea700000, 0x00000000ea700000| Untracked 
| 168|0x00000000ea800000, 0x00000000ea800000, 0x00000000ea900000|  0%| F|  |TAMS 0x00000000ea800000, 0x00000000ea800000| Untracked 
| 169|0x00000000ea900000, 0x00000000ea900000, 0x00000000eaa00000|  0%| F|  |TAMS 0x00000000ea900000, 0x00000000ea900000| Untracked 
| 170|0x00000000eaa00000, 0x00000000eaa00000, 0x00000000eab00000|  0%| F|  |TAMS 0x00000000eaa00000, 0x00000000eaa00000| Untracked 
| 171|0x00000000eab00000, 0x00000000eab00000, 0x00000000eac00000|  0%| F|  |TAMS 0x00000000eab00000, 0x00000000eab00000| Untracked 
| 172|0x00000000eac00000, 0x00000000eac00000, 0x00000000ead00000|  0%| F|  |TAMS 0x00000000eac00000, 0x00000000eac00000| Untracked 
| 173|0x00000000ead00000, 0x00000000ead00000, 0x00000000eae00000|  0%| F|  |TAMS 0x00000000ead00000, 0x00000000ead00000| Untracked 
| 174|0x00000000eae00000, 0x00000000eae00000, 0x00000000eaf00000|  0%| F|  |TAMS 0x00000000eae00000, 0x00000000eae00000| Untracked 
| 175|0x00000000eaf00000, 0x00000000eaf00000, 0x00000000eb000000|  0%| F|  |TAMS 0x00000000eaf00000, 0x00000000eaf00000| Untracked 
| 176|0x00000000eb000000, 0x00000000eb000000, 0x00000000eb100000|  0%| F|  |TAMS 0x00000000eb000000, 0x00000000eb000000| Untracked 
| 177|0x00000000eb100000, 0x00000000eb100000, 0x00000000eb200000|  0%| F|  |TAMS 0x00000000eb100000, 0x00000000eb100000| Untracked 
| 178|0x00000000eb200000, 0x00000000eb200000, 0x00000000eb300000|  0%| F|  |TAMS 0x00000000eb200000, 0x00000000eb200000| Untracked 
| 179|0x00000000eb300000, 0x00000000eb300000, 0x00000000eb400000|  0%| F|  |TAMS 0x00000000eb300000, 0x00000000eb300000| Untracked 
| 180|0x00000000eb400000, 0x00000000eb400000, 0x00000000eb500000|  0%| F|  |TAMS 0x00000000eb400000, 0x00000000eb400000| Untracked 
| 181|0x00000000eb500000, 0x00000000eb500000, 0x00000000eb600000|  0%| F|  |TAMS 0x00000000eb500000, 0x00000000eb500000| Untracked 
| 182|0x00000000eb600000, 0x00000000eb600000, 0x00000000eb700000|  0%| F|  |TAMS 0x00000000eb600000, 0x00000000eb600000| Untracked 
| 183|0x00000000eb700000, 0x00000000eb700000, 0x00000000eb800000|  0%| F|  |TAMS 0x00000000eb700000, 0x00000000eb700000| Untracked 
| 184|0x00000000eb800000, 0x00000000eb800000, 0x00000000eb900000|  0%| F|  |TAMS 0x00000000eb800000, 0x00000000eb800000| Untracked 
| 185|0x00000000eb900000, 0x00000000eb900000, 0x00000000eba00000|  0%| F|  |TAMS 0x00000000eb900000, 0x00000000eb900000| Untracked 
| 186|0x00000000eba00000, 0x00000000eba00000, 0x00000000ebb00000|  0%| F|  |TAMS 0x00000000eba00000, 0x00000000eba00000| Untracked 
| 187|0x00000000ebb00000, 0x00000000ebb00000, 0x00000000ebc00000|  0%| F|  |TAMS 0x00000000ebb00000, 0x00000000ebb00000| Untracked 
| 188|0x00000000ebc00000, 0x00000000ebc00000, 0x00000000ebd00000|  0%| F|  |TAMS 0x00000000ebc00000, 0x00000000ebc00000| Untracked 
| 189|0x00000000ebd00000, 0x00000000ebd00000, 0x00000000ebe00000|  0%| F|  |TAMS 0x00000000ebd00000, 0x00000000ebd00000| Untracked 
| 190|0x00000000ebe00000, 0x00000000ebe00000, 0x00000000ebf00000|  0%| F|  |TAMS 0x00000000ebe00000, 0x00000000ebe00000| Untracked 
| 191|0x00000000ebf00000, 0x00000000ebf00000, 0x00000000ec000000|  0%| F|  |TAMS 0x00000000ebf00000, 0x00000000ebf00000| Untracked 
| 192|0x00000000ec000000, 0x00000000ec000000, 0x00000000ec100000|  0%| F|  |TAMS 0x00000000ec000000, 0x00000000ec000000| Untracked 
| 193|0x00000000ec100000, 0x00000000ec100000, 0x00000000ec200000|  0%| F|  |TAMS 0x00000000ec100000, 0x00000000ec100000| Untracked 
| 194|0x00000000ec200000, 0x00000000ec200000, 0x00000000ec300000|  0%| F|  |TAMS 0x00000000ec200000, 0x00000000ec200000| Untracked 
| 195|0x00000000ec300000, 0x00000000ec300000, 0x00000000ec400000|  0%| F|  |TAMS 0x00000000ec300000, 0x00000000ec300000| Untracked 
| 196|0x00000000ec400000, 0x00000000ec400000, 0x00000000ec500000|  0%| F|  |TAMS 0x00000000ec400000, 0x00000000ec400000| Untracked 
| 197|0x00000000ec500000, 0x00000000ec500000, 0x00000000ec600000|  0%| F|  |TAMS 0x00000000ec500000, 0x00000000ec500000| Untracked 
| 198|0x00000000ec600000, 0x00000000ec600000, 0x00000000ec700000|  0%| F|  |TAMS 0x00000000ec600000, 0x00000000ec600000| Untracked 
| 199|0x00000000ec700000, 0x00000000ec700000, 0x00000000ec800000|  0%| F|  |TAMS 0x00000000ec700000, 0x00000000ec700000| Untracked 
| 200|0x00000000ec800000, 0x00000000ec800000, 0x00000000ec900000|  0%| F|  |TAMS 0x00000000ec800000, 0x00000000ec800000| Untracked 
| 201|0x00000000ec900000, 0x00000000ec900000, 0x00000000eca00000|  0%| F|  |TAMS 0x00000000ec900000, 0x00000000ec900000| Untracked 
| 202|0x00000000eca00000, 0x00000000eca00000, 0x00000000ecb00000|  0%| F|  |TAMS 0x00000000eca00000, 0x00000000eca00000| Untracked 
| 203|0x00000000ecb00000, 0x00000000ecb00000, 0x00000000ecc00000|  0%| F|  |TAMS 0x00000000ecb00000, 0x00000000ecb00000| Untracked 
| 204|0x00000000ecc00000, 0x00000000ecc00000, 0x00000000ecd00000|  0%| F|  |TAMS 0x00000000ecc00000, 0x00000000ecc00000| Untracked 
| 205|0x00000000ecd00000, 0x00000000ecd00000, 0x00000000ece00000|  0%| F|  |TAMS 0x00000000ecd00000, 0x00000000ecd00000| Untracked 
| 206|0x00000000ece00000, 0x00000000ece00000, 0x00000000ecf00000|  0%| F|  |TAMS 0x00000000ece00000, 0x00000000ece00000| Untracked 
| 207|0x00000000ecf00000, 0x00000000ecf00000, 0x00000000ed000000|  0%| F|  |TAMS 0x00000000ecf00000, 0x00000000ecf00000| Untracked 
| 208|0x00000000ed000000, 0x00000000ed000000, 0x00000000ed100000|  0%| F|  |TAMS 0x00000000ed000000, 0x00000000ed000000| Untracked 
| 209|0x00000000ed100000, 0x00000000ed100000, 0x00000000ed200000|  0%| F|  |TAMS 0x00000000ed100000, 0x00000000ed100000| Untracked 
| 210|0x00000000ed200000, 0x00000000ed200000, 0x00000000ed300000|  0%| F|  |TAMS 0x00000000ed200000, 0x00000000ed200000| Untracked 
| 211|0x00000000ed300000, 0x00000000ed300000, 0x00000000ed400000|  0%| F|  |TAMS 0x00000000ed300000, 0x00000000ed300000| Untracked 
| 212|0x00000000ed400000, 0x00000000ed400000, 0x00000000ed500000|  0%| F|  |TAMS 0x00000000ed400000, 0x00000000ed400000| Untracked 
| 213|0x00000000ed500000, 0x00000000ed500000, 0x00000000ed600000|  0%| F|  |TAMS 0x00000000ed500000, 0x00000000ed500000| Untracked 
| 214|0x00000000ed600000, 0x00000000ed600000, 0x00000000ed700000|  0%| F|  |TAMS 0x00000000ed600000, 0x00000000ed600000| Untracked 
| 215|0x00000000ed700000, 0x00000000ed700000, 0x00000000ed800000|  0%| F|  |TAMS 0x00000000ed700000, 0x00000000ed700000| Untracked 
| 216|0x00000000ed800000, 0x00000000ed800000, 0x00000000ed900000|  0%| F|  |TAMS 0x00000000ed800000, 0x00000000ed800000| Untracked 
| 217|0x00000000ed900000, 0x00000000ed900000, 0x00000000eda00000|  0%| F|  |TAMS 0x00000000ed900000, 0x00000000ed900000| Untracked 
| 218|0x00000000eda00000, 0x00000000eda00000, 0x00000000edb00000|  0%| F|  |TAMS 0x00000000eda00000, 0x00000000eda00000| Untracked 
| 219|0x00000000edb00000, 0x00000000edb00000, 0x00000000edc00000|  0%| F|  |TAMS 0x00000000edb00000, 0x00000000edb00000| Untracked 
| 220|0x00000000edc00000, 0x00000000edc00000, 0x00000000edd00000|  0%| F|  |TAMS 0x00000000edc00000, 0x00000000edc00000| Untracked 
| 221|0x00000000edd00000, 0x00000000edd00000, 0x00000000ede00000|  0%| F|  |TAMS 0x00000000edd00000, 0x00000000edd00000| Untracked 
| 222|0x00000000ede00000, 0x00000000ede00000, 0x00000000edf00000|  0%| F|  |TAMS 0x00000000ede00000, 0x00000000ede00000| Untracked 
| 223|0x00000000edf00000, 0x00000000edf00000, 0x00000000ee000000|  0%| F|  |TAMS 0x00000000edf00000, 0x00000000edf00000| Untracked 
| 224|0x00000000ee000000, 0x00000000ee000000, 0x00000000ee100000|  0%| F|  |TAMS 0x00000000ee000000, 0x00000000ee000000| Untracked 
| 225|0x00000000ee100000, 0x00000000ee100000, 0x00000000ee200000|  0%| F|  |TAMS 0x00000000ee100000, 0x00000000ee100000| Untracked 
| 226|0x00000000ee200000, 0x00000000ee200000, 0x00000000ee300000|  0%| F|  |TAMS 0x00000000ee200000, 0x00000000ee200000| Untracked 
| 227|0x00000000ee300000, 0x00000000ee300000, 0x00000000ee400000|  0%| F|  |TAMS 0x00000000ee300000, 0x00000000ee300000| Untracked 
| 228|0x00000000ee400000, 0x00000000ee400000, 0x00000000ee500000|  0%| F|  |TAMS 0x00000000ee400000, 0x00000000ee400000| Untracked 
| 229|0x00000000ee500000, 0x00000000ee500000, 0x00000000ee600000|  0%| F|  |TAMS 0x00000000ee500000, 0x00000000ee500000| Untracked 
| 230|0x00000000ee600000, 0x00000000ee600000, 0x00000000ee700000|  0%| F|  |TAMS 0x00000000ee600000, 0x00000000ee600000| Untracked 
| 231|0x00000000ee700000, 0x00000000ee700000, 0x00000000ee800000|  0%| F|  |TAMS 0x00000000ee700000, 0x00000000ee700000| Untracked 
| 232|0x00000000ee800000, 0x00000000ee800000, 0x00000000ee900000|  0%| F|  |TAMS 0x00000000ee800000, 0x00000000ee800000| Untracked 
| 233|0x00000000ee900000, 0x00000000ee927c00, 0x00000000eea00000| 15%| E|  |TAMS 0x00000000ee900000, 0x00000000ee900000| Complete 
| 234|0x00000000eea00000, 0x00000000eeb00000, 0x00000000eeb00000|100%| E|CS|TAMS 0x00000000eea00000, 0x00000000eea00000| Complete 
| 235|0x00000000eeb00000, 0x00000000eec00000, 0x00000000eec00000|100%| E|CS|TAMS 0x00000000eeb00000, 0x00000000eeb00000| Complete 
| 236|0x00000000eec00000, 0x00000000eed00000, 0x00000000eed00000|100%| E|CS|TAMS 0x00000000eec00000, 0x00000000eec00000| Complete 
| 237|0x00000000eed00000, 0x00000000eee00000, 0x00000000eee00000|100%| E|CS|TAMS 0x00000000eed00000, 0x00000000eed00000| Complete 
| 238|0x00000000eee00000, 0x00000000eef00000, 0x00000000eef00000|100%| E|CS|TAMS 0x00000000eee00000, 0x00000000eee00000| Complete 
| 239|0x00000000eef00000, 0x00000000ef000000, 0x00000000ef000000|100%| E|CS|TAMS 0x00000000eef00000, 0x00000000eef00000| Complete 
| 240|0x00000000ef000000, 0x00000000ef100000, 0x00000000ef100000|100%| E|CS|TAMS 0x00000000ef000000, 0x00000000ef000000| Complete 
| 241|0x00000000ef100000, 0x00000000ef200000, 0x00000000ef200000|100%| E|CS|TAMS 0x00000000ef100000, 0x00000000ef100000| Complete 
| 242|0x00000000ef200000, 0x00000000ef300000, 0x00000000ef300000|100%| E|CS|TAMS 0x00000000ef200000, 0x00000000ef200000| Complete 
| 243|0x00000000ef300000, 0x00000000ef400000, 0x00000000ef400000|100%| E|CS|TAMS 0x00000000ef300000, 0x00000000ef300000| Complete 
| 244|0x00000000ef400000, 0x00000000ef500000, 0x00000000ef500000|100%| E|CS|TAMS 0x00000000ef400000, 0x00000000ef400000| Complete 
| 245|0x00000000ef500000, 0x00000000ef600000, 0x00000000ef600000|100%| E|CS|TAMS 0x00000000ef500000, 0x00000000ef500000| Complete 
| 246|0x00000000ef600000, 0x00000000ef700000, 0x00000000ef700000|100%| E|CS|TAMS 0x00000000ef600000, 0x00000000ef600000| Complete 
| 247|0x00000000ef700000, 0x00000000ef800000, 0x00000000ef800000|100%| E|CS|TAMS 0x00000000ef700000, 0x00000000ef700000| Complete 
| 248|0x00000000ef800000, 0x00000000ef900000, 0x00000000ef900000|100%| E|CS|TAMS 0x00000000ef800000, 0x00000000ef800000| Complete 
| 249|0x00000000ef900000, 0x00000000efa00000, 0x00000000efa00000|100%| E|CS|TAMS 0x00000000ef900000, 0x00000000ef900000| Complete 
| 250|0x00000000efa00000, 0x00000000efb00000, 0x00000000efb00000|100%| E|CS|TAMS 0x00000000efa00000, 0x00000000efa00000| Complete 
| 251|0x00000000efb00000, 0x00000000efc00000, 0x00000000efc00000|100%| E|CS|TAMS 0x00000000efb00000, 0x00000000efb00000| Complete 
| 252|0x00000000efc00000, 0x00000000efd00000, 0x00000000efd00000|100%| E|CS|TAMS 0x00000000efc00000, 0x00000000efc00000| Complete 
| 253|0x00000000efd00000, 0x00000000efe00000, 0x00000000efe00000|100%| E|CS|TAMS 0x00000000efd00000, 0x00000000efd00000| Complete 
| 254|0x00000000efe00000, 0x00000000eff00000, 0x00000000eff00000|100%| E|CS|TAMS 0x00000000efe00000, 0x00000000efe00000| Complete 
| 255|0x00000000eff00000, 0x00000000f0000000, 0x00000000f0000000|100%| E|CS|TAMS 0x00000000eff00000, 0x00000000eff00000| Complete 

Card table byte_map: [0x00000145ff720000,0x00000145ff820000] _byte_map_base: 0x00000145ff020000

Marking Bits (Prev, Next): (CMBitMap*) 0x00000145e6d27fa0, (CMBitMap*) 0x00000145e6d27f68
 Prev Bits: [0x0000014580800000, 0x0000014581000000)
 Next Bits: [0x0000014580000000, 0x0000014580800000)

Polling page: 0x00000145e6cb0000

Metaspace:

Usage:
  Non-class:     74.68 MB capacity,    72.46 MB ( 97%) used,     1.87 MB (  3%) free+waste,   356.62 KB ( <1%) overhead. 
      Class:     12.52 MB capacity,    11.15 MB ( 89%) used,     1.20 MB ( 10%) free+waste,   177.88 KB (  1%) overhead. 
       Both:     87.20 MB capacity,    83.61 MB ( 96%) used,     3.07 MB (  4%) free+waste,   534.50 KB ( <1%) overhead. 

Virtual space:
  Non-class space:       76.00 MB reserved,      74.83 MB ( 98%) committed 
      Class space:      376.00 MB reserved,      12.62 MB (  3%) committed 
             Both:      452.00 MB reserved,      87.45 MB ( 19%) committed 

Chunk freelists:
   Non-Class:  2.50 KB
       Class:  1.62 KB
        Both:  4.12 KB

CodeHeap 'non-profiled nmethods': size=120000Kb used=6130Kb max_used=6130Kb free=113869Kb
 bounds [0x00000145f7690000, 0x00000145f7c90000, 0x00000145febc0000]
CodeHeap 'profiled nmethods': size=120000Kb used=19963Kb max_used=19963Kb free=100036Kb
 bounds [0x00000145f0160000, 0x00000145f14e0000, 0x00000145f7690000]
CodeHeap 'non-nmethods': size=5760Kb used=2261Kb max_used=2329Kb free=3498Kb
 bounds [0x00000145efbc0000, 0x00000145efe30000, 0x00000145f0160000]
 total_blobs=10222 nmethods=9360 adapters=773
 compilation: enabled
              stopped_count=0, restarted_count=0
 full_count=0

Compilation events (10 events):
Event: 208.189 Thread 0x0000014583c8f800 9394       3       org.gradle.cache.internal.filelock.FileLockOutcome::acquired (9 bytes)
Event: 208.189 Thread 0x0000014583c8f800 nmethod 9394 0x00000145f14c5290 code [0x00000145f14c5440, 0x00000145f14c56f8]
Event: 208.189 Thread 0x0000014583c8f800 9395       3       org.gradle.cache.internal.filelock.FileLockOutcome$3::<init> (10 bytes)
Event: 208.189 Thread 0x0000014583c8f800 nmethod 9395 0x00000145f14c5810 code [0x00000145f14c59c0, 0x00000145f14c5bd8]
Event: 208.231 Thread 0x0000014583c8f800 9397       3       org.gradle.cache.internal.DefaultCacheCoordinator::releaseOwnership (32 bytes)
Event: 208.231 Thread 0x0000014583c8f800 nmethod 9397 0x00000145f14c5d10 code [0x00000145f14c5f40, 0x00000145f14c6768]
Event: 208.231 Thread 0x0000014583c8f800 9398       3       org.gradle.cache.internal.cacheops.CacheAccessOperationsStack::popCacheAction (44 bytes)
Event: 208.232 Thread 0x0000014583c8f800 nmethod 9398 0x00000145f14c6a10 code [0x00000145f14c6c20, 0x00000145f14c7398]
Event: 208.232 Thread 0x0000014583c8f800 9399       3       org.gradle.cache.internal.cacheops.CacheOperationStack::popCacheAction (15 bytes)
Event: 208.232 Thread 0x0000014583c8f800 nmethod 9399 0x00000145f14c7610 code [0x00000145f14c77c0, 0x00000145f14c7a28]

GC Heap History (10 events):
Event: 16.198 GC heap before
{Heap before GC invocations=8 (full 0):
 garbage-first heap   total 262144K, used 177722K [0x00000000e0000000, 0x0000000100000000)
  region size 1024K, 153 young (156672K), 14 survivors (14336K)
 Metaspace       used 54449K, capacity 56068K, committed 56272K, reserved 434176K
  class space    used 7096K, capacity 7737K, committed 7808K, reserved 385024K
}
Event: 16.209 GC heap after
{Heap after GC invocations=9 (full 0):
 garbage-first heap   total 262144K, used 37610K [0x00000000e0000000, 0x0000000100000000)
  region size 1024K, 14 young (14336K), 14 survivors (14336K)
 Metaspace       used 54449K, capacity 56068K, committed 56272K, reserved 434176K
  class space    used 7096K, capacity 7737K, committed 7808K, reserved 385024K
}
Event: 16.770 GC heap before
{Heap before GC invocations=9 (full 0):
 garbage-first heap   total 262144K, used 114410K [0x00000000e0000000, 0x0000000100000000)
  region size 1024K, 90 young (92160K), 14 survivors (14336K)
 Metaspace       used 58333K, capacity 60126K, committed 60240K, reserved 438272K
  class space    used 7708K, capacity 8376K, committed 8448K, reserved 385024K
}
Event: 16.782 GC heap after
{Heap after GC invocations=10 (full 0):
 garbage-first heap   total 262144K, used 39055K [0x00000000e0000000, 0x0000000100000000)
  region size 1024K, 6 young (6144K), 6 survivors (6144K)
 Metaspace       used 58333K, capacity 60126K, committed 60240K, reserved 438272K
  class space    used 7708K, capacity 8376K, committed 8448K, reserved 385024K
}
Event: 18.447 GC heap before
{Heap before GC invocations=11 (full 0):
 garbage-first heap   total 262144K, used 189583K [0x00000000e0000000, 0x0000000100000000)
  region size 1024K, 153 young (156672K), 6 survivors (6144K)
 Metaspace       used 63962K, capacity 66133K, committed 66256K, reserved 442368K
  class space    used 8626K, capacity 9494K, committed 9600K, reserved 385024K
}
Event: 18.472 GC heap after
{Heap after GC invocations=12 (full 0):
 garbage-first heap   total 262144K, used 47036K [0x00000000e0000000, 0x0000000100000000)
  region size 1024K, 14 young (14336K), 14 survivors (14336K)
 Metaspace       used 63962K, capacity 66133K, committed 66256K, reserved 442368K
  class space    used 8626K, capacity 9494K, committed 9600K, reserved 385024K
}
Event: 20.722 GC heap before
{Heap before GC invocations=12 (full 0):
 garbage-first heap   total 262144K, used 188348K [0x00000000e0000000, 0x0000000100000000)
  region size 1024K, 153 young (156672K), 14 survivors (14336K)
 Metaspace       used 72675K, capacity 75711K, committed 75984K, reserved 450560K
  class space    used 9756K, capacity 10818K, committed 10880K, reserved 385024K
}
Event: 20.743 GC heap after
{Heap after GC invocations=13 (full 0):
 garbage-first heap   total 262144K, used 54953K [0x00000000e0000000, 0x0000000100000000)
  region size 1024K, 18 young (18432K), 18 survivors (18432K)
 Metaspace       used 72675K, capacity 75711K, committed 75984K, reserved 450560K
  class space    used 9756K, capacity 10818K, committed 10880K, reserved 385024K
}
Event: 208.149 GC heap before
{Heap before GC invocations=13 (full 0):
 garbage-first heap   total 262144K, used 192169K [0x00000000e0000000, 0x0000000100000000)
  region size 1024K, 153 young (156672K), 18 survivors (18432K)
 Metaspace       used 84246K, capacity 87874K, committed 88016K, reserved 460800K
  class space    used 11225K, capacity 12593K, committed 12672K, reserved 385024K
}
Event: 208.166 GC heap after
{Heap after GC invocations=14 (full 0):
 garbage-first heap   total 262144K, used 65106K [0x00000000e0000000, 0x0000000100000000)
  region size 1024K, 19 young (19456K), 19 survivors (19456K)
 Metaspace       used 84246K, capacity 87874K, committed 88016K, reserved 460800K
  class space    used 11225K, capacity 12593K, committed 12672K, reserved 385024K
}

Deoptimization events (10 events):
Event: 208.017 Thread 0x000001458cc27000 Uncommon trap: reason=class_check action=maybe_recompile pc=0x00000145f7b8f224 method=org.gradle.internal.snapshot.ChildMap$Entry.handleAncestorDescendantOrExactMatch(Lorg/gradle/internal/snapshot/VfsRelativePath;Lorg/gradle/internal/snapshot/CaseSensitiv
Event: 208.017 Thread 0x000001458cc27000 Uncommon trap: reason=class_check action=maybe_recompile pc=0x00000145f7b8f224 method=org.gradle.internal.snapshot.ChildMap$Entry.handleAncestorDescendantOrExactMatch(Lorg/gradle/internal/snapshot/VfsRelativePath;Lorg/gradle/internal/snapshot/CaseSensitiv
Event: 208.041 Thread 0x000001458cc27000 Uncommon trap: reason=array_check action=maybe_recompile pc=0x00000145f7bf5464 method=java.util.ComparableTimSort.binarySort([Ljava/lang/Object;III)V @ 183 c2
Event: 208.069 Thread 0x000001458cc27000 Uncommon trap: reason=unstable_if action=reinterpret pc=0x00000145f7a71778 method=org.codehaus.groovy.vmplugin.v8.Java8.checkCanSetAccessible(Ljava/lang/reflect/AccessibleObject;Ljava/lang/Class;)Z @ 42 c2
Event: 208.102 Thread 0x000001458cc27000 Uncommon trap: reason=unstable_if action=reinterpret pc=0x00000145f7aa9718 method=sun.reflect.generics.parser.SignatureParser.parseTypeSignature()Lsun/reflect/generics/tree/TypeSignature; @ 4 c2
Event: 208.107 Thread 0x000001458cc27000 Uncommon trap: reason=unstable_if action=reinterpret pc=0x00000145f7a54ccc method=java.lang.Class.getTypeName()Ljava/lang/String; @ 23 c2
Event: 208.111 Thread 0x000001458cc27000 Uncommon trap: reason=unstable_if action=reinterpret pc=0x00000145f7aa71c4 method=java.lang.Character.isUpperCase(I)Z @ 5 c2
Event: 208.124 Thread 0x000001458cc27000 Uncommon trap: reason=unloaded action=reinterpret pc=0x00000145f7852a8c method=java.security.AccessController.wrapException(Ljava/lang/Exception;)Ljava/security/PrivilegedActionException; @ 0 c2
Event: 208.182 Thread 0x000001458cc27000 Uncommon trap: reason=unstable_if action=reinterpret pc=0x00000145f7abd05c method=java.util.TreeMap.put(Ljava/lang/Object;Ljava/lang/Object;)Ljava/lang/Object; @ 163 c2
Event: 208.229 Thread 0x000001458cc27000 Uncommon trap: reason=unstable_if action=reinterpret pc=0x00000145f77f1fbc method=jdk.internal.misc.Unsafe.convEndian(ZS)S @ 4 c2

Classes redefined (0 events):
No events

Internal exceptions (10 events):
Event: 208.111 Thread 0x000001458cc27000 Exception <a 'java/lang/ClassNotFoundException'{0x00000000e7d985c8}: java/net/URLClassLoaderCustomizer> (0x00000000e7d985c8) thrown at [./open/src/hotspot/share/classfile/systemDictionary.cpp, line 226]
Event: 208.116 Thread 0x000001458cc27000 Exception <a 'java/lang/ClassNotFoundException'{0x00000000e7b15db8}: java/lang/StringBeanInfo> (0x00000000e7b15db8) thrown at [./open/src/hotspot/share/classfile/systemDictionary.cpp, line 226]
Event: 208.117 Thread 0x000001458cc27000 Exception <a 'java/lang/ClassNotFoundException'{0x00000000e7b1d448}: java/lang/StringCustomizer> (0x00000000e7b1d448) thrown at [./open/src/hotspot/share/classfile/systemDictionary.cpp, line 226]
Event: 208.142 Thread 0x000001458cc27000 Exception <a 'java/lang/ClassNotFoundException'{0x00000000e7ac9dc0}: org/gradle/internal/logging/slf4j/OutputEventListenerBackedLoggerBeanInfo> (0x00000000e7ac9dc0) thrown at [./open/src/hotspot/share/classfile/systemDictionary.cpp, line 226]
Event: 208.143 Thread 0x000001458cc27000 Exception <a 'java/lang/ClassNotFoundException'{0x00000000e7afec10}: org/gradle/internal/logging/slf4j/BuildOperationAwareLoggerBeanInfo> (0x00000000e7afec10) thrown at [./open/src/hotspot/share/classfile/systemDictionary.cpp, line 226]
Event: 208.144 Thread 0x000001458cc27000 Exception <a 'java/lang/ClassNotFoundException'{0x00000000e7934470}: org/gradle/internal/logging/slf4j/BuildOperationAwareLoggerCustomizer> (0x00000000e7934470) thrown at [./open/src/hotspot/share/classfile/systemDictionary.cpp, line 226]
Event: 208.146 Thread 0x000001458cc27000 Exception <a 'java/lang/ClassNotFoundException'{0x00000000e799e6c8}: org/gradle/internal/logging/slf4j/OutputEventListenerBackedLoggerCustomizer> (0x00000000e799e6c8) thrown at [./open/src/hotspot/share/classfile/systemDictionary.cpp, line 226]
Event: 208.168 Thread 0x000001458cc27000 Exception <a 'java/lang/ClassNotFoundException'{0x00000000eff20d00}: java/net/URLBeanInfo> (0x00000000eff20d00) thrown at [./open/src/hotspot/share/classfile/systemDictionary.cpp, line 226]
Event: 208.168 Thread 0x000001458cc27000 Exception <a 'java/lang/ClassNotFoundException'{0x00000000eff265a0}: java/net/URLCustomizer> (0x00000000eff265a0) thrown at [./open/src/hotspot/share/classfile/systemDictionary.cpp, line 226]
Event: 208.208 Thread 0x000001458cc27000 Exception <a 'java/lang/NoSuchMethodError'{0x00000000efc88b90}: 'long java.lang.invoke.DirectMethodHandle$Holder.invokeVirtual(java.lang.Object, java.lang.Object)'> (0x00000000efc88b90) thrown at [./open/src/hotspot/share/interpreter/linkResolver.cpp, lin

Events (10 events):
Event: 208.235 loading class org/apache/commons/compress/archivers/zip/UnicodePathExtraField
Event: 208.235 loading class org/apache/commons/compress/archivers/zip/UnicodePathExtraField done
Event: 208.236 loading class org/apache/commons/compress/archivers/zip/UnicodeCommentExtraField
Event: 208.236 loading class org/apache/commons/compress/archivers/zip/UnicodeCommentExtraField done
Event: 208.236 loading class org/apache/commons/compress/archivers/zip/X5455_ExtendedTimestamp
Event: 208.236 loading class org/apache/commons/compress/archivers/zip/X5455_ExtendedTimestamp done
Event: 208.237 loading class org/apache/commons/compress/archivers/zip/X000A_NTFS
Event: 208.237 loading class org/apache/commons/compress/archivers/zip/X000A_NTFS done
Event: 208.238 loading class org/apache/commons/compress/archivers/zip/ExtraFieldUtils
Event: 208.238 loading class org/apache/commons/compress/archivers/zip/ExtraFieldUtils done


Dynamic libraries:
0x00007ff6a7a80000 - 0x00007ff6a7a90000 	C:\Program Files\Java\jdk-11\bin\java.exe
0x00007fffe3140000 - 0x00007fffe33a8000 	C:\WINDOWS\SYSTEM32\ntdll.dll
0x00007fffe1f30000 - 0x00007fffe1ff9000 	C:\WINDOWS\System32\KERNEL32.DLL
0x00007fffe0570000 - 0x00007fffe0968000 	C:\WINDOWS\System32\KERNELBASE.dll
0x00007fffe0d90000 - 0x00007fffe0edb000 	C:\WINDOWS\System32\ucrtbase.dll
0x00007fffa56d0000 - 0x00007fffa56e9000 	C:\Program Files\Java\jdk-11\bin\jli.dll
0x00007fff90310000 - 0x00007fff9032b000 	C:\Program Files\Java\jdk-11\bin\VCRUNTIME140.dll
0x00007fffe1c60000 - 0x00007fffe1d14000 	C:\WINDOWS\System32\ADVAPI32.dll
0x00007fffe1b30000 - 0x00007fffe1bd9000 	C:\WINDOWS\System32\msvcrt.dll
0x00007fffe3050000 - 0x00007fffe30f6000 	C:\WINDOWS\System32\sechost.dll
0x00007fffe16d0000 - 0x00007fffe17e8000 	C:\WINDOWS\System32\RPCRT4.dll
0x00007fffe17f0000 - 0x00007fffe19b7000 	C:\WINDOWS\System32\USER32.dll
0x00007fffe03d0000 - 0x00007fffe03f7000 	C:\WINDOWS\System32\win32u.dll
0x00007fffe1f00000 - 0x00007fffe1f2b000 	C:\WINDOWS\System32\GDI32.dll
0x00007fffe0c60000 - 0x00007fffe0d8c000 	C:\WINDOWS\System32\gdi32full.dll
0x00007fffe04c0000 - 0x00007fffe0563000 	C:\WINDOWS\System32\msvcp_win.dll
0x00007fffc3e40000 - 0x00007fffc40d4000 	C:\WINDOWS\WinSxS\amd64_microsoft.windows.common-controls_6595b64144ccf1df_6.0.26100.7019_none_3e06ffa0e335b8a8\COMCTL32.dll
0x00007fffd60a0000 - 0x00007fffd60ab000 	C:\WINDOWS\SYSTEM32\VERSION.dll
0x00007fffe1c10000 - 0x00007fffe1c41000 	C:\WINDOWS\System32\IMM32.DLL
0x00007fffb50c0000 - 0x00007fffb50cc000 	C:\Program Files\Java\jdk-11\bin\vcruntime140_1.dll
0x00007fff68340000 - 0x00007fff683ce000 	C:\Program Files\Java\jdk-11\bin\msvcp140.dll
0x00007fff1ad70000 - 0x00007fff1b8d3000 	C:\Program Files\Java\jdk-11\bin\server\jvm.dll
0x00007fffe0ee0000 - 0x00007fffe0ee8000 	C:\WINDOWS\System32\PSAPI.DLL
0x00007fffc1fe0000 - 0x00007fffc1fea000 	C:\WINDOWS\SYSTEM32\WSOCK32.dll
0x00007fffe25d0000 - 0x00007fffe2644000 	C:\WINDOWS\System32\WS2_32.dll
0x00007fffcb1b0000 - 0x00007fffcb1e5000 	C:\WINDOWS\SYSTEM32\WINMM.dll
0x00007fffdf020000 - 0x00007fffdf03b000 	C:\WINDOWS\SYSTEM32\kernel.appcore.dll
0x00007fffa51f0000 - 0x00007fffa5200000 	C:\Program Files\Java\jdk-11\bin\verify.dll
0x00007fffdd9d0000 - 0x00007fffddc12000 	C:\WINDOWS\SYSTEM32\DBGHELP.DLL
0x00007fffe2cc0000 - 0x00007fffe304b000 	C:\WINDOWS\System32\combase.dll
0x00007fffe2410000 - 0x00007fffe24e7000 	C:\WINDOWS\System32\OLEAUT32.dll
0x00007fffd91a0000 - 0x00007fffd91dc000 	C:\WINDOWS\SYSTEM32\dbgcore.DLL
0x00007fffe0320000 - 0x00007fffe03c5000 	C:\WINDOWS\System32\bcryptPrimitives.dll
0x00007fff8e2a0000 - 0x00007fff8e2c8000 	C:\Program Files\Java\jdk-11\bin\java.dll
0x00007fffa4cd0000 - 0x00007fffa4cda000 	C:\Program Files\Java\jdk-11\bin\jimage.dll
0x00007fffa4bf0000 - 0x00007fffa4bfe000 	C:\Program Files\Java\jdk-11\bin\instrument.dll
0x00007fff8e280000 - 0x00007fff8e297000 	C:\Program Files\Java\jdk-11\bin\zip.dll
0x00007fffe0ef0000 - 0x00007fffe163f000 	C:\WINDOWS\System32\SHELL32.dll
0x00007fffe0af0000 - 0x00007fffe0c5b000 	C:\WINDOWS\System32\wintypes.dll
0x00007fffdde90000 - 0x00007fffde6ed000 	C:\WINDOWS\SYSTEM32\windows.storage.dll
0x00007fffe2000000 - 0x00007fffe20f2000 	C:\WINDOWS\System32\SHCORE.dll
0x00007fffe1e90000 - 0x00007fffe1ef7000 	C:\WINDOWS\System32\shlwapi.dll
0x00007fffe01b0000 - 0x00007fffe01d9000 	C:\WINDOWS\SYSTEM32\profapi.dll
0x00007fff8d1d0000 - 0x00007fff8d1e9000 	C:\Program Files\Java\jdk-11\bin\net.dll
0x00007fffd8d50000 - 0x00007fffd8e78000 	C:\WINDOWS\SYSTEM32\WINHTTP.dll
0x00007fffdf5c0000 - 0x00007fffdf62b000 	C:\WINDOWS\system32\mswsock.dll
0x00007fff8d1b0000 - 0x00007fff8d1c2000 	C:\Program Files\Java\jdk-11\bin\nio.dll
0x00007fffa2770000 - 0x00007fffa2797000 	C:\Users\croha\.gradle\native\1def1411415f61bf3af743bc5b6707747c0891f09f0c88961ee8f79bc544acac\windows-amd64\native-platform.dll
0x00007fff67840000 - 0x00007fff678b8000 	C:\Users\croha\.gradle\native\0.2.6\x86_64-windows-gnu\gradle-fileevents.dll
0x00007fffa4500000 - 0x00007fffa4509000 	C:\Program Files\Java\jdk-11\bin\management.dll
0x00007fff9eeb0000 - 0x00007fff9eebb000 	C:\Program Files\Java\jdk-11\bin\management_ext.dll
0x00007fffdea00000 - 0x00007fffdea34000 	C:\WINDOWS\SYSTEM32\IPHLPAPI.DLL
0x00007fffe1d20000 - 0x00007fffe1d2a000 	C:\WINDOWS\System32\NSI.dll
0x00007fffd8f20000 - 0x00007fffd8f3e000 	C:\WINDOWS\SYSTEM32\dhcpcsvc6.DLL
0x00007fffd8b40000 - 0x00007fffd8b63000 	C:\WINDOWS\SYSTEM32\dhcpcsvc.DLL
0x00007fffdea90000 - 0x00007fffdebbc000 	C:\WINDOWS\SYSTEM32\DNSAPI.dll
0x00007fffdf880000 - 0x00007fffdf89b000 	C:\WINDOWS\SYSTEM32\CRYPTSP.dll
0x00007fffdef80000 - 0x00007fffdefba000 	C:\WINDOWS\system32\rsaenh.dll
0x00007fffdf670000 - 0x00007fffdf69b000 	C:\WINDOWS\SYSTEM32\USERENV.dll
0x00007fffe0180000 - 0x00007fffe01aa000 	C:\WINDOWS\SYSTEM32\bcrypt.dll
0x00007fffdf8a0000 - 0x00007fffdf8ac000 	C:\WINDOWS\SYSTEM32\CRYPTBASE.dll
0x00007fffa5440000 - 0x00007fffa5449000 	C:\Program Files\Java\jdk-11\bin\prefs.dll

dbghelp: loaded successfully - version: 4.0.5 - missing functions: none
symbol engine: initialized successfully - sym options: 0x614 - pdb path: .;C:\Program Files\Java\jdk-11\bin;C:\WINDOWS\SYSTEM32;C:\WINDOWS\WinSxS\amd64_microsoft.windows.common-controls_6595b64144ccf1df_6.0.26100.7019_none_3e06ffa0e335b8a8;C:\Program Files\Java\jdk-11\bin\server;C:\Users\croha\.gradle\native\1def1411415f61bf3af743bc5b6707747c0891f09f0c88961ee8f79bc544acac\windows-amd64;C:\Users\croha\.gradle\native\0.2.6\x86_64-windows-gnu

VM Arguments:
jvm_args: --add-opens=java.base/java.lang=ALL-UNNAMED --add-opens=java.base/java.lang.invoke=ALL-UNNAMED --add-opens=java.base/java.util=ALL-UNNAMED --add-opens=java.prefs/java.util.prefs=ALL-UNNAMED --add-exports=jdk.compiler/com.sun.tools.javac.api=ALL-UNNAMED --add-exports=jdk.compiler/com.sun.tools.javac.util=ALL-UNNAMED --add-opens=java.base/java.util=ALL-UNNAMED --add-opens=java.prefs/java.util.prefs=ALL-UNNAMED --add-opens=java.base/java.nio.charset=ALL-UNNAMED --add-opens=java.base/java.net=ALL-UNNAMED --add-opens=java.base/java.util.concurrent.atomic=ALL-UNNAMED --add-opens=java.xml/javax.xml.namespace=ALL-UNNAMED -XX:MaxMetaspaceSize=384m -XX:+HeapDumpOnOutOfMemoryError -Xms256m -Xmx512m -Dfile.encoding=UTF-8 -Duser.country=IN -Duser.language=en -Duser.variant -javaagent:C:\Users\croha\.gradle\wrapper\dists\gradle-8.12.1-bin\eumc4uhoysa37zql93vfjkxy0\gradle-8.12.1\lib\agents\gradle-instrumentation-agent-8.12.1.jar 
java_command: org.gradle.launcher.daemon.bootstrap.GradleDaemon 8.12.1
java_class_path (initial): C:\Users\croha\.gradle\wrapper\dists\gradle-8.12.1-bin\eumc4uhoysa37zql93vfjkxy0\gradle-8.12.1\lib\gradle-daemon-main-8.12.1.jar
Launcher Type: SUN_STANDARD

[Global flags]
     intx CICompilerCount                          = 4                                         {product} {ergonomic}
   size_t CompressedClassSpaceSize                 = 394264576                                 {product} {ergonomic}
     uint ConcGCThreads                            = 2                                         {product} {ergonomic}
     uint G1ConcRefinementThreads                  = 8                                         {product} {ergonomic}
   size_t G1HeapRegionSize                         = 1048576                                   {product} {ergonomic}
    uintx GCDrainStackTargetSize                   = 64                                        {product} {ergonomic}
     bool HeapDumpOnOutOfMemoryError               = true                                   {manageable} {command line}
   size_t InitialHeapSize                          = 268435456                                 {product} {command line}
   size_t MarkStackSize                            = 4194304                                   {product} {ergonomic}
   size_t MaxHeapSize                              = 536870912                                 {product} {command line}
   size_t MaxMetaspaceSize                         = 402653184                                 {product} {command line}
   size_t MaxNewSize                               = 321912832                                 {product} {ergonomic}
   size_t MinHeapDeltaBytes                        = 1048576                                   {product} {ergonomic}
    uintx NonNMethodCodeHeapSize                   = 5836300                                {pd product} {ergonomic}
    uintx NonProfiledCodeHeapSize                  = 122910970                              {pd product} {ergonomic}
    uintx ProfiledCodeHeapSize                     = 122910970                              {pd product} {ergonomic}
    uintx ReservedCodeCacheSize                    = 251658240                              {pd product} {ergonomic}
     bool SegmentedCodeCache                       = true                                      {product} {ergonomic}
     bool UseCompressedClassPointers               = true                                 {lp64_product} {ergonomic}
     bool UseCompressedOops                        = true                                 {lp64_product} {ergonomic}
     bool UseG1GC                                  = true                                      {product} {ergonomic}
     bool UseLargePagesIndividualAllocation        = false                                  {pd product} {ergonomic}

Logging:
Log output configuration:
 #0: stdout all=warning uptime,level,tags
 #1: stderr all=off uptime,level,tags

Environment Variables:
JAVA_HOME=C:\Program Files\Java\jdk-11
PATH=C:\Program Files\Common Files\Oracle\Java\javapath;C:\Program Files\NVIDIA GPU Computing Toolkit\CUDA\v12.0\bin;C:\Program Files\NVIDIA GPU Computing Toolkit\CUDA\v12.0\libnvvp;C:\WINDOWS\system32;C:\WINDOWS;C:\WINDOWS\System32\Wbem;C:\WINDOWS\System32\WindowsPowerShell\v1.0\;C:\WINDOWS\System32\OpenSSH\;C:\Program Files\NVIDIA Corporation\Nsight Compute 2022.4.0\;C:\Program Files (x86)\NVIDIA Corporation\PhysX\Common;C:\Program Files\NVIDIA Corporation\NVIDIA NvDLISR;C:\Program Files\Java\jdk-19\bin;C:\Program Files\Git\cmd;C:\Users\croha\python.exe;C:\Users\croha\Scripts\pip.exe;C:\Program Files\apache-cassandra-4.0.8\bin;C:\Program Files\nodejs\;C:\Users\croha\Downloads\poppler\poppler\Library\bin;C:\Program Files\cursor\resources\app\bin;C:\Program Files\MySQL\MySQL Shell 8.0\bin\;C:\Users\croha\Scripts\;C:\Users\croha\;C:\Users\croha\AppData\Local\Microsoft\WindowsApps;C:\Users\croha\AppData\Local\Programs\Microsoft VS Code\bin;C:\Users\croha\AppData\Local\GitHubDesktop\bin;C:\Users\croha\AppData\Roaming\npm;C:\Users\croha\Downloads\poppler\poppler\Library\bin;C:\Program Files\JetBrains\IntelliJ IDEA 2025.2.1\bin
USERNAME=croha
OS=Windows_NT
PROCESSOR_IDENTIFIER=Intel64 Family 6 Model 158 Stepping 10, GenuineIntel



---------------  S Y S T E M  ---------------

OS: Windows 11 , 64 bit Build 26100 (10.0.26100.7019)
Hyper-V role detected

CPU:total 8 (initial active 8) (4 cores per cpu, 2 threads per core) family 6 model 158 stepping 10 microcode 0xf8, cmov, cx8, fxsr, mmx, sse, sse2, sse3, ssse3, sse4.1, sse4.2, popcnt, avx, avx2, aes, clmul, erms, 3dnowpref, lzcnt, ht, tsc, tscinvbit, bmi1, bmi2, adx, fma

Memory: 4k page, system-wide physical 16225M (4250M free)
TotalPageFile size 23923M (AvailPageFile size 3973M)
current process WorkingSet (physical memory assigned to process): 488M, peak: 491M
current process commit charge ("private bytes"): 565M, peak: 568M

vm_info: Java HotSpot(TM) 64-Bit Server VM (11.0.28+12-LTS-279) for windows-amd64 JRE (11.0.28+12-LTS-279), built on Jun 27 2025 10:10:38 by "mach5one" with MS VC++ 17.6 (VS2022)

END.
