#
# A fatal error has been detected by the Java Runtime Environment:
#
#  EXCEPTION_ACCESS_VIOLATION (0xc0000005) at pc=0x00007fff1b41d785, pid=18952, tid=30060
#
# JRE version: Java(TM) SE Runtime Environment 18.9 (11.0.28+12) (build 11.0.28+12-LTS-279)
# Java VM: Java HotSpot(TM) 64-Bit Server VM 18.9 (11.0.28+12-LTS-279, mixed mode, tiered, compressed oops, g1 gc, windows-amd64)
# Problematic frame:
# V  [jvm.dll+0x6ad785]
#
# No core dump will be written. Minidumps are not enabled by default on client versions of Windows
#
# If you would like to submit a bug report, please visit:
#   https://bugreport.java.com/bugreport/crash.jsp
#

---------------  S U M M A R Y ------------

Command Line: --add-opens=java.base/java.lang=ALL-UNNAMED --add-opens=java.base/java.lang.invoke=ALL-UNNAMED --add-opens=java.base/java.util=ALL-UNNAMED --add-opens=java.prefs/java.util.prefs=ALL-UNNAMED --add-exports=jdk.compiler/com.sun.tools.javac.api=ALL-UNNAMED --add-exports=jdk.compiler/com.sun.tools.javac.util=ALL-UNNAMED --add-opens=java.base/java.util=ALL-UNNAMED --add-opens=java.prefs/java.util.prefs=ALL-UNNAMED --add-opens=java.base/java.nio.charset=ALL-UNNAMED --add-opens=java.base/java.net=ALL-UNNAMED --add-opens=java.base/java.util.concurrent.atomic=ALL-UNNAMED --add-opens=java.xml/javax.xml.namespace=ALL-UNNAMED -XX:MaxMetaspaceSize=384m -XX:+HeapDumpOnOutOfMemoryError -Xms256m -Xmx512m -Dfile.encoding=UTF-8 -Duser.country=IN -Duser.language=en -Duser.variant -javaagent:C:\Users\croha\.gradle\wrapper\dists\gradle-8.12.1-bin\eumc4uhoysa37zql93vfjkxy0\gradle-8.12.1\lib\agents\gradle-instrumentation-agent-8.12.1.jar org.gradle.launcher.daemon.bootstrap.GradleDaemon 8.12.1

Host: Intel(R) Core(TM) i5-9300H CPU @ 2.40GHz, 8 cores, 15G,  Windows 11 , 64 bit Build 26100 (10.0.26100.7019)
Time: Wed Nov 12 15:51:22 2025 Eastern Standard Time elapsed time: 3.131348 seconds (0d 0h 0m 3s)

---------------  T H R E A D  ---------------

Current thread (0x000001d4aa251000):  JavaThread "C2 CompilerThread0" daemon [_thread_in_native, id=30060, stack(0x000000ae5d000000,0x000000ae5d100000)]


Current CompileTask:
C2:   3131 2277   !   4       java.lang.ClassLoader::loadClass (122 bytes)

Stack: [0x000000ae5d000000,0x000000ae5d100000],  sp=0x000000ae5d0fbcb0,  free space=1007k
Native frames: (J=compiled Java code, j=interpreted, Vv=VM code, C=native code)
V  [jvm.dll+0x6ad785]
V  [jvm.dll+0x1a1251]
V  [jvm.dll+0x20f46d]
V  [jvm.dll+0x20e2ed]
V  [jvm.dll+0x18b581]
V  [jvm.dll+0x21e944]
V  [jvm.dll+0x21cc6c]
V  [jvm.dll+0x75f381]
V  [jvm.dll+0x757ca4]
V  [jvm.dll+0x657715]
C  [ucrtbase.dll+0x37b0]
C  [KERNEL32.DLL+0x2e8d7]
C  [ntdll.dll+0x8c53c]


siginfo: EXCEPTION_ACCESS_VIOLATION (0xc0000005), reading address 0x00000194b01aba48


Register to memory mapping:

RIP=0x00007fff1b41d785 jvm.dll
RAX=0x0000000000000001 is an unknown value
RBX=0x0000000000000005 is an unknown value
RCX=0x000001d4b1616050 points into unknown readable memory: 0x0000000000000000 | 00 00 00 00 00 00 00 00
RDX=0x0000000000000001 is an unknown value
RSP=0x000000ae5d0fbcb0 is pointing into the stack for thread: 0x000001d4aa251000
RBP=0x000000ae5d0fbdb0 is pointing into the stack for thread: 0x000001d4aa251000
RSI=0x000001d4aba314a0 points into unknown readable memory: 0x00007fff1b5d7ae0 | e0 7a 5d 1b ff 7f 00 00
RDI=0x0000000000000004 is an unknown value
R8 =0x0 is NULL
R9 =0x00000194b01aba40 is an unknown value
R10=0x000001d4aba314a0 points into unknown readable memory: 0x00007fff1b5d7ae0 | e0 7a 5d 1b ff 7f 00 00
R11=0x0000000000000010 is an unknown value
R12=0x0 is NULL
R13=0x0000000000000003 is an unknown value
R14=0x000000ae5d0fc450 is pointing into the stack for thread: 0x000001d4aa251000
R15=0x000001d4b01ab9e8 points into unknown readable memory: 0x00007fff1b5d32f0 | f0 32 5d 1b ff 7f 00 00


Registers:
RAX=0x0000000000000001, RBX=0x0000000000000005, RCX=0x000001d4b1616050, RDX=0x0000000000000001
RSP=0x000000ae5d0fbcb0, RBP=0x000000ae5d0fbdb0, RSI=0x000001d4aba314a0, RDI=0x0000000000000004
R8 =0x0000000000000000, R9 =0x00000194b01aba40, R10=0x000001d4aba314a0, R11=0x0000000000000010
R12=0x0000000000000000, R13=0x0000000000000003, R14=0x000000ae5d0fc450, R15=0x000001d4b01ab9e8
RIP=0x00007fff1b41d785, EFLAGS=0x0000000000010202

Top of Stack: (sp=0x000000ae5d0fbcb0)
0x000000ae5d0fbcb0:   0000000000068a60 000000ae000000a6
0x000000ae5d0fbcc0:   0000000000000000 000000ae5d0fbdb0
0x000000ae5d0fbcd0:   000001d400003fe5 000001d4b1e78cc0
0x000000ae5d0fbce0:   000001d4b11c9540 000000ae5d0fbde0
0x000000ae5d0fbcf0:   000000ae00000002 000000ae5d0fbde0
0x000000ae5d0fbd00:   000001d400000001 0000000000000008
0x000000ae5d0fbd10:   000001d4aba314a0 0000000100003d74
0x000000ae5d0fbd20:   000001d4aba314b8 0000001100003d51
0x000000ae5d0fbd30:   0000000000000003 0000000000000011
0x000000ae5d0fbd40:   000001d4b1e79a80 000001d400000000
0x000000ae5d0fbd50:   000001d4aba314b8 0000000000000119
0x000000ae5d0fbd60:   000001d4b1e79b10 00003f7500000000
0x000000ae5d0fbd70:   000000ae5d0fc180 00007fff00000013
0x000000ae5d0fbd80:   000001d4b3226e20 000001d4aba314c0
0x000000ae5d0fbd90:   000001d4b11c9540 000001d4b01ab9e8
0x000000ae5d0fbda0:   00000000002652a0 0000000000000000 

Instructions: (pc=0x00007fff1b41d785)
0x00007fff1b41d765:   7c 0a 30 2f 75 00 00 0f 8d a9 18 00 00 ba 01 00
0x00007fff1b41d775:   00 00 4d 8b c4 44 3b ea 76 2e 4d 8b 4f 08 8b c2
0x00007fff1b41d785:   49 8b 0c c1 49 3b c8 74 0d 49 3b cf 74 08 4d 85
0x00007fff1b41d795:   c0 75 0c 4c 8b c1 ff c2 41 3b d5 72 e1 eb 09 41 


Stack slot to memory mapping:
stack at sp + 0 slots: 0x0000000000068a60 is an unknown value
stack at sp + 1 slots: 0x000000ae000000a6 is an unknown value
stack at sp + 2 slots: 0x0 is NULL
stack at sp + 3 slots: 0x000000ae5d0fbdb0 is pointing into the stack for thread: 0x000001d4aa251000
stack at sp + 4 slots: 0x000001d400003fe5 is an unknown value
stack at sp + 5 slots: 0x000001d4b1e78cc0 points into unknown readable memory: 0x0000000000000000 | 00 00 00 00 00 00 00 00
stack at sp + 6 slots: 0x000001d4b11c9540 points into unknown readable memory: 0x0000000000000000 | 00 00 00 00 00 00 00 00
stack at sp + 7 slots: 0x000000ae5d0fbde0 is pointing into the stack for thread: 0x000001d4aa251000


---------------  P R O C E S S  ---------------

Threads class SMR info:
_java_thread_list=0x000001d4b12220f0, length=26, elements={
0x000001d48d261800, 0x000001d4aa1fe000, 0x000001d4aa200000, 0x000001d4aa24d800,
0x000001d4aa24e800, 0x000001d4aa24f800, 0x000001d4aa251000, 0x000001d4aa254000,
0x000001d4aa257000, 0x000001d4aa32d800, 0x000001d4abd67800, 0x000001d4ac778800,
0x000001d4acc8a000, 0x000001d4ac55f000, 0x000001d4ac560000, 0x000001d4ac42e000,
0x000001d4abd01800, 0x000001d4abd83800, 0x000001d4ac71b800, 0x000001d4ac869800,
0x000001d4acac8800, 0x000001d4acac6800, 0x000001d4acac9800, 0x000001d4ace7a000,
0x000001d4aff1e800, 0x000001d4acac7000
}

Java Threads: ( => current thread )
  0x000001d48d261800 JavaThread "main" [_thread_blocked, id=31344, stack(0x000000ae5c400000,0x000000ae5c500000)]
  0x000001d4aa1fe000 JavaThread "Reference Handler" daemon [_thread_blocked, id=21940, stack(0x000000ae5cb00000,0x000000ae5cc00000)]
  0x000001d4aa200000 JavaThread "Finalizer" daemon [_thread_blocked, id=2364, stack(0x000000ae5cc00000,0x000000ae5cd00000)]
  0x000001d4aa24d800 JavaThread "Signal Dispatcher" daemon [_thread_blocked, id=21092, stack(0x000000ae5cd00000,0x000000ae5ce00000)]
  0x000001d4aa24e800 JavaThread "Attach Listener" daemon [_thread_blocked, id=31464, stack(0x000000ae5ce00000,0x000000ae5cf00000)]
  0x000001d4aa24f800 JavaThread "Service Thread" daemon [_thread_blocked, id=31516, stack(0x000000ae5cf00000,0x000000ae5d000000)]
=>0x000001d4aa251000 JavaThread "C2 CompilerThread0" daemon [_thread_in_native, id=30060, stack(0x000000ae5d000000,0x000000ae5d100000)]
  0x000001d4aa254000 JavaThread "C1 CompilerThread0" daemon [_thread_blocked, id=9884, stack(0x000000ae5d100000,0x000000ae5d200000)]
  0x000001d4aa257000 JavaThread "Sweeper thread" daemon [_thread_blocked, id=31160, stack(0x000000ae5d200000,0x000000ae5d300000)]
  0x000001d4aa32d800 JavaThread "Common-Cleaner" daemon [_thread_blocked, id=29160, stack(0x000000ae5d300000,0x000000ae5d400000)]
  0x000001d4abd67800 JavaThread "Daemon health stats" [_thread_blocked, id=9892, stack(0x000000ae5dc00000,0x000000ae5dd00000)]
  0x000001d4ac778800 JavaThread "Incoming local TCP Connector on port 10506" [_thread_in_native, id=29596, stack(0x000000ae5d400000,0x000000ae5d500000)]
  0x000001d4acc8a000 JavaThread "Daemon periodic checks" [_thread_blocked, id=8396, stack(0x000000ae5d600000,0x000000ae5d700000)]
  0x000001d4ac55f000 JavaThread "Daemon" [_thread_blocked, id=16796, stack(0x000000ae5dd00000,0x000000ae5de00000)]
  0x000001d4ac560000 JavaThread "Handler for socket connection from /127.0.0.1:10506 to /127.0.0.1:10507" [_thread_in_native, id=24396, stack(0x000000ae5de00000,0x000000ae5df00000)]
  0x000001d4ac42e000 JavaThread "Cancel handler" [_thread_blocked, id=30360, stack(0x000000ae5df00000,0x000000ae5e000000)]
  0x000001d4abd01800 JavaThread "Daemon worker" [_thread_in_Java, id=31612, stack(0x000000ae5e000000,0x000000ae5e100000)]
  0x000001d4abd83800 JavaThread "Asynchronous log dispatcher for DefaultDaemonConnection: socket connection from /127.0.0.1:10506 to /127.0.0.1:10507" [_thread_blocked, id=6052, stack(0x000000ae5e100000,0x000000ae5e200000)]
  0x000001d4ac71b800 JavaThread "Stdin handler" [_thread_blocked, id=31520, stack(0x000000ae5e200000,0x000000ae5e300000)]
  0x000001d4ac869800 JavaThread "Daemon client event forwarder" [_thread_blocked, id=16512, stack(0x000000ae5e300000,0x000000ae5e400000)]
  0x000001d4acac8800 JavaThread "Cache worker for journal cache (C:\Users\croha\.gradle\caches\journal-1)" [_thread_blocked, id=31328, stack(0x000000ae5e700000,0x000000ae5e800000)]
  0x000001d4acac6800 JavaThread "File lock request listener" [_thread_in_native, id=29476, stack(0x000000ae5e800000,0x000000ae5e900000)]
  0x000001d4acac9800 JavaThread "Cache worker for file hash cache (C:\Users\croha\.gradle\caches\8.12.1\fileHashes)" [_thread_blocked, id=29852, stack(0x000000ae5e900000,0x000000ae5ea00000)]
  0x000001d4ace7a000 JavaThread "C2 CompilerThread1" daemon [_thread_in_native, id=30144, stack(0x000000ae5ea00000,0x000000ae5eb00000)]
  0x000001d4aff1e800 JavaThread "C2 CompilerThread2" daemon [_thread_in_native, id=19612, stack(0x000000ae5eb00000,0x000000ae5ec00000)]
  0x000001d4acac7000 JavaThread "Problems report writer" [_thread_blocked, id=27664, stack(0x000000ae5ec00000,0x000000ae5ed00000)]

Other Threads:
  0x000001d4aa1eb000 VMThread "VM Thread" [stack: 0x000000ae5ca00000,0x000000ae5cb00000] [id=31592]
  0x000001d4aa5ae000 WatcherThread [stack: 0x000000ae5d500000,0x000000ae5d600000] [id=29796]
  0x000001d48d279000 GCTaskThread "GC Thread#0" [stack: 0x000000ae5c500000,0x000000ae5c600000] [id=30896]
  0x000001d4aa823800 GCTaskThread "GC Thread#1" [stack: 0x000000ae5d700000,0x000000ae5d800000] [id=24840]
  0x000001d4aabe3800 GCTaskThread "GC Thread#2" [stack: 0x000000ae5d800000,0x000000ae5d900000] [id=12740]
  0x000001d4aab12800 GCTaskThread "GC Thread#3" [stack: 0x000000ae5d900000,0x000000ae5da00000] [id=1780]
  0x000001d4aaac0000 GCTaskThread "GC Thread#4" [stack: 0x000000ae5da00000,0x000000ae5db00000] [id=30932]
  0x000001d4aac78800 GCTaskThread "GC Thread#5" [stack: 0x000000ae5db00000,0x000000ae5dc00000] [id=30176]
  0x000001d4abd52000 GCTaskThread "GC Thread#6" [stack: 0x000000ae5e400000,0x000000ae5e500000] [id=25008]
  0x000001d4abdd5000 GCTaskThread "GC Thread#7" [stack: 0x000000ae5e500000,0x000000ae5e600000] [id=15092]
  0x000001d48d28b800 ConcurrentGCThread "G1 Main Marker" [stack: 0x000000ae5c600000,0x000000ae5c700000] [id=26820]
  0x000001d48d28d000 ConcurrentGCThread "G1 Conc#0" [stack: 0x000000ae5c700000,0x000000ae5c800000] [id=31296]
  0x000001d4aba59800 ConcurrentGCThread "G1 Conc#1" [stack: 0x000000ae5e600000,0x000000ae5e700000] [id=29844]
  0x000001d4a9856800 ConcurrentGCThread "G1 Refine#0" [stack: 0x000000ae5c800000,0x000000ae5c900000] [id=30308]
  0x000001d4a9858800 ConcurrentGCThread "G1 Young RemSet Sampling" [stack: 0x000000ae5c900000,0x000000ae5ca00000] [id=31096]

Threads with active compile tasks:
C2 CompilerThread0     3214 2277   !   4       java.lang.ClassLoader::loadClass (122 bytes)
C1 CompilerThread0     3214 2554       3       com.google.common.io.LineReader$1::handleLine (15 bytes)
C2 CompilerThread1     3214 2349   !   4       java.net.URLClassLoader::findClass (47 bytes)
C2 CompilerThread2     3214 2350   !   4       java.net.URLClassLoader$1::run (81 bytes)

VM state:not at safepoint (normal execution)

VM Mutex/Monitor currently owned by a thread: None

Heap address: 0x00000000e0000000, size: 512 MB, Compressed Oops mode: 32-bit
Narrow klass base: 0x0000000000000000, Narrow klass shift: 3
Compressed class space size: 394264576 Address: 0x0000000100000000

Heap:
 garbage-first heap   total 262144K, used 26930K [0x00000000e0000000, 0x0000000100000000)
  region size 1024K, 10 young (10240K), 5 survivors (5120K)
 Metaspace       used 29629K, capacity 30342K, committed 30384K, reserved 411648K
  class space    used 3812K, capacity 4086K, committed 4096K, reserved 385024K
Heap Regions: E=young(eden), S=young(survivor), O=old, HS=humongous(starts), HC=humongous(continues), CS=collection set, F=free, A=archive, TAMS=top-at-mark-start (previous, next)
|   0|0x00000000e0000000, 0x00000000e0100000, 0x00000000e0100000|100%| O|  |TAMS 0x00000000e0100000, 0x00000000e0000000| Untracked 
|   1|0x00000000e0100000, 0x00000000e0200000, 0x00000000e0200000|100%| O|  |TAMS 0x00000000e0200000, 0x00000000e0100000| Untracked 
|   2|0x00000000e0200000, 0x00000000e0300000, 0x00000000e0300000|100%|HS|  |TAMS 0x00000000e0300000, 0x00000000e0200000| Complete 
|   3|0x00000000e0300000, 0x00000000e0400000, 0x00000000e0400000|100%|HC|  |TAMS 0x00000000e0400000, 0x00000000e0300000| Complete 
|   4|0x00000000e0400000, 0x00000000e0500000, 0x00000000e0500000|100%|HC|  |TAMS 0x00000000e0500000, 0x00000000e0400000| Complete 
|   5|0x00000000e0500000, 0x00000000e0600000, 0x00000000e0600000|100%|HS|  |TAMS 0x00000000e0600000, 0x00000000e0500000| Complete 
|   6|0x00000000e0600000, 0x00000000e0700000, 0x00000000e0700000|100%| O|  |TAMS 0x00000000e0700000, 0x00000000e0600000| Untracked 
|   7|0x00000000e0700000, 0x00000000e0800000, 0x00000000e0800000|100%| O|  |TAMS 0x00000000e0800000, 0x00000000e0700000| Untracked 
|   8|0x00000000e0800000, 0x00000000e0900000, 0x00000000e0900000|100%| O|  |TAMS 0x00000000e0831e00, 0x00000000e0800000| Untracked 
|   9|0x00000000e0900000, 0x00000000e0a00000, 0x00000000e0a00000|100%| O|  |TAMS 0x00000000e0900000, 0x00000000e0900000| Untracked 
|  10|0x00000000e0a00000, 0x00000000e0b00000, 0x00000000e0b00000|100%| O|  |TAMS 0x00000000e0a00000, 0x00000000e0a00000| Untracked 
|  11|0x00000000e0b00000, 0x00000000e0c00000, 0x00000000e0c00000|100%| O|  |TAMS 0x00000000e0b00000, 0x00000000e0b00000| Untracked 
|  12|0x00000000e0c00000, 0x00000000e0d00000, 0x00000000e0d00000|100%| O|  |TAMS 0x00000000e0c00000, 0x00000000e0c00000| Untracked 
|  13|0x00000000e0d00000, 0x00000000e0e00000, 0x00000000e0e00000|100%| O|  |TAMS 0x00000000e0d00000, 0x00000000e0d00000| Untracked 
|  14|0x00000000e0e00000, 0x00000000e0f00000, 0x00000000e0f00000|100%| O|  |TAMS 0x00000000e0e00000, 0x00000000e0e00000| Untracked 
|  15|0x00000000e0f00000, 0x00000000e1000000, 0x00000000e1000000|100%| O|  |TAMS 0x00000000e0f00000, 0x00000000e0f00000| Untracked 
|  16|0x00000000e1000000, 0x00000000e1100000, 0x00000000e1100000|100%| O|  |TAMS 0x00000000e1000000, 0x00000000e1000000| Untracked 
|  17|0x00000000e1100000, 0x00000000e1200000, 0x00000000e1200000|100%| O|  |TAMS 0x00000000e1100000, 0x00000000e1100000| Untracked 
|  18|0x00000000e1200000, 0x00000000e1221a00, 0x00000000e1300000| 13%| O|  |TAMS 0x00000000e1200000, 0x00000000e1200000| Untracked 
|  19|0x00000000e1300000, 0x00000000e1300000, 0x00000000e1400000|  0%| F|  |TAMS 0x00000000e1300000, 0x00000000e1300000| Untracked 
|  20|0x00000000e1400000, 0x00000000e1400000, 0x00000000e1500000|  0%| F|  |TAMS 0x00000000e1400000, 0x00000000e1400000| Untracked 
|  21|0x00000000e1500000, 0x00000000e1500000, 0x00000000e1600000|  0%| F|  |TAMS 0x00000000e1500000, 0x00000000e1500000| Untracked 
|  22|0x00000000e1600000, 0x00000000e1600000, 0x00000000e1700000|  0%| F|  |TAMS 0x00000000e1600000, 0x00000000e1600000| Untracked 
|  23|0x00000000e1700000, 0x00000000e1700000, 0x00000000e1800000|  0%| F|  |TAMS 0x00000000e1700000, 0x00000000e1700000| Untracked 
|  24|0x00000000e1800000, 0x00000000e1800000, 0x00000000e1900000|  0%| F|  |TAMS 0x00000000e1800000, 0x00000000e1800000| Untracked 
|  25|0x00000000e1900000, 0x00000000e1900000, 0x00000000e1a00000|  0%| F|  |TAMS 0x00000000e1900000, 0x00000000e1900000| Untracked 
|  26|0x00000000e1a00000, 0x00000000e1a00000, 0x00000000e1b00000|  0%| F|  |TAMS 0x00000000e1a00000, 0x00000000e1a00000| Untracked 
|  27|0x00000000e1b00000, 0x00000000e1b00000, 0x00000000e1c00000|  0%| F|  |TAMS 0x00000000e1b00000, 0x00000000e1b00000| Untracked 
|  28|0x00000000e1c00000, 0x00000000e1c00000, 0x00000000e1d00000|  0%| F|  |TAMS 0x00000000e1c00000, 0x00000000e1c00000| Untracked 
|  29|0x00000000e1d00000, 0x00000000e1d00000, 0x00000000e1e00000|  0%| F|  |TAMS 0x00000000e1d00000, 0x00000000e1d00000| Untracked 
|  30|0x00000000e1e00000, 0x00000000e1e00000, 0x00000000e1f00000|  0%| F|  |TAMS 0x00000000e1e00000, 0x00000000e1e00000| Untracked 
|  31|0x00000000e1f00000, 0x00000000e1f00000, 0x00000000e2000000|  0%| F|  |TAMS 0x00000000e1f00000, 0x00000000e1f00000| Untracked 
|  32|0x00000000e2000000, 0x00000000e2000000, 0x00000000e2100000|  0%| F|  |TAMS 0x00000000e2000000, 0x00000000e2000000| Untracked 
|  33|0x00000000e2100000, 0x00000000e2100000, 0x00000000e2200000|  0%| F|  |TAMS 0x00000000e2100000, 0x00000000e2100000| Untracked 
|  34|0x00000000e2200000, 0x00000000e2200000, 0x00000000e2300000|  0%| F|  |TAMS 0x00000000e2200000, 0x00000000e2200000| Untracked 
|  35|0x00000000e2300000, 0x00000000e2300000, 0x00000000e2400000|  0%| F|  |TAMS 0x00000000e2300000, 0x00000000e2300000| Untracked 
|  36|0x00000000e2400000, 0x00000000e2400000, 0x00000000e2500000|  0%| F|  |TAMS 0x00000000e2400000, 0x00000000e2400000| Untracked 
|  37|0x00000000e2500000, 0x00000000e2500000, 0x00000000e2600000|  0%| F|  |TAMS 0x00000000e2500000, 0x00000000e2500000| Untracked 
|  38|0x00000000e2600000, 0x00000000e2600000, 0x00000000e2700000|  0%| F|  |TAMS 0x00000000e2600000, 0x00000000e2600000| Untracked 
|  39|0x00000000e2700000, 0x00000000e2700000, 0x00000000e2800000|  0%| F|  |TAMS 0x00000000e2700000, 0x00000000e2700000| Untracked 
|  40|0x00000000e2800000, 0x00000000e2800000, 0x00000000e2900000|  0%| F|  |TAMS 0x00000000e2800000, 0x00000000e2800000| Untracked 
|  41|0x00000000e2900000, 0x00000000e2900000, 0x00000000e2a00000|  0%| F|  |TAMS 0x00000000e2900000, 0x00000000e2900000| Untracked 
|  42|0x00000000e2a00000, 0x00000000e2a00000, 0x00000000e2b00000|  0%| F|  |TAMS 0x00000000e2a00000, 0x00000000e2a00000| Untracked 
|  43|0x00000000e2b00000, 0x00000000e2b00000, 0x00000000e2c00000|  0%| F|  |TAMS 0x00000000e2b00000, 0x00000000e2b00000| Untracked 
|  44|0x00000000e2c00000, 0x00000000e2c00000, 0x00000000e2d00000|  0%| F|  |TAMS 0x00000000e2c00000, 0x00000000e2c00000| Untracked 
|  45|0x00000000e2d00000, 0x00000000e2d00000, 0x00000000e2e00000|  0%| F|  |TAMS 0x00000000e2d00000, 0x00000000e2d00000| Untracked 
|  46|0x00000000e2e00000, 0x00000000e2e00000, 0x00000000e2f00000|  0%| F|  |TAMS 0x00000000e2e00000, 0x00000000e2e00000| Untracked 
|  47|0x00000000e2f00000, 0x00000000e2f00000, 0x00000000e3000000|  0%| F|  |TAMS 0x00000000e2f00000, 0x00000000e2f00000| Untracked 
|  48|0x00000000e3000000, 0x00000000e3000000, 0x00000000e3100000|  0%| F|  |TAMS 0x00000000e3000000, 0x00000000e3000000| Untracked 
|  49|0x00000000e3100000, 0x00000000e3100000, 0x00000000e3200000|  0%| F|  |TAMS 0x00000000e3100000, 0x00000000e3100000| Untracked 
|  50|0x00000000e3200000, 0x00000000e3200000, 0x00000000e3300000|  0%| F|  |TAMS 0x00000000e3200000, 0x00000000e3200000| Untracked 
|  51|0x00000000e3300000, 0x00000000e3300000, 0x00000000e3400000|  0%| F|  |TAMS 0x00000000e3300000, 0x00000000e3300000| Untracked 
|  52|0x00000000e3400000, 0x00000000e3400000, 0x00000000e3500000|  0%| F|  |TAMS 0x00000000e3400000, 0x00000000e3400000| Untracked 
|  53|0x00000000e3500000, 0x00000000e3500000, 0x00000000e3600000|  0%| F|  |TAMS 0x00000000e3500000, 0x00000000e3500000| Untracked 
|  54|0x00000000e3600000, 0x00000000e3600000, 0x00000000e3700000|  0%| F|  |TAMS 0x00000000e3600000, 0x00000000e3600000| Untracked 
|  55|0x00000000e3700000, 0x00000000e3700000, 0x00000000e3800000|  0%| F|  |TAMS 0x00000000e3700000, 0x00000000e3700000| Untracked 
|  56|0x00000000e3800000, 0x00000000e3800000, 0x00000000e3900000|  0%| F|  |TAMS 0x00000000e3800000, 0x00000000e3800000| Untracked 
|  57|0x00000000e3900000, 0x00000000e3900000, 0x00000000e3a00000|  0%| F|  |TAMS 0x00000000e3900000, 0x00000000e3900000| Untracked 
|  58|0x00000000e3a00000, 0x00000000e3a00000, 0x00000000e3b00000|  0%| F|  |TAMS 0x00000000e3a00000, 0x00000000e3a00000| Untracked 
|  59|0x00000000e3b00000, 0x00000000e3b00000, 0x00000000e3c00000|  0%| F|  |TAMS 0x00000000e3b00000, 0x00000000e3b00000| Untracked 
|  60|0x00000000e3c00000, 0x00000000e3c00000, 0x00000000e3d00000|  0%| F|  |TAMS 0x00000000e3c00000, 0x00000000e3c00000| Untracked 
|  61|0x00000000e3d00000, 0x00000000e3d00000, 0x00000000e3e00000|  0%| F|  |TAMS 0x00000000e3d00000, 0x00000000e3d00000| Untracked 
|  62|0x00000000e3e00000, 0x00000000e3e00000, 0x00000000e3f00000|  0%| F|  |TAMS 0x00000000e3e00000, 0x00000000e3e00000| Untracked 
|  63|0x00000000e3f00000, 0x00000000e3f00000, 0x00000000e4000000|  0%| F|  |TAMS 0x00000000e3f00000, 0x00000000e3f00000| Untracked 
|  64|0x00000000e4000000, 0x00000000e4000000, 0x00000000e4100000|  0%| F|  |TAMS 0x00000000e4000000, 0x00000000e4000000| Untracked 
|  65|0x00000000e4100000, 0x00000000e4100000, 0x00000000e4200000|  0%| F|  |TAMS 0x00000000e4100000, 0x00000000e4100000| Untracked 
|  66|0x00000000e4200000, 0x00000000e4200000, 0x00000000e4300000|  0%| F|  |TAMS 0x00000000e4200000, 0x00000000e4200000| Untracked 
|  67|0x00000000e4300000, 0x00000000e4300000, 0x00000000e4400000|  0%| F|  |TAMS 0x00000000e4300000, 0x00000000e4300000| Untracked 
|  68|0x00000000e4400000, 0x00000000e4400000, 0x00000000e4500000|  0%| F|  |TAMS 0x00000000e4400000, 0x00000000e4400000| Untracked 
|  69|0x00000000e4500000, 0x00000000e4500000, 0x00000000e4600000|  0%| F|  |TAMS 0x00000000e4500000, 0x00000000e4500000| Untracked 
|  70|0x00000000e4600000, 0x00000000e4600000, 0x00000000e4700000|  0%| F|  |TAMS 0x00000000e4600000, 0x00000000e4600000| Untracked 
|  71|0x00000000e4700000, 0x00000000e4700000, 0x00000000e4800000|  0%| F|  |TAMS 0x00000000e4700000, 0x00000000e4700000| Untracked 
|  72|0x00000000e4800000, 0x00000000e4800000, 0x00000000e4900000|  0%| F|  |TAMS 0x00000000e4800000, 0x00000000e4800000| Untracked 
|  73|0x00000000e4900000, 0x00000000e4900000, 0x00000000e4a00000|  0%| F|  |TAMS 0x00000000e4900000, 0x00000000e4900000| Untracked 
|  74|0x00000000e4a00000, 0x00000000e4a00000, 0x00000000e4b00000|  0%| F|  |TAMS 0x00000000e4a00000, 0x00000000e4a00000| Untracked 
|  75|0x00000000e4b00000, 0x00000000e4b00000, 0x00000000e4c00000|  0%| F|  |TAMS 0x00000000e4b00000, 0x00000000e4b00000| Untracked 
|  76|0x00000000e4c00000, 0x00000000e4c00000, 0x00000000e4d00000|  0%| F|  |TAMS 0x00000000e4c00000, 0x00000000e4c00000| Untracked 
|  77|0x00000000e4d00000, 0x00000000e4d00000, 0x00000000e4e00000|  0%| F|  |TAMS 0x00000000e4d00000, 0x00000000e4d00000| Untracked 
|  78|0x00000000e4e00000, 0x00000000e4e00000, 0x00000000e4f00000|  0%| F|  |TAMS 0x00000000e4e00000, 0x00000000e4e00000| Untracked 
|  79|0x00000000e4f00000, 0x00000000e4f00000, 0x00000000e5000000|  0%| F|  |TAMS 0x00000000e4f00000, 0x00000000e4f00000| Untracked 
|  80|0x00000000e5000000, 0x00000000e5000000, 0x00000000e5100000|  0%| F|  |TAMS 0x00000000e5000000, 0x00000000e5000000| Untracked 
|  81|0x00000000e5100000, 0x00000000e5100000, 0x00000000e5200000|  0%| F|  |TAMS 0x00000000e5100000, 0x00000000e5100000| Untracked 
|  82|0x00000000e5200000, 0x00000000e5200000, 0x00000000e5300000|  0%| F|  |TAMS 0x00000000e5200000, 0x00000000e5200000| Untracked 
|  83|0x00000000e5300000, 0x00000000e5300000, 0x00000000e5400000|  0%| F|  |TAMS 0x00000000e5300000, 0x00000000e5300000| Untracked 
|  84|0x00000000e5400000, 0x00000000e5400000, 0x00000000e5500000|  0%| F|  |TAMS 0x00000000e5400000, 0x00000000e5400000| Untracked 
|  85|0x00000000e5500000, 0x00000000e5500000, 0x00000000e5600000|  0%| F|  |TAMS 0x00000000e5500000, 0x00000000e5500000| Untracked 
|  86|0x00000000e5600000, 0x00000000e5600000, 0x00000000e5700000|  0%| F|  |TAMS 0x00000000e5600000, 0x00000000e5600000| Untracked 
|  87|0x00000000e5700000, 0x00000000e5700000, 0x00000000e5800000|  0%| F|  |TAMS 0x00000000e5700000, 0x00000000e5700000| Untracked 
|  88|0x00000000e5800000, 0x00000000e5800000, 0x00000000e5900000|  0%| F|  |TAMS 0x00000000e5800000, 0x00000000e5800000| Untracked 
|  89|0x00000000e5900000, 0x00000000e5900000, 0x00000000e5a00000|  0%| F|  |TAMS 0x00000000e5900000, 0x00000000e5900000| Untracked 
|  90|0x00000000e5a00000, 0x00000000e5a00000, 0x00000000e5b00000|  0%| F|  |TAMS 0x00000000e5a00000, 0x00000000e5a00000| Untracked 
|  91|0x00000000e5b00000, 0x00000000e5b00000, 0x00000000e5c00000|  0%| F|  |TAMS 0x00000000e5b00000, 0x00000000e5b00000| Untracked 
|  92|0x00000000e5c00000, 0x00000000e5c00000, 0x00000000e5d00000|  0%| F|  |TAMS 0x00000000e5c00000, 0x00000000e5c00000| Untracked 
|  93|0x00000000e5d00000, 0x00000000e5d00000, 0x00000000e5e00000|  0%| F|  |TAMS 0x00000000e5d00000, 0x00000000e5d00000| Untracked 
|  94|0x00000000e5e00000, 0x00000000e5e00000, 0x00000000e5f00000|  0%| F|  |TAMS 0x00000000e5e00000, 0x00000000e5e00000| Untracked 
|  95|0x00000000e5f00000, 0x00000000e5f00000, 0x00000000e6000000|  0%| F|  |TAMS 0x00000000e5f00000, 0x00000000e5f00000| Untracked 
|  96|0x00000000e6000000, 0x00000000e6000000, 0x00000000e6100000|  0%| F|  |TAMS 0x00000000e6000000, 0x00000000e6000000| Untracked 
|  97|0x00000000e6100000, 0x00000000e6100000, 0x00000000e6200000|  0%| F|  |TAMS 0x00000000e6100000, 0x00000000e6100000| Untracked 
|  98|0x00000000e6200000, 0x00000000e622b068, 0x00000000e6300000| 16%| S|CS|TAMS 0x00000000e6200000, 0x00000000e6200000| Complete 
|  99|0x00000000e6300000, 0x00000000e6400000, 0x00000000e6400000|100%| S|CS|TAMS 0x00000000e6300000, 0x00000000e6300000| Complete 
| 100|0x00000000e6400000, 0x00000000e6500000, 0x00000000e6500000|100%| S|CS|TAMS 0x00000000e6400000, 0x00000000e6400000| Complete 
| 101|0x00000000e6500000, 0x00000000e6600000, 0x00000000e6600000|100%| S|CS|TAMS 0x00000000e6500000, 0x00000000e6500000| Complete 
| 102|0x00000000e6600000, 0x00000000e6700000, 0x00000000e6700000|100%| S|CS|TAMS 0x00000000e6600000, 0x00000000e6600000| Complete 
| 103|0x00000000e6700000, 0x00000000e6700000, 0x00000000e6800000|  0%| F|  |TAMS 0x00000000e6700000, 0x00000000e6700000| Untracked 
| 104|0x00000000e6800000, 0x00000000e6800000, 0x00000000e6900000|  0%| F|  |TAMS 0x00000000e6800000, 0x00000000e6800000| Untracked 
| 105|0x00000000e6900000, 0x00000000e6900000, 0x00000000e6a00000|  0%| F|  |TAMS 0x00000000e6900000, 0x00000000e6900000| Untracked 
| 106|0x00000000e6a00000, 0x00000000e6a00000, 0x00000000e6b00000|  0%| F|  |TAMS 0x00000000e6a00000, 0x00000000e6a00000| Untracked 
| 107|0x00000000e6b00000, 0x00000000e6b00000, 0x00000000e6c00000|  0%| F|  |TAMS 0x00000000e6b00000, 0x00000000e6b00000| Untracked 
| 108|0x00000000e6c00000, 0x00000000e6c00000, 0x00000000e6d00000|  0%| F|  |TAMS 0x00000000e6c00000, 0x00000000e6c00000| Untracked 
| 109|0x00000000e6d00000, 0x00000000e6d00000, 0x00000000e6e00000|  0%| F|  |TAMS 0x00000000e6d00000, 0x00000000e6d00000| Untracked 
| 110|0x00000000e6e00000, 0x00000000e6e00000, 0x00000000e6f00000|  0%| F|  |TAMS 0x00000000e6e00000, 0x00000000e6e00000| Untracked 
| 111|0x00000000e6f00000, 0x00000000e6f00000, 0x00000000e7000000|  0%| F|  |TAMS 0x00000000e6f00000, 0x00000000e6f00000| Untracked 
| 112|0x00000000e7000000, 0x00000000e7000000, 0x00000000e7100000|  0%| F|  |TAMS 0x00000000e7000000, 0x00000000e7000000| Untracked 
| 113|0x00000000e7100000, 0x00000000e7100000, 0x00000000e7200000|  0%| F|  |TAMS 0x00000000e7100000, 0x00000000e7100000| Untracked 
| 114|0x00000000e7200000, 0x00000000e7200000, 0x00000000e7300000|  0%| F|  |TAMS 0x00000000e7200000, 0x00000000e7200000| Untracked 
| 115|0x00000000e7300000, 0x00000000e7300000, 0x00000000e7400000|  0%| F|  |TAMS 0x00000000e7300000, 0x00000000e7300000| Untracked 
| 116|0x00000000e7400000, 0x00000000e7400000, 0x00000000e7500000|  0%| F|  |TAMS 0x00000000e7400000, 0x00000000e7400000| Untracked 
| 117|0x00000000e7500000, 0x00000000e7500000, 0x00000000e7600000|  0%| F|  |TAMS 0x00000000e7500000, 0x00000000e7500000| Untracked 
| 118|0x00000000e7600000, 0x00000000e7600000, 0x00000000e7700000|  0%| F|  |TAMS 0x00000000e7600000, 0x00000000e7600000| Untracked 
| 119|0x00000000e7700000, 0x00000000e7700000, 0x00000000e7800000|  0%| F|  |TAMS 0x00000000e7700000, 0x00000000e7700000| Untracked 
| 120|0x00000000e7800000, 0x00000000e7800000, 0x00000000e7900000|  0%| F|  |TAMS 0x00000000e7800000, 0x00000000e7800000| Untracked 
| 121|0x00000000e7900000, 0x00000000e7900000, 0x00000000e7a00000|  0%| F|  |TAMS 0x00000000e7900000, 0x00000000e7900000| Untracked 
| 122|0x00000000e7a00000, 0x00000000e7a00000, 0x00000000e7b00000|  0%| F|  |TAMS 0x00000000e7a00000, 0x00000000e7a00000| Untracked 
| 123|0x00000000e7b00000, 0x00000000e7b00000, 0x00000000e7c00000|  0%| F|  |TAMS 0x00000000e7b00000, 0x00000000e7b00000| Untracked 
| 124|0x00000000e7c00000, 0x00000000e7c00000, 0x00000000e7d00000|  0%| F|  |TAMS 0x00000000e7c00000, 0x00000000e7c00000| Untracked 
| 125|0x00000000e7d00000, 0x00000000e7d00000, 0x00000000e7e00000|  0%| F|  |TAMS 0x00000000e7d00000, 0x00000000e7d00000| Untracked 
| 126|0x00000000e7e00000, 0x00000000e7e00000, 0x00000000e7f00000|  0%| F|  |TAMS 0x00000000e7e00000, 0x00000000e7e00000| Untracked 
| 127|0x00000000e7f00000, 0x00000000e7f00000, 0x00000000e8000000|  0%| F|  |TAMS 0x00000000e7f00000, 0x00000000e7f00000| Untracked 
| 128|0x00000000e8000000, 0x00000000e8000000, 0x00000000e8100000|  0%| F|  |TAMS 0x00000000e8000000, 0x00000000e8000000| Untracked 
| 129|0x00000000e8100000, 0x00000000e8100000, 0x00000000e8200000|  0%| F|  |TAMS 0x00000000e8100000, 0x00000000e8100000| Untracked 
| 130|0x00000000e8200000, 0x00000000e8200000, 0x00000000e8300000|  0%| F|  |TAMS 0x00000000e8200000, 0x00000000e8200000| Untracked 
| 131|0x00000000e8300000, 0x00000000e8300000, 0x00000000e8400000|  0%| F|  |TAMS 0x00000000e8300000, 0x00000000e8300000| Untracked 
| 132|0x00000000e8400000, 0x00000000e8400000, 0x00000000e8500000|  0%| F|  |TAMS 0x00000000e8400000, 0x00000000e8400000| Untracked 
| 133|0x00000000e8500000, 0x00000000e8500000, 0x00000000e8600000|  0%| F|  |TAMS 0x00000000e8500000, 0x00000000e8500000| Untracked 
| 134|0x00000000e8600000, 0x00000000e8600000, 0x00000000e8700000|  0%| F|  |TAMS 0x00000000e8600000, 0x00000000e8600000| Untracked 
| 135|0x00000000e8700000, 0x00000000e8700000, 0x00000000e8800000|  0%| F|  |TAMS 0x00000000e8700000, 0x00000000e8700000| Untracked 
| 136|0x00000000e8800000, 0x00000000e8800000, 0x00000000e8900000|  0%| F|  |TAMS 0x00000000e8800000, 0x00000000e8800000| Untracked 
| 137|0x00000000e8900000, 0x00000000e8900000, 0x00000000e8a00000|  0%| F|  |TAMS 0x00000000e8900000, 0x00000000e8900000| Untracked 
| 138|0x00000000e8a00000, 0x00000000e8a00000, 0x00000000e8b00000|  0%| F|  |TAMS 0x00000000e8a00000, 0x00000000e8a00000| Untracked 
| 139|0x00000000e8b00000, 0x00000000e8b00000, 0x00000000e8c00000|  0%| F|  |TAMS 0x00000000e8b00000, 0x00000000e8b00000| Untracked 
| 140|0x00000000e8c00000, 0x00000000e8c00000, 0x00000000e8d00000|  0%| F|  |TAMS 0x00000000e8c00000, 0x00000000e8c00000| Untracked 
| 141|0x00000000e8d00000, 0x00000000e8d00000, 0x00000000e8e00000|  0%| F|  |TAMS 0x00000000e8d00000, 0x00000000e8d00000| Untracked 
| 142|0x00000000e8e00000, 0x00000000e8e00000, 0x00000000e8f00000|  0%| F|  |TAMS 0x00000000e8e00000, 0x00000000e8e00000| Untracked 
| 143|0x00000000e8f00000, 0x00000000e8f00000, 0x00000000e9000000|  0%| F|  |TAMS 0x00000000e8f00000, 0x00000000e8f00000| Untracked 
| 144|0x00000000e9000000, 0x00000000e9000000, 0x00000000e9100000|  0%| F|  |TAMS 0x00000000e9000000, 0x00000000e9000000| Untracked 
| 145|0x00000000e9100000, 0x00000000e9100000, 0x00000000e9200000|  0%| F|  |TAMS 0x00000000e9100000, 0x00000000e9100000| Untracked 
| 146|0x00000000e9200000, 0x00000000e9200000, 0x00000000e9300000|  0%| F|  |TAMS 0x00000000e9200000, 0x00000000e9200000| Untracked 
| 147|0x00000000e9300000, 0x00000000e9300000, 0x00000000e9400000|  0%| F|  |TAMS 0x00000000e9300000, 0x00000000e9300000| Untracked 
| 148|0x00000000e9400000, 0x00000000e9400000, 0x00000000e9500000|  0%| F|  |TAMS 0x00000000e9400000, 0x00000000e9400000| Untracked 
| 149|0x00000000e9500000, 0x00000000e9500000, 0x00000000e9600000|  0%| F|  |TAMS 0x00000000e9500000, 0x00000000e9500000| Untracked 
| 150|0x00000000e9600000, 0x00000000e9600000, 0x00000000e9700000|  0%| F|  |TAMS 0x00000000e9600000, 0x00000000e9600000| Untracked 
| 151|0x00000000e9700000, 0x00000000e9700000, 0x00000000e9800000|  0%| F|  |TAMS 0x00000000e9700000, 0x00000000e9700000| Untracked 
| 152|0x00000000e9800000, 0x00000000e9800000, 0x00000000e9900000|  0%| F|  |TAMS 0x00000000e9800000, 0x00000000e9800000| Untracked 
| 153|0x00000000e9900000, 0x00000000e9900000, 0x00000000e9a00000|  0%| F|  |TAMS 0x00000000e9900000, 0x00000000e9900000| Untracked 
| 154|0x00000000e9a00000, 0x00000000e9a00000, 0x00000000e9b00000|  0%| F|  |TAMS 0x00000000e9a00000, 0x00000000e9a00000| Untracked 
| 155|0x00000000e9b00000, 0x00000000e9b00000, 0x00000000e9c00000|  0%| F|  |TAMS 0x00000000e9b00000, 0x00000000e9b00000| Untracked 
| 156|0x00000000e9c00000, 0x00000000e9c00000, 0x00000000e9d00000|  0%| F|  |TAMS 0x00000000e9c00000, 0x00000000e9c00000| Untracked 
| 157|0x00000000e9d00000, 0x00000000e9d00000, 0x00000000e9e00000|  0%| F|  |TAMS 0x00000000e9d00000, 0x00000000e9d00000| Untracked 
| 158|0x00000000e9e00000, 0x00000000e9e00000, 0x00000000e9f00000|  0%| F|  |TAMS 0x00000000e9e00000, 0x00000000e9e00000| Untracked 
| 159|0x00000000e9f00000, 0x00000000e9f00000, 0x00000000ea000000|  0%| F|  |TAMS 0x00000000e9f00000, 0x00000000e9f00000| Untracked 
| 160|0x00000000ea000000, 0x00000000ea000000, 0x00000000ea100000|  0%| F|  |TAMS 0x00000000ea000000, 0x00000000ea000000| Untracked 
| 161|0x00000000ea100000, 0x00000000ea100000, 0x00000000ea200000|  0%| F|  |TAMS 0x00000000ea100000, 0x00000000ea100000| Untracked 
| 162|0x00000000ea200000, 0x00000000ea200000, 0x00000000ea300000|  0%| F|  |TAMS 0x00000000ea200000, 0x00000000ea200000| Untracked 
| 163|0x00000000ea300000, 0x00000000ea300000, 0x00000000ea400000|  0%| F|  |TAMS 0x00000000ea300000, 0x00000000ea300000| Untracked 
| 164|0x00000000ea400000, 0x00000000ea400000, 0x00000000ea500000|  0%| F|  |TAMS 0x00000000ea400000, 0x00000000ea400000| Untracked 
| 165|0x00000000ea500000, 0x00000000ea500000, 0x00000000ea600000|  0%| F|  |TAMS 0x00000000ea500000, 0x00000000ea500000| Untracked 
| 166|0x00000000ea600000, 0x00000000ea600000, 0x00000000ea700000|  0%| F|  |TAMS 0x00000000ea600000, 0x00000000ea600000| Untracked 
| 167|0x00000000ea700000, 0x00000000ea700000, 0x00000000ea800000|  0%| F|  |TAMS 0x00000000ea700000, 0x00000000ea700000| Untracked 
| 168|0x00000000ea800000, 0x00000000ea800000, 0x00000000ea900000|  0%| F|  |TAMS 0x00000000ea800000, 0x00000000ea800000| Untracked 
| 169|0x00000000ea900000, 0x00000000ea900000, 0x00000000eaa00000|  0%| F|  |TAMS 0x00000000ea900000, 0x00000000ea900000| Untracked 
| 170|0x00000000eaa00000, 0x00000000eaa00000, 0x00000000eab00000|  0%| F|  |TAMS 0x00000000eaa00000, 0x00000000eaa00000| Untracked 
| 171|0x00000000eab00000, 0x00000000eab00000, 0x00000000eac00000|  0%| F|  |TAMS 0x00000000eab00000, 0x00000000eab00000| Untracked 
| 172|0x00000000eac00000, 0x00000000eac00000, 0x00000000ead00000|  0%| F|  |TAMS 0x00000000eac00000, 0x00000000eac00000| Untracked 
| 173|0x00000000ead00000, 0x00000000ead00000, 0x00000000eae00000|  0%| F|  |TAMS 0x00000000ead00000, 0x00000000ead00000| Untracked 
| 174|0x00000000eae00000, 0x00000000eae00000, 0x00000000eaf00000|  0%| F|  |TAMS 0x00000000eae00000, 0x00000000eae00000| Untracked 
| 175|0x00000000eaf00000, 0x00000000eaf00000, 0x00000000eb000000|  0%| F|  |TAMS 0x00000000eaf00000, 0x00000000eaf00000| Untracked 
| 176|0x00000000eb000000, 0x00000000eb000000, 0x00000000eb100000|  0%| F|  |TAMS 0x00000000eb000000, 0x00000000eb000000| Untracked 
| 177|0x00000000eb100000, 0x00000000eb100000, 0x00000000eb200000|  0%| F|  |TAMS 0x00000000eb100000, 0x00000000eb100000| Untracked 
| 178|0x00000000eb200000, 0x00000000eb200000, 0x00000000eb300000|  0%| F|  |TAMS 0x00000000eb200000, 0x00000000eb200000| Untracked 
| 179|0x00000000eb300000, 0x00000000eb300000, 0x00000000eb400000|  0%| F|  |TAMS 0x00000000eb300000, 0x00000000eb300000| Untracked 
| 180|0x00000000eb400000, 0x00000000eb400000, 0x00000000eb500000|  0%| F|  |TAMS 0x00000000eb400000, 0x00000000eb400000| Untracked 
| 181|0x00000000eb500000, 0x00000000eb500000, 0x00000000eb600000|  0%| F|  |TAMS 0x00000000eb500000, 0x00000000eb500000| Untracked 
| 182|0x00000000eb600000, 0x00000000eb600000, 0x00000000eb700000|  0%| F|  |TAMS 0x00000000eb600000, 0x00000000eb600000| Untracked 
| 183|0x00000000eb700000, 0x00000000eb700000, 0x00000000eb800000|  0%| F|  |TAMS 0x00000000eb700000, 0x00000000eb700000| Untracked 
| 184|0x00000000eb800000, 0x00000000eb800000, 0x00000000eb900000|  0%| F|  |TAMS 0x00000000eb800000, 0x00000000eb800000| Untracked 
| 185|0x00000000eb900000, 0x00000000eb900000, 0x00000000eba00000|  0%| F|  |TAMS 0x00000000eb900000, 0x00000000eb900000| Untracked 
| 186|0x00000000eba00000, 0x00000000eba00000, 0x00000000ebb00000|  0%| F|  |TAMS 0x00000000eba00000, 0x00000000eba00000| Untracked 
| 187|0x00000000ebb00000, 0x00000000ebb00000, 0x00000000ebc00000|  0%| F|  |TAMS 0x00000000ebb00000, 0x00000000ebb00000| Untracked 
| 188|0x00000000ebc00000, 0x00000000ebc00000, 0x00000000ebd00000|  0%| F|  |TAMS 0x00000000ebc00000, 0x00000000ebc00000| Untracked 
| 189|0x00000000ebd00000, 0x00000000ebd00000, 0x00000000ebe00000|  0%| F|  |TAMS 0x00000000ebd00000, 0x00000000ebd00000| Untracked 
| 190|0x00000000ebe00000, 0x00000000ebe00000, 0x00000000ebf00000|  0%| F|  |TAMS 0x00000000ebe00000, 0x00000000ebe00000| Untracked 
| 191|0x00000000ebf00000, 0x00000000ebf00000, 0x00000000ec000000|  0%| F|  |TAMS 0x00000000ebf00000, 0x00000000ebf00000| Untracked 
| 192|0x00000000ec000000, 0x00000000ec000000, 0x00000000ec100000|  0%| F|  |TAMS 0x00000000ec000000, 0x00000000ec000000| Untracked 
| 193|0x00000000ec100000, 0x00000000ec100000, 0x00000000ec200000|  0%| F|  |TAMS 0x00000000ec100000, 0x00000000ec100000| Untracked 
| 194|0x00000000ec200000, 0x00000000ec200000, 0x00000000ec300000|  0%| F|  |TAMS 0x00000000ec200000, 0x00000000ec200000| Untracked 
| 195|0x00000000ec300000, 0x00000000ec300000, 0x00000000ec400000|  0%| F|  |TAMS 0x00000000ec300000, 0x00000000ec300000| Untracked 
| 196|0x00000000ec400000, 0x00000000ec400000, 0x00000000ec500000|  0%| F|  |TAMS 0x00000000ec400000, 0x00000000ec400000| Untracked 
| 197|0x00000000ec500000, 0x00000000ec500000, 0x00000000ec600000|  0%| F|  |TAMS 0x00000000ec500000, 0x00000000ec500000| Untracked 
| 198|0x00000000ec600000, 0x00000000ec600000, 0x00000000ec700000|  0%| F|  |TAMS 0x00000000ec600000, 0x00000000ec600000| Untracked 
| 199|0x00000000ec700000, 0x00000000ec700000, 0x00000000ec800000|  0%| F|  |TAMS 0x00000000ec700000, 0x00000000ec700000| Untracked 
| 200|0x00000000ec800000, 0x00000000ec800000, 0x00000000ec900000|  0%| F|  |TAMS 0x00000000ec800000, 0x00000000ec800000| Untracked 
| 201|0x00000000ec900000, 0x00000000ec900000, 0x00000000eca00000|  0%| F|  |TAMS 0x00000000ec900000, 0x00000000ec900000| Untracked 
| 202|0x00000000eca00000, 0x00000000eca00000, 0x00000000ecb00000|  0%| F|  |TAMS 0x00000000eca00000, 0x00000000eca00000| Untracked 
| 203|0x00000000ecb00000, 0x00000000ecb00000, 0x00000000ecc00000|  0%| F|  |TAMS 0x00000000ecb00000, 0x00000000ecb00000| Untracked 
| 204|0x00000000ecc00000, 0x00000000ecc00000, 0x00000000ecd00000|  0%| F|  |TAMS 0x00000000ecc00000, 0x00000000ecc00000| Untracked 
| 205|0x00000000ecd00000, 0x00000000ecd00000, 0x00000000ece00000|  0%| F|  |TAMS 0x00000000ecd00000, 0x00000000ecd00000| Untracked 
| 206|0x00000000ece00000, 0x00000000ece00000, 0x00000000ecf00000|  0%| F|  |TAMS 0x00000000ece00000, 0x00000000ece00000| Untracked 
| 207|0x00000000ecf00000, 0x00000000ecf00000, 0x00000000ed000000|  0%| F|  |TAMS 0x00000000ecf00000, 0x00000000ecf00000| Untracked 
| 208|0x00000000ed000000, 0x00000000ed000000, 0x00000000ed100000|  0%| F|  |TAMS 0x00000000ed000000, 0x00000000ed000000| Untracked 
| 209|0x00000000ed100000, 0x00000000ed100000, 0x00000000ed200000|  0%| F|  |TAMS 0x00000000ed100000, 0x00000000ed100000| Untracked 
| 210|0x00000000ed200000, 0x00000000ed200000, 0x00000000ed300000|  0%| F|  |TAMS 0x00000000ed200000, 0x00000000ed200000| Untracked 
| 211|0x00000000ed300000, 0x00000000ed300000, 0x00000000ed400000|  0%| F|  |TAMS 0x00000000ed300000, 0x00000000ed300000| Untracked 
| 212|0x00000000ed400000, 0x00000000ed400000, 0x00000000ed500000|  0%| F|  |TAMS 0x00000000ed400000, 0x00000000ed400000| Untracked 
| 213|0x00000000ed500000, 0x00000000ed500000, 0x00000000ed600000|  0%| F|  |TAMS 0x00000000ed500000, 0x00000000ed500000| Untracked 
| 214|0x00000000ed600000, 0x00000000ed600000, 0x00000000ed700000|  0%| F|  |TAMS 0x00000000ed600000, 0x00000000ed600000| Untracked 
| 215|0x00000000ed700000, 0x00000000ed700000, 0x00000000ed800000|  0%| F|  |TAMS 0x00000000ed700000, 0x00000000ed700000| Untracked 
| 216|0x00000000ed800000, 0x00000000ed800000, 0x00000000ed900000|  0%| F|  |TAMS 0x00000000ed800000, 0x00000000ed800000| Untracked 
| 217|0x00000000ed900000, 0x00000000ed900000, 0x00000000eda00000|  0%| F|  |TAMS 0x00000000ed900000, 0x00000000ed900000| Untracked 
| 218|0x00000000eda00000, 0x00000000eda00000, 0x00000000edb00000|  0%| F|  |TAMS 0x00000000eda00000, 0x00000000eda00000| Untracked 
| 219|0x00000000edb00000, 0x00000000edb00000, 0x00000000edc00000|  0%| F|  |TAMS 0x00000000edb00000, 0x00000000edb00000| Untracked 
| 220|0x00000000edc00000, 0x00000000edc00000, 0x00000000edd00000|  0%| F|  |TAMS 0x00000000edc00000, 0x00000000edc00000| Untracked 
| 221|0x00000000edd00000, 0x00000000edd00000, 0x00000000ede00000|  0%| F|  |TAMS 0x00000000edd00000, 0x00000000edd00000| Untracked 
| 222|0x00000000ede00000, 0x00000000ede00000, 0x00000000edf00000|  0%| F|  |TAMS 0x00000000ede00000, 0x00000000ede00000| Untracked 
| 223|0x00000000edf00000, 0x00000000edf00000, 0x00000000ee000000|  0%| F|  |TAMS 0x00000000edf00000, 0x00000000edf00000| Untracked 
| 224|0x00000000ee000000, 0x00000000ee000000, 0x00000000ee100000|  0%| F|  |TAMS 0x00000000ee000000, 0x00000000ee000000| Untracked 
| 225|0x00000000ee100000, 0x00000000ee100000, 0x00000000ee200000|  0%| F|  |TAMS 0x00000000ee100000, 0x00000000ee100000| Untracked 
| 226|0x00000000ee200000, 0x00000000ee200000, 0x00000000ee300000|  0%| F|  |TAMS 0x00000000ee200000, 0x00000000ee200000| Untracked 
| 227|0x00000000ee300000, 0x00000000ee300000, 0x00000000ee400000|  0%| F|  |TAMS 0x00000000ee300000, 0x00000000ee300000| Untracked 
| 228|0x00000000ee400000, 0x00000000ee400000, 0x00000000ee500000|  0%| F|  |TAMS 0x00000000ee400000, 0x00000000ee400000| Untracked 
| 229|0x00000000ee500000, 0x00000000ee500000, 0x00000000ee600000|  0%| F|  |TAMS 0x00000000ee500000, 0x00000000ee500000| Untracked 
| 230|0x00000000ee600000, 0x00000000ee600000, 0x00000000ee700000|  0%| F|  |TAMS 0x00000000ee600000, 0x00000000ee600000| Untracked 
| 231|0x00000000ee700000, 0x00000000ee700000, 0x00000000ee800000|  0%| F|  |TAMS 0x00000000ee700000, 0x00000000ee700000| Untracked 
| 232|0x00000000ee800000, 0x00000000ee800000, 0x00000000ee900000|  0%| F|  |TAMS 0x00000000ee800000, 0x00000000ee800000| Untracked 
| 233|0x00000000ee900000, 0x00000000ee900000, 0x00000000eea00000|  0%| F|  |TAMS 0x00000000ee900000, 0x00000000ee900000| Untracked 
| 234|0x00000000eea00000, 0x00000000eea00000, 0x00000000eeb00000|  0%| F|  |TAMS 0x00000000eea00000, 0x00000000eea00000| Untracked 
| 235|0x00000000eeb00000, 0x00000000eeb00000, 0x00000000eec00000|  0%| F|  |TAMS 0x00000000eeb00000, 0x00000000eeb00000| Untracked 
| 236|0x00000000eec00000, 0x00000000eec00000, 0x00000000eed00000|  0%| F|  |TAMS 0x00000000eec00000, 0x00000000eec00000| Untracked 
| 237|0x00000000eed00000, 0x00000000eed00000, 0x00000000eee00000|  0%| F|  |TAMS 0x00000000eed00000, 0x00000000eed00000| Untracked 
| 238|0x00000000eee00000, 0x00000000eee00000, 0x00000000eef00000|  0%| F|  |TAMS 0x00000000eee00000, 0x00000000eee00000| Untracked 
| 239|0x00000000eef00000, 0x00000000eef00000, 0x00000000ef000000|  0%| F|  |TAMS 0x00000000eef00000, 0x00000000eef00000| Untracked 
| 240|0x00000000ef000000, 0x00000000ef000000, 0x00000000ef100000|  0%| F|  |TAMS 0x00000000ef000000, 0x00000000ef000000| Untracked 
| 241|0x00000000ef100000, 0x00000000ef100000, 0x00000000ef200000|  0%| F|  |TAMS 0x00000000ef100000, 0x00000000ef100000| Untracked 
| 242|0x00000000ef200000, 0x00000000ef200000, 0x00000000ef300000|  0%| F|  |TAMS 0x00000000ef200000, 0x00000000ef200000| Untracked 
| 243|0x00000000ef300000, 0x00000000ef300000, 0x00000000ef400000|  0%| F|  |TAMS 0x00000000ef300000, 0x00000000ef300000| Untracked 
| 244|0x00000000ef400000, 0x00000000ef400000, 0x00000000ef500000|  0%| F|  |TAMS 0x00000000ef400000, 0x00000000ef400000| Untracked 
| 245|0x00000000ef500000, 0x00000000ef500000, 0x00000000ef600000|  0%| F|  |TAMS 0x00000000ef500000, 0x00000000ef500000| Untracked 
| 246|0x00000000ef600000, 0x00000000ef600000, 0x00000000ef700000|  0%| F|  |TAMS 0x00000000ef600000, 0x00000000ef600000| Untracked 
| 247|0x00000000ef700000, 0x00000000ef700000, 0x00000000ef800000|  0%| F|  |TAMS 0x00000000ef700000, 0x00000000ef700000| Untracked 
| 248|0x00000000ef800000, 0x00000000ef800000, 0x00000000ef900000|  0%| F|  |TAMS 0x00000000ef800000, 0x00000000ef800000| Untracked 
| 249|0x00000000ef900000, 0x00000000ef980800, 0x00000000efa00000| 50%| E|  |TAMS 0x00000000ef900000, 0x00000000ef900000| Complete 
| 250|0x00000000efa00000, 0x00000000efb00000, 0x00000000efb00000|100%| E|CS|TAMS 0x00000000efa00000, 0x00000000efa00000| Complete 
| 251|0x00000000efb00000, 0x00000000efc00000, 0x00000000efc00000|100%| E|CS|TAMS 0x00000000efb00000, 0x00000000efb00000| Complete 
| 252|0x00000000efc00000, 0x00000000efd00000, 0x00000000efd00000|100%| E|CS|TAMS 0x00000000efc00000, 0x00000000efc00000| Complete 
| 253|0x00000000efd00000, 0x00000000efe00000, 0x00000000efe00000|100%| E|CS|TAMS 0x00000000efd00000, 0x00000000efd00000| Complete 
| 254|0x00000000efe00000, 0x00000000eff00000, 0x00000000eff00000|100%| E|CS|TAMS 0x00000000efe00000, 0x00000000efe00000| Complete 
| 255|0x00000000eff00000, 0x00000000f0000000, 0x00000000f0000000|100%| E|CS|TAMS 0x00000000eff00000, 0x00000000eff00000| Complete 

Card table byte_map: [0x000001d4a5d20000,0x000001d4a5e20000] _byte_map_base: 0x000001d4a5620000

Marking Bits (Prev, Next): (CMBitMap*) 0x000001d48d2888d0, (CMBitMap*) 0x000001d48d288898
 Prev Bits: [0x000001d4a6720000, 0x000001d4a6f20000)
 Next Bits: [0x000001d4a5f20000, 0x000001d4a6720000)

Polling page: 0x000001d48d330000

Metaspace:

Usage:
  Non-class:     25.70 MB capacity,    25.28 MB ( 98%) used,   376.19 KB (  1%) free+waste,    60.25 KB ( <1%) overhead. 
      Class:      3.99 MB capacity,     3.73 MB ( 93%) used,   236.55 KB (  6%) free+waste,    30.50 KB ( <1%) overhead. 
       Both:     29.69 MB capacity,    29.01 MB ( 98%) used,   612.73 KB (  2%) free+waste,    90.75 KB ( <1%) overhead. 

Virtual space:
  Non-class space:       26.00 MB reserved,      25.92 MB (>99%) committed 
      Class space:      376.00 MB reserved,       4.00 MB (  1%) committed 
             Both:      402.00 MB reserved,      29.92 MB (  7%) committed 

Chunk freelists:
   Non-Class:  4.00 KB
       Class:  1.25 KB
        Both:  5.25 KB

CodeHeap 'non-profiled nmethods': size=120000Kb used=1185Kb max_used=1185Kb free=118814Kb
 bounds [0x000001d49dd70000, 0x000001d49dfe0000, 0x000001d4a52a0000]
CodeHeap 'profiled nmethods': size=120000Kb used=5490Kb max_used=5490Kb free=114509Kb
 bounds [0x000001d496840000, 0x000001d496da0000, 0x000001d49dd70000]
CodeHeap 'non-nmethods': size=5760Kb used=1172Kb max_used=1174Kb free=4588Kb
 bounds [0x000001d4962a0000, 0x000001d496510000, 0x000001d496840000]
 total_blobs=3110 nmethods=2589 adapters=432
 compilation: enabled
              stopped_count=0, restarted_count=0
 full_count=0

Compilation events (10 events):
Event: 3.122 Thread 0x000001d4aa254000 2472       3       java.lang.invoke.MethodHandleNatives::linkCallSiteImpl (44 bytes)
Event: 3.122 Thread 0x000001d4aa254000 nmethod 2472 0x000001d496d51110 code [0x000001d496d51320, 0x000001d496d51ab8]
Event: 3.122 Thread 0x000001d4aa254000 2473       3       java.lang.invoke.ConstantCallSite::<init> (11 bytes)
Event: 3.122 Thread 0x000001d4aa254000 nmethod 2473 0x000001d496d51d90 code [0x000001d496d51fa0, 0x000001d496d52768]
Event: 3.122 Thread 0x000001d4aa254000 2474       3       java.lang.Byte::hashCode (8 bytes)
Event: 3.122 Thread 0x000001d4aa254000 nmethod 2474 0x000001d496d52a90 code [0x000001d496d52c20, 0x000001d496d52d78]
Event: 3.122 Thread 0x000001d4aa254000 2475       3       java.lang.Byte::hashCode (2 bytes)
Event: 3.122 Thread 0x000001d4aa254000 nmethod 2475 0x000001d496d52e10 code [0x000001d496d52fa0, 0x000001d496d53078]
Event: 3.122 Thread 0x000001d4aa254000 2476       3       org.gradle.internal.service.DefaultServiceRegistry::access$2300 (7 bytes)
Event: 3.122 Thread 0x000001d4aa254000 nmethod 2476 0x000001d496d53110 code [0x000001d496d532a0, 0x000001d496d533a8]

GC Heap History (6 events):
Event: 0.416 GC heap before
{Heap before GC invocations=0 (full 0):
 garbage-first heap   total 262144K, used 23552K [0x00000000e0000000, 0x0000000100000000)
  region size 1024K, 24 young (24576K), 0 survivors (0K)
 Metaspace       used 7199K, capacity 7272K, committed 7424K, reserved 393216K
  class space    used 624K, capacity 657K, committed 768K, reserved 385024K
}
Event: 0.419 GC heap after
{Heap after GC invocations=1 (full 0):
 garbage-first heap   total 262144K, used 4445K [0x00000000e0000000, 0x0000000100000000)
  region size 1024K, 3 young (3072K), 3 survivors (3072K)
 Metaspace       used 7199K, capacity 7272K, committed 7424K, reserved 393216K
  class space    used 624K, capacity 657K, committed 768K, reserved 385024K
}
Event: 2.376 GC heap before
{Heap before GC invocations=1 (full 0):
 garbage-first heap   total 262144K, used 162141K [0x00000000e0000000, 0x0000000100000000)
  region size 1024K, 153 young (156672K), 3 survivors (3072K)
 Metaspace       used 18904K, capacity 19290K, committed 19584K, reserved 403456K
  class space    used 2206K, capacity 2326K, committed 2432K, reserved 385024K
}
Event: 2.383 GC heap after
{Heap after GC invocations=2 (full 0):
 garbage-first heap   total 262144K, used 19035K [0x00000000e0000000, 0x0000000100000000)
  region size 1024K, 14 young (14336K), 14 survivors (14336K)
 Metaspace       used 18904K, capacity 19290K, committed 19584K, reserved 403456K
  class space    used 2206K, capacity 2326K, committed 2432K, reserved 385024K
}
Event: 2.480 GC heap before
{Heap before GC invocations=2 (full 0):
 garbage-first heap   total 262144K, used 35419K [0x00000000e0000000, 0x0000000100000000)
  region size 1024K, 31 young (31744K), 14 survivors (14336K)
 Metaspace       used 20721K, capacity 21104K, committed 21296K, reserved 405504K
  class space    used 2446K, capacity 2591K, committed 2688K, reserved 385024K
}
Event: 2.485 GC heap after
{Heap after GC invocations=3 (full 0):
 garbage-first heap   total 262144K, used 20061K [0x00000000e0000000, 0x0000000100000000)
  region size 1024K, 12 young (12288K), 12 survivors (12288K)
 Metaspace       used 20721K, capacity 21104K, committed 21296K, reserved 405504K
  class space    used 2446K, capacity 2591K, committed 2688K, reserved 385024K
}

Deoptimization events (10 events):
Event: 2.321 Thread 0x000001d4abd01800 Uncommon trap: reason=bimorphic_or_optimized_type_check action=maybe_recompile pc=0x000001d49de3dfd8 method=java.util.HashMap.putVal(ILjava/lang/Object;Ljava/lang/Object;ZZ)Ljava/lang/Object; @ 253 c2
Event: 2.321 Thread 0x000001d4abd01800 Uncommon trap: reason=bimorphic_or_optimized_type_check action=maybe_recompile pc=0x000001d49de3dfd8 method=java.util.HashMap.putVal(ILjava/lang/Object;Ljava/lang/Object;ZZ)Ljava/lang/Object; @ 253 c2
Event: 2.442 Thread 0x000001d4abd01800 Uncommon trap: reason=unstable_if action=reinterpret pc=0x000001d49ddde014 method=java.util.concurrent.ConcurrentHashMap.get(Ljava/lang/Object;)Ljava/lang/Object; @ 152 c2
Event: 2.494 Thread 0x000001d4abd01800 Uncommon trap: reason=unstable_if action=reinterpret pc=0x000001d49de71978 method=jdk.internal.org.objectweb.asm.Type.getArgumentsAndReturnSizes(Ljava/lang/String;)I @ 88 c2
Event: 2.645 Thread 0x000001d4abd01800 Uncommon trap: reason=unstable_if action=reinterpret pc=0x000001d49dd8d2b0 method=java.io.WinNTFileSystem.resolve(Ljava/lang/String;Ljava/lang/String;)Ljava/lang/String; @ 19 c2
Event: 2.645 Thread 0x000001d4abd01800 Uncommon trap: reason=bimorphic_or_optimized_type_check action=maybe_recompile pc=0x000001d49ddf8824 method=java.util.AbstractList$Itr.hasNext()Z @ 8 c2
Event: 2.646 Thread 0x000001d4abd01800 Uncommon trap: reason=unstable_if action=reinterpret pc=0x000001d49ddf9d94 method=java.io.File.getName()Ljava/lang/String; @ 16 c2
Event: 2.646 Thread 0x000001d4abd01800 Uncommon trap: reason=unstable_if action=reinterpret pc=0x000001d49ddf9414 method=java.lang.String.substring(I)Ljava/lang/String; @ 34 c2
Event: 2.923 Thread 0x000001d4abd01800 Uncommon trap: reason=unstable_if action=reinterpret pc=0x000001d49ddc4c28 method=java.lang.String.substring(II)Ljava/lang/String; @ 31 c2
Event: 2.951 Thread 0x000001d4acac7000 Uncommon trap: reason=unstable_if action=reinterpret pc=0x000001d49de6387c method=sun.nio.cs.UTF_8$Encoder.encodeArrayLoop(Ljava/nio/CharBuffer;Ljava/nio/ByteBuffer;)Ljava/nio/charset/CoderResult; @ 113 c2

Classes redefined (0 events):
No events

Internal exceptions (10 events):
Event: 2.520 Thread 0x000001d4abd01800 Exception <a 'java/lang/NoSuchMethodError'{0x00000000efa4a960}: 'java.lang.Object java.lang.invoke.DirectMethodHandle$Holder.invokeSpecial(java.lang.Object, java.lang.Object, java.lang.Object, java.lang.Object, java.lang.Object, java.lang.Object, java.lan
Event: 2.604 Thread 0x000001d4abd01800 Exception <a 'java/lang/NoSuchMethodError'{0x00000000edb7e878}: 'java.lang.Object java.lang.invoke.Invokers$Holder.linkToTargetMethod(java.lang.Object, int, java.lang.Object)'> (0x00000000edb7e878) thrown at [./open/src/hotspot/share/interpreter/linkResol
Event: 2.663 Thread 0x000001d4abd01800 Exception <a 'java/lang/NoSuchMethodError'{0x00000000ed138a68}: 'int java.lang.invoke.DirectMethodHandle$Holder.invokeSpecialIFC(java.lang.Object, java.lang.Object, java.lang.Object, java.lang.Object)'> (0x00000000ed138a68) thrown at [./open/src/hotspot/s
Event: 2.664 Thread 0x000001d4abd01800 Exception <a 'java/lang/NoSuchMethodError'{0x00000000ed146be0}: 'java.lang.Object java.lang.invoke.DirectMethodHandle$Holder.invokeInterface(java.lang.Object, java.lang.Object, java.lang.Object)'> (0x00000000ed146be0) thrown at [./open/src/hotspot/share/i
Event: 2.664 Thread 0x000001d4abd01800 Exception <a 'java/lang/IncompatibleClassChangeError'{0x00000000ed14a360}: Found class java.lang.Object, but interface was expected> (0x00000000ed14a360) thrown at [./open/src/hotspot/share/interpreter/linkResolver.cpp, line 839]
Event: 2.724 Thread 0x000001d4abd01800 Exception <a 'java/lang/IncompatibleClassChangeError'{0x00000000ec3808f8}: Found class java.lang.Object, but interface was expected> (0x00000000ec3808f8) thrown at [./open/src/hotspot/share/interpreter/linkResolver.cpp, line 839]
Event: 2.872 Thread 0x000001d4abd01800 Exception <a 'java/lang/NoSuchMethodError'{0x00000000e9fb5368}: 'int java.lang.invoke.DirectMethodHandle$Holder.invokeStaticInit(java.lang.Object, java.lang.Object, java.lang.Object)'> (0x00000000e9fb5368) thrown at [./open/src/hotspot/share/interpreter/l
Event: 3.017 Thread 0x000001d4abd01800 Exception <a 'java/lang/NoSuchMethodError'{0x00000000e83a12c8}: 'void java.lang.invoke.DirectMethodHandle$Holder.invokeSpecial(java.lang.Object, java.lang.Object, java.lang.Object, java.lang.Object, java.lang.Object)'> (0x00000000e83a12c8) thrown at [./op
Event: 3.017 Thread 0x000001d4abd01800 Exception <a 'java/lang/NoSuchMethodError'{0x00000000e83a4d48}: 'void java.lang.invoke.DelegatingMethodHandle$Holder.reinvoke_L(java.lang.Object, java.lang.Object, java.lang.Object, java.lang.Object)'> (0x00000000e83a4d48) thrown at [./open/src/hotspot/sh
Event: 3.095 Thread 0x000001d4abd01800 Exception <a 'java/lang/NoSuchMethodError'{0x00000000e7222fa8}: 'java.lang.Object java.lang.invoke.DirectMethodHandle$Holder.invokeVirtual(java.lang.Object, java.lang.Object, java.lang.Object, java.lang.Object)'> (0x00000000e7222fa8) thrown at [./open/src

Events (10 events):
Event: 3.125 loading class org/gradle/api/UnknownDomainObjectException
Event: 3.125 loading class org/gradle/api/UnknownDomainObjectException done
Event: 3.126 loading class org/gradle/internal/MutableActionSet
Event: 3.126 loading class org/gradle/internal/MutableActionSet done
Event: 3.126 loading class org/gradle/api/internal/SettingsInternal
Event: 3.126 loading class org/gradle/api/internal/SettingsInternal done
Event: 3.126 loading class org/gradle/api/initialization/Settings
Event: 3.126 loading class org/gradle/api/initialization/Settings done
Event: 3.127 loading class org/gradle/execution/taskgraph/TaskExecutionGraphInternal
Event: 3.127 loading class org/gradle/execution/taskgraph/TaskExecutionGraphInternal done


Dynamic libraries:
0x00007ff6a7a80000 - 0x00007ff6a7a90000 	C:\Program Files\Java\jdk-11\bin\java.exe
0x00007fffe3140000 - 0x00007fffe33a8000 	C:\WINDOWS\SYSTEM32\ntdll.dll
0x00007fffe1f30000 - 0x00007fffe1ff9000 	C:\WINDOWS\System32\KERNEL32.DLL
0x00007fffe0570000 - 0x00007fffe0968000 	C:\WINDOWS\System32\KERNELBASE.dll
0x00007fffe0d90000 - 0x00007fffe0edb000 	C:\WINDOWS\System32\ucrtbase.dll
0x00007fffa56d0000 - 0x00007fffa56e9000 	C:\Program Files\Java\jdk-11\bin\jli.dll
0x00007fffa5430000 - 0x00007fffa544b000 	C:\Program Files\Java\jdk-11\bin\VCRUNTIME140.dll
0x00007fffe1c60000 - 0x00007fffe1d14000 	C:\WINDOWS\System32\ADVAPI32.dll
0x00007fffe1b30000 - 0x00007fffe1bd9000 	C:\WINDOWS\System32\msvcrt.dll
0x00007fffe3050000 - 0x00007fffe30f6000 	C:\WINDOWS\System32\sechost.dll
0x00007fffe16d0000 - 0x00007fffe17e8000 	C:\WINDOWS\System32\RPCRT4.dll
0x00007fffe17f0000 - 0x00007fffe19b7000 	C:\WINDOWS\System32\USER32.dll
0x00007fffe03d0000 - 0x00007fffe03f7000 	C:\WINDOWS\System32\win32u.dll
0x00007fffc3e40000 - 0x00007fffc40d4000 	C:\WINDOWS\WinSxS\amd64_microsoft.windows.common-controls_6595b64144ccf1df_6.0.26100.7019_none_3e06ffa0e335b8a8\COMCTL32.dll
0x00007fffe1f00000 - 0x00007fffe1f2b000 	C:\WINDOWS\System32\GDI32.dll
0x00007fffe0c60000 - 0x00007fffe0d8c000 	C:\WINDOWS\System32\gdi32full.dll
0x00007fffe04c0000 - 0x00007fffe0563000 	C:\WINDOWS\System32\msvcp_win.dll
0x00007fffd60a0000 - 0x00007fffd60ab000 	C:\WINDOWS\SYSTEM32\VERSION.dll
0x00007fffe1c10000 - 0x00007fffe1c41000 	C:\WINDOWS\System32\IMM32.DLL
0x00007fffb50c0000 - 0x00007fffb50cc000 	C:\Program Files\Java\jdk-11\bin\vcruntime140_1.dll
0x00007fff68340000 - 0x00007fff683ce000 	C:\Program Files\Java\jdk-11\bin\msvcp140.dll
0x00007fff1ad70000 - 0x00007fff1b8d3000 	C:\Program Files\Java\jdk-11\bin\server\jvm.dll
0x00007fffe0ee0000 - 0x00007fffe0ee8000 	C:\WINDOWS\System32\PSAPI.DLL
0x00007fffc1fe0000 - 0x00007fffc1fea000 	C:\WINDOWS\SYSTEM32\WSOCK32.dll
0x00007fffcb1b0000 - 0x00007fffcb1e5000 	C:\WINDOWS\SYSTEM32\WINMM.dll
0x00007fffe25d0000 - 0x00007fffe2644000 	C:\WINDOWS\System32\WS2_32.dll
0x00007fffdf020000 - 0x00007fffdf03b000 	C:\WINDOWS\SYSTEM32\kernel.appcore.dll
0x00007fffa5420000 - 0x00007fffa5430000 	C:\Program Files\Java\jdk-11\bin\verify.dll
0x00007fffdd9d0000 - 0x00007fffddc12000 	C:\WINDOWS\SYSTEM32\DBGHELP.DLL
0x00007fffe2cc0000 - 0x00007fffe304b000 	C:\WINDOWS\System32\combase.dll
0x00007fffe2410000 - 0x00007fffe24e7000 	C:\WINDOWS\System32\OLEAUT32.dll
0x00007fffd91a0000 - 0x00007fffd91dc000 	C:\WINDOWS\SYSTEM32\dbgcore.DLL
0x00007fffe0320000 - 0x00007fffe03c5000 	C:\WINDOWS\System32\bcryptPrimitives.dll
0x00007fffa4cb0000 - 0x00007fffa4cd8000 	C:\Program Files\Java\jdk-11\bin\java.dll
0x00007fffa51f0000 - 0x00007fffa51fa000 	C:\Program Files\Java\jdk-11\bin\jimage.dll
0x00007fffa5050000 - 0x00007fffa505e000 	C:\Program Files\Java\jdk-11\bin\instrument.dll
0x00007fffa4c90000 - 0x00007fffa4ca7000 	C:\Program Files\Java\jdk-11\bin\zip.dll
0x00007fffe0ef0000 - 0x00007fffe163f000 	C:\WINDOWS\System32\SHELL32.dll
0x00007fffe0af0000 - 0x00007fffe0c5b000 	C:\WINDOWS\System32\wintypes.dll
0x00007fffdde90000 - 0x00007fffde6ed000 	C:\WINDOWS\SYSTEM32\windows.storage.dll
0x00007fffe2000000 - 0x00007fffe20f2000 	C:\WINDOWS\System32\SHCORE.dll
0x00007fffe1e90000 - 0x00007fffe1ef7000 	C:\WINDOWS\System32\shlwapi.dll
0x00007fffe01b0000 - 0x00007fffe01d9000 	C:\WINDOWS\SYSTEM32\profapi.dll
0x00007fffa4c70000 - 0x00007fffa4c89000 	C:\Program Files\Java\jdk-11\bin\net.dll
0x00007fffd8d50000 - 0x00007fffd8e78000 	C:\WINDOWS\SYSTEM32\WINHTTP.dll
0x00007fffdf5c0000 - 0x00007fffdf62b000 	C:\WINDOWS\system32\mswsock.dll
0x00007fff9bd50000 - 0x00007fff9bd62000 	C:\Program Files\Java\jdk-11\bin\nio.dll
0x00007fffa2770000 - 0x00007fffa2797000 	C:\Users\croha\.gradle\native\1def1411415f61bf3af743bc5b6707747c0891f09f0c88961ee8f79bc544acac\windows-amd64\native-platform.dll
0x00007fff67840000 - 0x00007fff678b8000 	C:\Users\croha\.gradle\native\0.2.6\x86_64-windows-gnu\gradle-fileevents.dll
0x00007fffa4c60000 - 0x00007fffa4c69000 	C:\Program Files\Java\jdk-11\bin\management.dll
0x00007fffa4bf0000 - 0x00007fffa4bfb000 	C:\Program Files\Java\jdk-11\bin\management_ext.dll
0x00007fffdea00000 - 0x00007fffdea34000 	C:\WINDOWS\SYSTEM32\IPHLPAPI.DLL
0x00007fffe1d20000 - 0x00007fffe1d2a000 	C:\WINDOWS\System32\NSI.dll
0x00007fffd8f20000 - 0x00007fffd8f3e000 	C:\WINDOWS\SYSTEM32\dhcpcsvc6.DLL
0x00007fffd8b40000 - 0x00007fffd8b63000 	C:\WINDOWS\SYSTEM32\dhcpcsvc.DLL
0x00007fffdea90000 - 0x00007fffdebbc000 	C:\WINDOWS\SYSTEM32\DNSAPI.dll
0x00007fffdf880000 - 0x00007fffdf89b000 	C:\WINDOWS\SYSTEM32\CRYPTSP.dll
0x00007fffdef80000 - 0x00007fffdefba000 	C:\WINDOWS\system32\rsaenh.dll
0x00007fffdf670000 - 0x00007fffdf69b000 	C:\WINDOWS\SYSTEM32\USERENV.dll
0x00007fffe0180000 - 0x00007fffe01aa000 	C:\WINDOWS\SYSTEM32\bcrypt.dll
0x00007fffdf8a0000 - 0x00007fffdf8ac000 	C:\WINDOWS\SYSTEM32\CRYPTBASE.dll

dbghelp: loaded successfully - version: 4.0.5 - missing functions: none
symbol engine: initialized successfully - sym options: 0x614 - pdb path: .;C:\Program Files\Java\jdk-11\bin;C:\WINDOWS\SYSTEM32;C:\WINDOWS\WinSxS\amd64_microsoft.windows.common-controls_6595b64144ccf1df_6.0.26100.7019_none_3e06ffa0e335b8a8;C:\Program Files\Java\jdk-11\bin\server;C:\Users\croha\.gradle\native\1def1411415f61bf3af743bc5b6707747c0891f09f0c88961ee8f79bc544acac\windows-amd64;C:\Users\croha\.gradle\native\0.2.6\x86_64-windows-gnu

VM Arguments:
jvm_args: --add-opens=java.base/java.lang=ALL-UNNAMED --add-opens=java.base/java.lang.invoke=ALL-UNNAMED --add-opens=java.base/java.util=ALL-UNNAMED --add-opens=java.prefs/java.util.prefs=ALL-UNNAMED --add-exports=jdk.compiler/com.sun.tools.javac.api=ALL-UNNAMED --add-exports=jdk.compiler/com.sun.tools.javac.util=ALL-UNNAMED --add-opens=java.base/java.util=ALL-UNNAMED --add-opens=java.prefs/java.util.prefs=ALL-UNNAMED --add-opens=java.base/java.nio.charset=ALL-UNNAMED --add-opens=java.base/java.net=ALL-UNNAMED --add-opens=java.base/java.util.concurrent.atomic=ALL-UNNAMED --add-opens=java.xml/javax.xml.namespace=ALL-UNNAMED -XX:MaxMetaspaceSize=384m -XX:+HeapDumpOnOutOfMemoryError -Xms256m -Xmx512m -Dfile.encoding=UTF-8 -Duser.country=IN -Duser.language=en -Duser.variant -javaagent:C:\Users\croha\.gradle\wrapper\dists\gradle-8.12.1-bin\eumc4uhoysa37zql93vfjkxy0\gradle-8.12.1\lib\agents\gradle-instrumentation-agent-8.12.1.jar 
java_command: org.gradle.launcher.daemon.bootstrap.GradleDaemon 8.12.1
java_class_path (initial): C:\Users\croha\.gradle\wrapper\dists\gradle-8.12.1-bin\eumc4uhoysa37zql93vfjkxy0\gradle-8.12.1\lib\gradle-daemon-main-8.12.1.jar
Launcher Type: SUN_STANDARD

[Global flags]
     intx CICompilerCount                          = 4                                         {product} {ergonomic}
   size_t CompressedClassSpaceSize                 = 394264576                                 {product} {ergonomic}
     uint ConcGCThreads                            = 2                                         {product} {ergonomic}
     uint G1ConcRefinementThreads                  = 8                                         {product} {ergonomic}
   size_t G1HeapRegionSize                         = 1048576                                   {product} {ergonomic}
    uintx GCDrainStackTargetSize                   = 64                                        {product} {ergonomic}
     bool HeapDumpOnOutOfMemoryError               = true                                   {manageable} {command line}
   size_t InitialHeapSize                          = 268435456                                 {product} {command line}
   size_t MarkStackSize                            = 4194304                                   {product} {ergonomic}
   size_t MaxHeapSize                              = 536870912                                 {product} {command line}
   size_t MaxMetaspaceSize                         = 402653184                                 {product} {command line}
   size_t MaxNewSize                               = 321912832                                 {product} {ergonomic}
   size_t MinHeapDeltaBytes                        = 1048576                                   {product} {ergonomic}
    uintx NonNMethodCodeHeapSize                   = 5836300                                {pd product} {ergonomic}
    uintx NonProfiledCodeHeapSize                  = 122910970                              {pd product} {ergonomic}
    uintx ProfiledCodeHeapSize                     = 122910970                              {pd product} {ergonomic}
    uintx ReservedCodeCacheSize                    = 251658240                              {pd product} {ergonomic}
     bool SegmentedCodeCache                       = true                                      {product} {ergonomic}
     bool UseCompressedClassPointers               = true                                 {lp64_product} {ergonomic}
     bool UseCompressedOops                        = true                                 {lp64_product} {ergonomic}
     bool UseG1GC                                  = true                                      {product} {ergonomic}
     bool UseLargePagesIndividualAllocation        = false                                  {pd product} {ergonomic}

Logging:
Log output configuration:
 #0: stdout all=warning uptime,level,tags
 #1: stderr all=off uptime,level,tags

Environment Variables:
JAVA_HOME=C:\Program Files\Java\jdk-11
PATH=C:\Program Files\Common Files\Oracle\Java\javapath;C:\Program Files\NVIDIA GPU Computing Toolkit\CUDA\v12.0\bin;C:\Program Files\NVIDIA GPU Computing Toolkit\CUDA\v12.0\libnvvp;C:\WINDOWS\system32;C:\WINDOWS;C:\WINDOWS\System32\Wbem;C:\WINDOWS\System32\WindowsPowerShell\v1.0\;C:\WINDOWS\System32\OpenSSH\;C:\Program Files\NVIDIA Corporation\Nsight Compute 2022.4.0\;C:\Program Files (x86)\NVIDIA Corporation\PhysX\Common;C:\Program Files\NVIDIA Corporation\NVIDIA NvDLISR;C:\Program Files\Java\jdk-19\bin;C:\Program Files\Git\cmd;C:\Users\croha\python.exe;C:\Users\croha\Scripts\pip.exe;C:\Program Files\apache-cassandra-4.0.8\bin;C:\Program Files\nodejs\;C:\Users\croha\Downloads\poppler\poppler\Library\bin;C:\Program Files\cursor\resources\app\bin;C:\Program Files\MySQL\MySQL Shell 8.0\bin\;C:\Users\croha\Scripts\;C:\Users\croha\;C:\Users\croha\AppData\Local\Microsoft\WindowsApps;C:\Users\croha\AppData\Local\Programs\Microsoft VS Code\bin;C:\Users\croha\AppData\Local\GitHubDesktop\bin;C:\Users\croha\AppData\Roaming\npm;C:\Users\croha\Downloads\poppler\poppler\Library\bin;C:\Program Files\JetBrains\IntelliJ IDEA 2025.2.1\bin
USERNAME=croha
OS=Windows_NT
PROCESSOR_IDENTIFIER=Intel64 Family 6 Model 158 Stepping 10, GenuineIntel



---------------  S Y S T E M  ---------------

OS: Windows 11 , 64 bit Build 26100 (10.0.26100.7019)
Hyper-V role detected

CPU:total 8 (initial active 8) (4 cores per cpu, 2 threads per core) family 6 model 158 stepping 10 microcode 0xf8, cmov, cx8, fxsr, mmx, sse, sse2, sse3, ssse3, sse4.1, sse4.2, popcnt, avx, avx2, aes, clmul, erms, 3dnowpref, lzcnt, ht, tsc, tscinvbit, bmi1, bmi2, adx, fma

Memory: 4k page, system-wide physical 16225M (4349M free)
TotalPageFile size 23923M (AvailPageFile size 4041M)
current process WorkingSet (physical memory assigned to process): 382M, peak: 385M
current process commit charge ("private bytes"): 497M, peak: 500M

vm_info: Java HotSpot(TM) 64-Bit Server VM (11.0.28+12-LTS-279) for windows-amd64 JRE (11.0.28+12-LTS-279), built on Jun 27 2025 10:10:38 by "mach5one" with MS VC++ 17.6 (VS2022)

END.
