#
# A fatal error has been detected by the Java Runtime Environment:
#
#  EXCEPTION_ACCESS_VIOLATION (0xc0000005) at pc=0x00007fff1ae22b94, pid=30392, tid=12460
#
# JRE version: Java(TM) SE Runtime Environment 18.9 (11.0.28+12) (build 11.0.28+12-LTS-279)
# Java VM: Java HotSpot(TM) 64-Bit Server VM 18.9 (11.0.28+12-LTS-279, mixed mode, tiered, compressed oops, g1 gc, windows-amd64)
# Problematic frame:
# V  [jvm.dll+0xb2b94]
#
# No core dump will be written. Minidumps are not enabled by default on client versions of Windows
#
# If you would like to submit a bug report, please visit:
#   https://bugreport.java.com/bugreport/crash.jsp
#

---------------  S U M M A R Y ------------

Command Line: --add-opens=java.base/java.lang=ALL-UNNAMED --add-opens=java.base/java.lang.invoke=ALL-UNNAMED --add-opens=java.base/java.util=ALL-UNNAMED --add-opens=java.prefs/java.util.prefs=ALL-UNNAMED --add-exports=jdk.compiler/com.sun.tools.javac.api=ALL-UNNAMED --add-exports=jdk.compiler/com.sun.tools.javac.util=ALL-UNNAMED --add-opens=java.base/java.util=ALL-UNNAMED --add-opens=java.prefs/java.util.prefs=ALL-UNNAMED --add-opens=java.base/java.nio.charset=ALL-UNNAMED --add-opens=java.base/java.net=ALL-UNNAMED --add-opens=java.base/java.util.concurrent.atomic=ALL-UNNAMED --add-opens=java.xml/javax.xml.namespace=ALL-UNNAMED -XX:MaxMetaspaceSize=384m -XX:+HeapDumpOnOutOfMemoryError -Xms256m -Xmx512m -Dfile.encoding=UTF-8 -Duser.country=IN -Duser.language=en -Duser.variant -javaagent:C:\Users\croha\.gradle\wrapper\dists\gradle-8.12.1-bin\eumc4uhoysa37zql93vfjkxy0\gradle-8.12.1\lib\agents\gradle-instrumentation-agent-8.12.1.jar org.gradle.launcher.daemon.bootstrap.GradleDaemon 8.12.1

Host: Intel(R) Core(TM) i5-9300H CPU @ 2.40GHz, 8 cores, 15G,  Windows 11 , 64 bit Build 26100 (10.0.26100.7019)
Time: Wed Nov 12 15:51:56 2025 Eastern Standard Time elapsed time: 7.430337 seconds (0d 0h 0m 7s)

---------------  T H R E A D  ---------------

Current thread (0x000001434bbd9000):  JavaThread "C2 CompilerThread2" daemon [_thread_in_native, id=12460, stack(0x0000001506b00000,0x0000001506c00000)]


Current CompileTask:
C2:   7430 6112 %     4       groovy.lang.MetaClassImpl::inheritInterfaceNewMetaMethods @ 100 (195 bytes)

Stack: [0x0000001506b00000,0x0000001506c00000],  sp=0x0000001506bfbc18,  free space=1007k
Native frames: (J=compiled Java code, j=interpreted, Vv=VM code, C=native code)
V  [jvm.dll+0xb2b94]


siginfo: EXCEPTION_ACCESS_VIOLATION (0xc0000005), reading address 0x000001034d162f20


Register to memory mapping:

RIP=0x00007fff1ae22b94 jvm.dll
RAX=0x000001034d162f20 is an unknown value
RBX=0x000001434fbcc020 points into unknown readable memory: 0x0000014353306c40 | 40 6c 30 53 43 01 00 00
RCX=0x000001434d162ec8 points into unknown readable memory: 0x00007fff1b5d32f0 | f0 32 5d 1b ff 7f 00 00
RDX=0x00000143534f8da0 points into unknown readable memory: 0x0000000003bfffff | ff ff bf 03 00 00 00 00
RSP=0x0000001506bfbc18 is pointing into the stack for thread: 0x000001434bbd9000
RBP=0x0000001506bfbc80 is pointing into the stack for thread: 0x000001434bbd9000
RSI=0x000001434e699ec0 points into unknown readable memory: 0x00007fff1b5d3230 | 30 32 5d 1b ff 7f 00 00
RDI=0xffffffffffffffff is an unknown value
R8 =0x0000000002000000 is an unknown value
R9 =0x000001434931a8c8 points into unknown readable memory: 0x000001434e699ec0 | c0 9e 69 4e 43 01 00 00
R10=0x000001434931a8d0 points into unknown readable memory: 0x000001434d162e38 | 38 2e 16 4d 43 01 00 00
R11=0x0 is NULL
R12=0x0000001506bfbd30 is pointing into the stack for thread: 0x000001434bbd9000
R13=0x000001434b979a80 points into unknown readable memory: 0x000001434e624c50 | 50 4c 62 4e 43 01 00 00
R14=0x000001434d162ec8 points into unknown readable memory: 0x00007fff1b5d32f0 | f0 32 5d 1b ff 7f 00 00
R15=0x0000001506bfc190 is pointing into the stack for thread: 0x000001434bbd9000


Registers:
RAX=0x000001034d162f20, RBX=0x000001434fbcc020, RCX=0x000001434d162ec8, RDX=0x00000143534f8da0
RSP=0x0000001506bfbc18, RBP=0x0000001506bfbc80, RSI=0x000001434e699ec0, RDI=0xffffffffffffffff
R8 =0x0000000002000000, R9 =0x000001434931a8c8, R10=0x000001434931a8d0, R11=0x0000000000000000
R12=0x0000001506bfbd30, R13=0x000001434b979a80, R14=0x000001434d162ec8, R15=0x0000001506bfc190
RIP=0x00007fff1ae22b94, EFLAGS=0x0000000000010246

Top of Stack: (sp=0x0000001506bfbc18)
0x0000001506bfbc18:   00007fff1b09f374 0000001506bfc190
0x0000001506bfbc28:   000001434fbcc020 0000001506bfbc80
0x0000001506bfbc38:   000001434e699e50 000030730000051a
0x0000001506bfbc48:   0000000000000000 0000014300000008
0x0000001506bfbc58:   000001434fbcc020 000001434e624c60
0x0000001506bfbc68:   00007fff1b5fc8b8 000001434cd824f0
0x0000001506bfbc78:   000001434e624c58 0000001506bfbd90
0x0000001506bfbc88:   00007fff1b09c568 00000000000002f5
0x0000001506bfbc98:   00000000000002f5 000001434cd824f0
0x0000001506bfbca8:   0000001506bfc190 0000000000000001
0x0000001506bfbcb8:   00000000000028d2 000001432bae0101
0x0000001506bfbcc8:   0000000000002600 0000000000000000
0x0000001506bfbcd8:   00007fffe315d0d1 0000014300000001
0x0000001506bfbce8:   0000014300000000 0000000000000000
0x0000001506bfbcf8:   0000000000000226 0000000000000000
0x0000001506bfbd08:   0000001506bfbd70 0000000000000000 

Instructions: (pc=0x00007fff1ae22b94)
0x00007fff1ae22b74:   5c 24 48 48 8b 74 24 50 48 83 c4 30 5f c3 cc cc
0x00007fff1ae22b84:   cc cc cc cc cc cc cc cc cc cc cc cc 48 8b 41 08
0x00007fff1ae22b94:   48 83 38 00 0f 95 c0 c3 cc cc cc cc 48 8b 41 08
0x00007fff1ae22ba4:   48 8b 08 33 c0 8b 11 ff ca 85 d2 0f 4f c2 48 98 


Stack slot to memory mapping:
stack at sp + 0 slots: 0x00007fff1b09f374 jvm.dll
stack at sp + 1 slots: 0x0000001506bfc190 is pointing into the stack for thread: 0x000001434bbd9000
stack at sp + 2 slots: 0x000001434fbcc020 points into unknown readable memory: 0x0000014353306c40 | 40 6c 30 53 43 01 00 00
stack at sp + 3 slots: 0x0000001506bfbc80 is pointing into the stack for thread: 0x000001434bbd9000
stack at sp + 4 slots: 0x000001434e699e50 points into unknown readable memory: 0x00007fff1b5d3230 | 30 32 5d 1b ff 7f 00 00
stack at sp + 5 slots: 0x000030730000051a is an unknown value
stack at sp + 6 slots: 0x0 is NULL
stack at sp + 7 slots: 0x0000014300000008 is an unknown value


---------------  P R O C E S S  ---------------

Threads class SMR info:
_java_thread_list=0x000001435164ca70, length=70, elements={
0x000001432bbde000, 0x00000143483a7000, 0x00000143483ac800, 0x0000014348c0a800,
0x0000014348c0b800, 0x0000014348c0d800, 0x0000014348c11000, 0x0000014348c13000,
0x0000014348c24800, 0x0000014348341800, 0x000001434a7f9000, 0x0000014348da4000,
0x000001434b3a2000, 0x0000014348f95000, 0x000001434b2ce800, 0x000001434b1bd000,
0x000001434b2e3000, 0x0000014349d9c000, 0x000001434a7f0000, 0x00000143495b7000,
0x000001434b531800, 0x000001434b52f800, 0x000001434b532800, 0x000001434b839000,
0x000001434bbd9000, 0x000001434b530000, 0x000001434b533800, 0x000001434b531000,
0x000001434b534000, 0x000001434b535000, 0x000001434b536000, 0x000001434b957800,
0x000001434b955800, 0x000001434b956800, 0x000001434b958000, 0x000001434b95c000,
0x000001434b95a800, 0x000001434b959800, 0x000001434b95d000, 0x000001434b95b800,
0x000001434b95e000, 0x000001434b95f800, 0x000001434b960000, 0x000001434b961000,
0x000001434b95e800, 0x000001434b964800, 0x000001434b962800, 0x000001434b962000,
0x000001434b963800, 0x000001434f95c000, 0x000001434f95c800, 0x000001434f95d800,
0x000001434f95b000, 0x000001434f961000, 0x000001434f95f000, 0x000001434f95e800,
0x000001434f962800, 0x000001434f961800, 0x000001434f960000, 0x000001434f964000,
0x000001434f965000, 0x000001434f965800, 0x000001434f963000, 0x000001434f969000,
0x000001434f968000, 0x000001434f966800, 0x000001434f96a000, 0x000001434f967800,
0x000001434ddb3800, 0x000001434ddb4800
}

Java Threads: ( => current thread )
  0x000001432bbde000 JavaThread "main" [_thread_blocked, id=2420, stack(0x0000001504400000,0x0000001504500000)]
  0x00000143483a7000 JavaThread "Reference Handler" daemon [_thread_blocked, id=26528, stack(0x0000001504b00000,0x0000001504c00000)]
  0x00000143483ac800 JavaThread "Finalizer" daemon [_thread_blocked, id=19476, stack(0x0000001504c00000,0x0000001504d00000)]
  0x0000014348c0a800 JavaThread "Signal Dispatcher" daemon [_thread_blocked, id=19240, stack(0x0000001504d00000,0x0000001504e00000)]
  0x0000014348c0b800 JavaThread "Attach Listener" daemon [_thread_blocked, id=27788, stack(0x0000001504e00000,0x0000001504f00000)]
  0x0000014348c0d800 JavaThread "Service Thread" daemon [_thread_blocked, id=28988, stack(0x0000001504f00000,0x0000001505000000)]
  0x0000014348c11000 JavaThread "C2 CompilerThread0" daemon [_thread_in_native, id=26744, stack(0x0000001505000000,0x0000001505100000)]
  0x0000014348c13000 JavaThread "C1 CompilerThread0" daemon [_thread_in_native, id=18132, stack(0x0000001505100000,0x0000001505200000)]
  0x0000014348c24800 JavaThread "Sweeper thread" daemon [_thread_blocked, id=17724, stack(0x0000001505200000,0x0000001505300000)]
  0x0000014348341800 JavaThread "Common-Cleaner" daemon [_thread_blocked, id=31648, stack(0x0000001505300000,0x0000001505400000)]
  0x000001434a7f9000 JavaThread "Daemon health stats" [_thread_blocked, id=25040, stack(0x0000001505c00000,0x0000001505d00000)]
  0x0000014348da4000 JavaThread "Incoming local TCP Connector on port 10516" [_thread_in_native, id=13676, stack(0x0000001505400000,0x0000001505500000)]
  0x000001434b3a2000 JavaThread "Daemon periodic checks" [_thread_blocked, id=30240, stack(0x0000001505600000,0x0000001505700000)]
  0x0000014348f95000 JavaThread "Daemon" [_thread_blocked, id=31460, stack(0x0000001505d00000,0x0000001505e00000)]
  0x000001434b2ce800 JavaThread "Handler for socket connection from /127.0.0.1:10516 to /127.0.0.1:10517" [_thread_in_native, id=18588, stack(0x0000001505e00000,0x0000001505f00000)]
  0x000001434b1bd000 JavaThread "Cancel handler" [_thread_blocked, id=31588, stack(0x0000001505f00000,0x0000001506000000)]
  0x000001434b2e3000 JavaThread "Daemon worker" [_thread_blocked, id=28440, stack(0x0000001506000000,0x0000001506100000)]
  0x0000014349d9c000 JavaThread "Asynchronous log dispatcher for DefaultDaemonConnection: socket connection from /127.0.0.1:10516 to /127.0.0.1:10517" [_thread_blocked, id=30652, stack(0x0000001506100000,0x0000001506200000)]
  0x000001434a7f0000 JavaThread "Stdin handler" [_thread_blocked, id=30820, stack(0x0000001506200000,0x0000001506300000)]
  0x00000143495b7000 JavaThread "Daemon client event forwarder" [_thread_blocked, id=1768, stack(0x0000001506300000,0x0000001506400000)]
  0x000001434b531800 JavaThread "Cache worker for journal cache (C:\Users\croha\.gradle\caches\journal-1)" [_thread_blocked, id=3672, stack(0x0000001506700000,0x0000001506800000)]
  0x000001434b52f800 JavaThread "File lock request listener" [_thread_in_native, id=20216, stack(0x0000001506800000,0x0000001506900000)]
  0x000001434b532800 JavaThread "Cache worker for file hash cache (C:\Users\croha\.gradle\caches\8.12.1\fileHashes)" [_thread_blocked, id=28780, stack(0x0000001506900000,0x0000001506a00000)]
  0x000001434b839000 JavaThread "C2 CompilerThread1" daemon [_thread_in_native, id=25104, stack(0x0000001506a00000,0x0000001506b00000)]
=>0x000001434bbd9000 JavaThread "C2 CompilerThread2" daemon [_thread_in_native, id=12460, stack(0x0000001506b00000,0x0000001506c00000)]
  0x000001434b530000 JavaThread "Problems report writer" [_thread_blocked, id=23316, stack(0x0000001506c00000,0x0000001506d00000)]
  0x000001434b533800 JavaThread "Cache worker for file hash cache (C:\Users\croha\Documents\FALL 25\PDP Lab\f25-hw4-calendar-1-group-TeamPseudo\.gradle\8.12.1\fileHashes)" [_thread_blocked, id=30348, stack(0x0000001506d00000,0x0000001506e00000)]
  0x000001434b531000 JavaThread "Cache worker for Build Output Cleanup Cache (C:\Users\croha\Documents\FALL 25\PDP Lab\f25-hw4-calendar-1-group-TeamPseudo\.gradle\buildOutputCleanup)" [_thread_blocked, id=16148, stack(0x0000001506e00000,0x0000001506f00000)]
  0x000001434b534000 JavaThread "File watcher server" daemon [_thread_in_native, id=8240, stack(0x0000001506f00000,0x0000001507000000)]
  0x000001434b535000 JavaThread "File watcher consumer" daemon [_thread_blocked, id=29248, stack(0x0000001507000000,0x0000001507100000)]
  0x000001434b536000 JavaThread "jar transforms" [_thread_blocked, id=16596, stack(0x0000001507100000,0x0000001507200000)]
  0x000001434b957800 JavaThread "jar transforms Thread 2" [_thread_blocked, id=30908, stack(0x0000001507200000,0x0000001507300000)]
  0x000001434b955800 JavaThread "Cache worker for checksums cache (C:\Users\croha\Documents\FALL 25\PDP Lab\f25-hw4-calendar-1-group-TeamPseudo\.gradle\8.12.1\checksums)" [_thread_blocked, id=25476, stack(0x0000001507300000,0x0000001507400000)]
  0x000001434b956800 JavaThread "Cache worker for file content cache (C:\Users\croha\.gradle\caches\8.12.1\fileContent)" [_thread_blocked, id=26904, stack(0x0000001507400000,0x0000001507500000)]
  0x000001434b958000 JavaThread "jar transforms Thread 3" [_thread_blocked, id=19856, stack(0x0000001507500000,0x0000001507600000)]
  0x000001434b95c000 JavaThread "jar transforms Thread 4" [_thread_blocked, id=27020, stack(0x0000001507600000,0x0000001507700000)]
  0x000001434b95a800 JavaThread "jar transforms Thread 5" [_thread_blocked, id=30776, stack(0x0000001507700000,0x0000001507800000)]
  0x000001434b959800 JavaThread "Cache worker for cache directory md-rule (C:\Users\croha\.gradle\caches\8.12.1\md-rule)" [_thread_blocked, id=16044, stack(0x0000001507800000,0x0000001507900000)]
  0x000001434b95d000 JavaThread "Cache worker for cache directory md-supplier (C:\Users\croha\.gradle\caches\8.12.1\md-supplier)" [_thread_blocked, id=17704, stack(0x0000001507900000,0x0000001507a00000)]
  0x000001434b95b800 JavaThread "Unconstrained build operations" [_thread_blocked, id=12812, stack(0x0000001507a00000,0x0000001507b00000)]
  0x000001434b95e000 JavaThread "Unconstrained build operations Thread 2" [_thread_blocked, id=17668, stack(0x0000001507b00000,0x0000001507c00000)]
  0x000001434b95f800 JavaThread "Unconstrained build operations Thread 3" [_thread_blocked, id=8020, stack(0x0000001507c00000,0x0000001507d00000)]
  0x000001434b960000 JavaThread "Unconstrained build operations Thread 4" [_thread_blocked, id=30244, stack(0x0000001507d00000,0x0000001507e00000)]
  0x000001434b961000 JavaThread "Unconstrained build operations Thread 5" [_thread_blocked, id=30960, stack(0x0000001507e00000,0x0000001507f00000)]
  0x000001434b95e800 JavaThread "Unconstrained build operations Thread 6" [_thread_blocked, id=30628, stack(0x0000001507f00000,0x0000001508000000)]
  0x000001434b964800 JavaThread "Unconstrained build operations Thread 7" [_thread_blocked, id=30996, stack(0x0000001508000000,0x0000001508100000)]
  0x000001434b962800 JavaThread "Unconstrained build operations Thread 8" [_thread_blocked, id=31556, stack(0x0000001508100000,0x0000001508200000)]
  0x000001434b962000 JavaThread "Unconstrained build operations Thread 9" [_thread_blocked, id=17048, stack(0x0000001508200000,0x0000001508300000)]
  0x000001434b963800 JavaThread "Unconstrained build operations Thread 10" [_thread_blocked, id=30168, stack(0x0000001508300000,0x0000001508400000)]
  0x000001434f95c000 JavaThread "jar transforms Thread 6" [_thread_blocked, id=29924, stack(0x0000001508400000,0x0000001508500000)]
  0x000001434f95c800 JavaThread "jar transforms Thread 7" [_thread_blocked, id=30708, stack(0x0000001508500000,0x0000001508600000)]
  0x000001434f95d800 JavaThread "Unconstrained build operations Thread 11" [_thread_blocked, id=25584, stack(0x0000001508600000,0x0000001508700000)]
  0x000001434f95b000 JavaThread "Unconstrained build operations Thread 12" [_thread_blocked, id=28544, stack(0x0000001508700000,0x0000001508800000)]
  0x000001434f961000 JavaThread "Unconstrained build operations Thread 13" [_thread_blocked, id=26804, stack(0x0000001508800000,0x0000001508900000)]
  0x000001434f95f000 JavaThread "Unconstrained build operations Thread 14" [_thread_blocked, id=1276, stack(0x0000001508900000,0x0000001508a00000)]
  0x000001434f95e800 JavaThread "Unconstrained build operations Thread 15" [_thread_blocked, id=28300, stack(0x0000001508a00000,0x0000001508b00000)]
  0x000001434f962800 JavaThread "jar transforms Thread 8" [_thread_blocked, id=31072, stack(0x0000001508b00000,0x0000001508c00000)]
  0x000001434f961800 JavaThread "Unconstrained build operations Thread 16" [_thread_blocked, id=19944, stack(0x0000001508c00000,0x0000001508d00000)]
  0x000001434f960000 JavaThread "Unconstrained build operations Thread 17" [_thread_blocked, id=27632, stack(0x0000001508d00000,0x0000001508e00000)]
  0x000001434f964000 JavaThread "Unconstrained build operations Thread 18" [_thread_blocked, id=3992, stack(0x0000001508e00000,0x0000001508f00000)]
  0x000001434f965000 JavaThread "Memory manager" [_thread_blocked, id=1936, stack(0x0000001508f00000,0x0000001509000000)]
  0x000001434f965800 JavaThread "included builds" [_thread_blocked, id=20800, stack(0x0000001509000000,0x0000001509100000)]
  0x000001434f963000 JavaThread "Execution worker" [_thread_blocked, id=28176, stack(0x0000001509100000,0x0000001509200000)]
  0x000001434f969000 JavaThread "Execution worker Thread 2" [_thread_blocked, id=30148, stack(0x0000001509200000,0x0000001509300000)]
  0x000001434f968000 JavaThread "Execution worker Thread 3" [_thread_blocked, id=30068, stack(0x0000001509300000,0x0000001509400000)]
  0x000001434f966800 JavaThread "Execution worker Thread 4" [_thread_blocked, id=31128, stack(0x0000001509400000,0x0000001509500000)]
  0x000001434f96a000 JavaThread "Execution worker Thread 5" [_thread_blocked, id=31388, stack(0x0000001509500000,0x0000001509600000)]
  0x000001434f967800 JavaThread "Execution worker Thread 6" [_thread_blocked, id=29672, stack(0x0000001509600000,0x0000001509700000)]
  0x000001434ddb3800 JavaThread "Execution worker Thread 7" [_thread_blocked, id=12096, stack(0x0000001509700000,0x0000001509800000)]
  0x000001434ddb4800 JavaThread "Cache worker for execution history cache (C:\Users\croha\Documents\FALL 25\PDP Lab\f25-hw4-calendar-1-group-TeamPseudo\.gradle\8.12.1\executionHistory)" [_thread_blocked, id=16256, stack(0x0000001509800000,0x0000001509900000)]

Other Threads:
  0x00000143483a5000 VMThread "VM Thread" [stack: 0x0000001504a00000,0x0000001504b00000] [id=31244]
  0x00000143490f2000 WatcherThread [stack: 0x0000001505500000,0x0000001505600000] [id=29916]
  0x000001432dd47800 GCTaskThread "GC Thread#0" [stack: 0x0000001504500000,0x0000001504600000] [id=22632]
  0x00000143493ff000 GCTaskThread "GC Thread#1" [stack: 0x0000001505700000,0x0000001505800000] [id=10780]
  0x00000143495c8000 GCTaskThread "GC Thread#2" [stack: 0x0000001505800000,0x0000001505900000] [id=30468]
  0x000001434961a800 GCTaskThread "GC Thread#3" [stack: 0x0000001505900000,0x0000001505a00000] [id=29464]
  0x00000143495fe800 GCTaskThread "GC Thread#4" [stack: 0x0000001505a00000,0x0000001505b00000] [id=31316]
  0x00000143494da000 GCTaskThread "GC Thread#5" [stack: 0x0000001505b00000,0x0000001505c00000] [id=26008]
  0x000001434b71e000 GCTaskThread "GC Thread#6" [stack: 0x0000001506400000,0x0000001506500000] [id=30268]
  0x000001434a448800 GCTaskThread "GC Thread#7" [stack: 0x0000001506500000,0x0000001506600000] [id=22920]
  0x000001432dd5e000 ConcurrentGCThread "G1 Main Marker" [stack: 0x0000001504600000,0x0000001504700000] [id=31600]
  0x000001432dd64800 ConcurrentGCThread "G1 Conc#0" [stack: 0x0000001504700000,0x0000001504800000] [id=30284]
  0x000001434b72c800 ConcurrentGCThread "G1 Conc#1" [stack: 0x0000001506600000,0x0000001506700000] [id=24688]
  0x000001432ddfd800 ConcurrentGCThread "G1 Refine#0" [stack: 0x0000001504800000,0x0000001504900000] [id=30632]
  0x000001434821b800 ConcurrentGCThread "G1 Young RemSet Sampling" [stack: 0x0000001504900000,0x0000001504a00000] [id=30620]

Threads with active compile tasks:
C2 CompilerThread0     7494 6355       4       com.sun.beans.TypeResolver::resolve (37 bytes)
C2 CompilerThread1     7495 6374   !   4       com.sun.beans.TypeResolver::resolve (264 bytes)
C2 CompilerThread2     7495 6112 %     4       groovy.lang.MetaClassImpl::inheritInterfaceNewMetaMethods @ 100 (195 bytes)

VM state:not at safepoint (normal execution)

VM Mutex/Monitor currently owned by a thread: None

Heap address: 0x00000000e0000000, size: 512 MB, Compressed Oops mode: 32-bit
Narrow klass base: 0x0000000000000000, Narrow klass shift: 3
Compressed class space size: 394264576 Address: 0x0000000100000000

Heap:
 garbage-first heap   total 262144K, used 148706K [0x00000000e0000000, 0x0000000100000000)
  region size 1024K, 114 young (116736K), 14 survivors (14336K)
 Metaspace       used 67784K, capacity 70713K, committed 70780K, reserved 446464K
  class space    used 9283K, capacity 10432K, committed 10496K, reserved 385024K
Heap Regions: E=young(eden), S=young(survivor), O=old, HS=humongous(starts), HC=humongous(continues), CS=collection set, F=free, A=archive, TAMS=top-at-mark-start (previous, next)
|   0|0x00000000e0000000, 0x00000000e0100000, 0x00000000e0100000|100%| O|  |TAMS 0x00000000e0100000, 0x00000000e0000000| Untracked 
|   1|0x00000000e0100000, 0x00000000e0200000, 0x00000000e0200000|100%| O|  |TAMS 0x00000000e0200000, 0x00000000e0100000| Untracked 
|   2|0x00000000e0200000, 0x00000000e0300000, 0x00000000e0300000|100%|HS|  |TAMS 0x00000000e0300000, 0x00000000e0200000| Complete 
|   3|0x00000000e0300000, 0x00000000e0400000, 0x00000000e0400000|100%|HC|  |TAMS 0x00000000e0400000, 0x00000000e0300000| Complete 
|   4|0x00000000e0400000, 0x00000000e0500000, 0x00000000e0500000|100%|HC|  |TAMS 0x00000000e0500000, 0x00000000e0400000| Complete 
|   5|0x00000000e0500000, 0x00000000e0600000, 0x00000000e0600000|100%|HS|  |TAMS 0x00000000e0600000, 0x00000000e0500000| Complete 
|   6|0x00000000e0600000, 0x00000000e0700000, 0x00000000e0700000|100%| O|  |TAMS 0x00000000e0700000, 0x00000000e0600000| Untracked 
|   7|0x00000000e0700000, 0x00000000e0800000, 0x00000000e0800000|100%| O|  |TAMS 0x00000000e0800000, 0x00000000e0700000| Untracked 
|   8|0x00000000e0800000, 0x00000000e0900000, 0x00000000e0900000|100%| O|  |TAMS 0x00000000e0900000, 0x00000000e0800000| Untracked 
|   9|0x00000000e0900000, 0x00000000e0a00000, 0x00000000e0a00000|100%| O|  |TAMS 0x00000000e0a00000, 0x00000000e0900000| Untracked 
|  10|0x00000000e0a00000, 0x00000000e0b00000, 0x00000000e0b00000|100%| O|  |TAMS 0x00000000e0b00000, 0x00000000e0a00000| Untracked 
|  11|0x00000000e0b00000, 0x00000000e0c00000, 0x00000000e0c00000|100%| O|  |TAMS 0x00000000e0c00000, 0x00000000e0b00000| Untracked 
|  12|0x00000000e0c00000, 0x00000000e0d00000, 0x00000000e0d00000|100%| O|  |TAMS 0x00000000e0d00000, 0x00000000e0c00000| Untracked 
|  13|0x00000000e0d00000, 0x00000000e0e00000, 0x00000000e0e00000|100%| O|  |TAMS 0x00000000e0e00000, 0x00000000e0d00000| Untracked 
|  14|0x00000000e0e00000, 0x00000000e0f00000, 0x00000000e0f00000|100%| O|  |TAMS 0x00000000e0f00000, 0x00000000e0e00000| Untracked 
|  15|0x00000000e0f00000, 0x00000000e1000000, 0x00000000e1000000|100%| O|  |TAMS 0x00000000e1000000, 0x00000000e0f00000| Untracked 
|  16|0x00000000e1000000, 0x00000000e1100000, 0x00000000e1100000|100%| O|  |TAMS 0x00000000e1100000, 0x00000000e1000000| Untracked 
|  17|0x00000000e1100000, 0x00000000e1200000, 0x00000000e1200000|100%| O|  |TAMS 0x00000000e1200000, 0x00000000e1100000| Untracked 
|  18|0x00000000e1200000, 0x00000000e1300000, 0x00000000e1300000|100%|HS|  |TAMS 0x00000000e1300000, 0x00000000e1200000| Complete 
|  19|0x00000000e1300000, 0x00000000e1400000, 0x00000000e1400000|100%|HC|  |TAMS 0x00000000e1400000, 0x00000000e1300000| Complete 
|  20|0x00000000e1400000, 0x00000000e1500000, 0x00000000e1500000|100%| O|  |TAMS 0x00000000e1500000, 0x00000000e1400000| Untracked 
|  21|0x00000000e1500000, 0x00000000e1600000, 0x00000000e1600000|100%| O|  |TAMS 0x00000000e1600000, 0x00000000e1500000| Untracked 
|  22|0x00000000e1600000, 0x00000000e1700000, 0x00000000e1700000|100%| O|  |TAMS 0x00000000e1700000, 0x00000000e1600000| Untracked 
|  23|0x00000000e1700000, 0x00000000e1800000, 0x00000000e1800000|100%| O|  |TAMS 0x00000000e1800000, 0x00000000e1700000| Untracked 
|  24|0x00000000e1800000, 0x00000000e1900000, 0x00000000e1900000|100%| O|  |TAMS 0x00000000e1900000, 0x00000000e1800000| Untracked 
|  25|0x00000000e1900000, 0x00000000e1900000, 0x00000000e1a00000|  0%| F|  |TAMS 0x00000000e1900000, 0x00000000e1900000| Untracked 
|  26|0x00000000e1a00000, 0x00000000e1a00000, 0x00000000e1b00000|  0%| F|  |TAMS 0x00000000e1a00000, 0x00000000e1a00000| Untracked 
|  27|0x00000000e1b00000, 0x00000000e1c00000, 0x00000000e1c00000|100%| O|  |TAMS 0x00000000e1c00000, 0x00000000e1b00000| Untracked 
|  28|0x00000000e1c00000, 0x00000000e1d00000, 0x00000000e1d00000|100%| O|  |TAMS 0x00000000e1d00000, 0x00000000e1c00000| Untracked 
|  29|0x00000000e1d00000, 0x00000000e1e00000, 0x00000000e1e00000|100%| O|  |TAMS 0x00000000e1e00000, 0x00000000e1d00000| Untracked 
|  30|0x00000000e1e00000, 0x00000000e1f00000, 0x00000000e1f00000|100%| O|  |TAMS 0x00000000e1f00000, 0x00000000e1e00000| Untracked 
|  31|0x00000000e1f00000, 0x00000000e2000000, 0x00000000e2000000|100%| O|  |TAMS 0x00000000e2000000, 0x00000000e1f00000| Untracked 
|  32|0x00000000e2000000, 0x00000000e2100000, 0x00000000e2100000|100%| O|  |TAMS 0x00000000e2100000, 0x00000000e2000000| Untracked 
|  33|0x00000000e2100000, 0x00000000e2200000, 0x00000000e2200000|100%| O|  |TAMS 0x00000000e2200000, 0x00000000e2100000| Untracked 
|  34|0x00000000e2200000, 0x00000000e228ea00, 0x00000000e2300000| 55%| O|  |TAMS 0x00000000e228ea00, 0x00000000e2200000| Untracked 
|  35|0x00000000e2300000, 0x00000000e2300000, 0x00000000e2400000|  0%| F|  |TAMS 0x00000000e2300000, 0x00000000e2300000| Untracked 
|  36|0x00000000e2400000, 0x00000000e2400000, 0x00000000e2500000|  0%| F|  |TAMS 0x00000000e2400000, 0x00000000e2400000| Untracked 
|  37|0x00000000e2500000, 0x00000000e2500000, 0x00000000e2600000|  0%| F|  |TAMS 0x00000000e2500000, 0x00000000e2500000| Untracked 
|  38|0x00000000e2600000, 0x00000000e2600000, 0x00000000e2700000|  0%| F|  |TAMS 0x00000000e2600000, 0x00000000e2600000| Untracked 
|  39|0x00000000e2700000, 0x00000000e2700000, 0x00000000e2800000|  0%| F|  |TAMS 0x00000000e2700000, 0x00000000e2700000| Untracked 
|  40|0x00000000e2800000, 0x00000000e2800000, 0x00000000e2900000|  0%| F|  |TAMS 0x00000000e2800000, 0x00000000e2800000| Untracked 
|  41|0x00000000e2900000, 0x00000000e2900000, 0x00000000e2a00000|  0%| F|  |TAMS 0x00000000e2900000, 0x00000000e2900000| Untracked 
|  42|0x00000000e2a00000, 0x00000000e2a00000, 0x00000000e2b00000|  0%| F|  |TAMS 0x00000000e2a00000, 0x00000000e2a00000| Untracked 
|  43|0x00000000e2b00000, 0x00000000e2b00000, 0x00000000e2c00000|  0%| F|  |TAMS 0x00000000e2b00000, 0x00000000e2b00000| Untracked 
|  44|0x00000000e2c00000, 0x00000000e2c00000, 0x00000000e2d00000|  0%| F|  |TAMS 0x00000000e2c00000, 0x00000000e2c00000| Untracked 
|  45|0x00000000e2d00000, 0x00000000e2d00000, 0x00000000e2e00000|  0%| F|  |TAMS 0x00000000e2d00000, 0x00000000e2d00000| Untracked 
|  46|0x00000000e2e00000, 0x00000000e2e00000, 0x00000000e2f00000|  0%| F|  |TAMS 0x00000000e2e00000, 0x00000000e2e00000| Untracked 
|  47|0x00000000e2f00000, 0x00000000e2f00000, 0x00000000e3000000|  0%| F|  |TAMS 0x00000000e2f00000, 0x00000000e2f00000| Untracked 
|  48|0x00000000e3000000, 0x00000000e3000000, 0x00000000e3100000|  0%| F|  |TAMS 0x00000000e3000000, 0x00000000e3000000| Untracked 
|  49|0x00000000e3100000, 0x00000000e3100000, 0x00000000e3200000|  0%| F|  |TAMS 0x00000000e3100000, 0x00000000e3100000| Untracked 
|  50|0x00000000e3200000, 0x00000000e3200000, 0x00000000e3300000|  0%| F|  |TAMS 0x00000000e3200000, 0x00000000e3200000| Untracked 
|  51|0x00000000e3300000, 0x00000000e3300000, 0x00000000e3400000|  0%| F|  |TAMS 0x00000000e3300000, 0x00000000e3300000| Untracked 
|  52|0x00000000e3400000, 0x00000000e3400000, 0x00000000e3500000|  0%| F|  |TAMS 0x00000000e3400000, 0x00000000e3400000| Untracked 
|  53|0x00000000e3500000, 0x00000000e3500000, 0x00000000e3600000|  0%| F|  |TAMS 0x00000000e3500000, 0x00000000e3500000| Untracked 
|  54|0x00000000e3600000, 0x00000000e3600000, 0x00000000e3700000|  0%| F|  |TAMS 0x00000000e3600000, 0x00000000e3600000| Untracked 
|  55|0x00000000e3700000, 0x00000000e3700000, 0x00000000e3800000|  0%| F|  |TAMS 0x00000000e3700000, 0x00000000e3700000| Untracked 
|  56|0x00000000e3800000, 0x00000000e3800000, 0x00000000e3900000|  0%| F|  |TAMS 0x00000000e3800000, 0x00000000e3800000| Untracked 
|  57|0x00000000e3900000, 0x00000000e3900000, 0x00000000e3a00000|  0%| F|  |TAMS 0x00000000e3900000, 0x00000000e3900000| Untracked 
|  58|0x00000000e3a00000, 0x00000000e3a00000, 0x00000000e3b00000|  0%| F|  |TAMS 0x00000000e3a00000, 0x00000000e3a00000| Untracked 
|  59|0x00000000e3b00000, 0x00000000e3b00000, 0x00000000e3c00000|  0%| F|  |TAMS 0x00000000e3b00000, 0x00000000e3b00000| Untracked 
|  60|0x00000000e3c00000, 0x00000000e3c00000, 0x00000000e3d00000|  0%| F|  |TAMS 0x00000000e3c00000, 0x00000000e3c00000| Untracked 
|  61|0x00000000e3d00000, 0x00000000e3d00000, 0x00000000e3e00000|  0%| F|  |TAMS 0x00000000e3d00000, 0x00000000e3d00000| Untracked 
|  62|0x00000000e3e00000, 0x00000000e3e00000, 0x00000000e3f00000|  0%| F|  |TAMS 0x00000000e3e00000, 0x00000000e3e00000| Untracked 
|  63|0x00000000e3f00000, 0x00000000e3f00000, 0x00000000e4000000|  0%| F|  |TAMS 0x00000000e3f00000, 0x00000000e3f00000| Untracked 
|  64|0x00000000e4000000, 0x00000000e4000000, 0x00000000e4100000|  0%| F|  |TAMS 0x00000000e4000000, 0x00000000e4000000| Untracked 
|  65|0x00000000e4100000, 0x00000000e4100000, 0x00000000e4200000|  0%| F|  |TAMS 0x00000000e4100000, 0x00000000e4100000| Untracked 
|  66|0x00000000e4200000, 0x00000000e4200000, 0x00000000e4300000|  0%| F|  |TAMS 0x00000000e4200000, 0x00000000e4200000| Untracked 
|  67|0x00000000e4300000, 0x00000000e4300000, 0x00000000e4400000|  0%| F|  |TAMS 0x00000000e4300000, 0x00000000e4300000| Untracked 
|  68|0x00000000e4400000, 0x00000000e4400000, 0x00000000e4500000|  0%| F|  |TAMS 0x00000000e4400000, 0x00000000e4400000| Untracked 
|  69|0x00000000e4500000, 0x00000000e4500000, 0x00000000e4600000|  0%| F|  |TAMS 0x00000000e4500000, 0x00000000e4500000| Untracked 
|  70|0x00000000e4600000, 0x00000000e4600000, 0x00000000e4700000|  0%| F|  |TAMS 0x00000000e4600000, 0x00000000e4600000| Untracked 
|  71|0x00000000e4700000, 0x00000000e4700000, 0x00000000e4800000|  0%| F|  |TAMS 0x00000000e4700000, 0x00000000e4700000| Untracked 
|  72|0x00000000e4800000, 0x00000000e4800000, 0x00000000e4900000|  0%| F|  |TAMS 0x00000000e4800000, 0x00000000e4800000| Untracked 
|  73|0x00000000e4900000, 0x00000000e4900000, 0x00000000e4a00000|  0%| F|  |TAMS 0x00000000e4900000, 0x00000000e4900000| Untracked 
|  74|0x00000000e4a00000, 0x00000000e4a00000, 0x00000000e4b00000|  0%| F|  |TAMS 0x00000000e4a00000, 0x00000000e4a00000| Untracked 
|  75|0x00000000e4b00000, 0x00000000e4b00000, 0x00000000e4c00000|  0%| F|  |TAMS 0x00000000e4b00000, 0x00000000e4b00000| Untracked 
|  76|0x00000000e4c00000, 0x00000000e4c00000, 0x00000000e4d00000|  0%| F|  |TAMS 0x00000000e4c00000, 0x00000000e4c00000| Untracked 
|  77|0x00000000e4d00000, 0x00000000e4d00000, 0x00000000e4e00000|  0%| F|  |TAMS 0x00000000e4d00000, 0x00000000e4d00000| Untracked 
|  78|0x00000000e4e00000, 0x00000000e4e00000, 0x00000000e4f00000|  0%| F|  |TAMS 0x00000000e4e00000, 0x00000000e4e00000| Untracked 
|  79|0x00000000e4f00000, 0x00000000e4f00000, 0x00000000e5000000|  0%| F|  |TAMS 0x00000000e4f00000, 0x00000000e4f00000| Untracked 
|  80|0x00000000e5000000, 0x00000000e5000000, 0x00000000e5100000|  0%| F|  |TAMS 0x00000000e5000000, 0x00000000e5000000| Untracked 
|  81|0x00000000e5100000, 0x00000000e5100000, 0x00000000e5200000|  0%| F|  |TAMS 0x00000000e5100000, 0x00000000e5100000| Untracked 
|  82|0x00000000e5200000, 0x00000000e5200000, 0x00000000e5300000|  0%| F|  |TAMS 0x00000000e5200000, 0x00000000e5200000| Untracked 
|  83|0x00000000e5300000, 0x00000000e5300000, 0x00000000e5400000|  0%| F|  |TAMS 0x00000000e5300000, 0x00000000e5300000| Untracked 
|  84|0x00000000e5400000, 0x00000000e5400000, 0x00000000e5500000|  0%| F|  |TAMS 0x00000000e5400000, 0x00000000e5400000| Untracked 
|  85|0x00000000e5500000, 0x00000000e5500000, 0x00000000e5600000|  0%| F|  |TAMS 0x00000000e5500000, 0x00000000e5500000| Untracked 
|  86|0x00000000e5600000, 0x00000000e5600000, 0x00000000e5700000|  0%| F|  |TAMS 0x00000000e5600000, 0x00000000e5600000| Untracked 
|  87|0x00000000e5700000, 0x00000000e5700000, 0x00000000e5800000|  0%| F|  |TAMS 0x00000000e5700000, 0x00000000e5700000| Untracked 
|  88|0x00000000e5800000, 0x00000000e5800000, 0x00000000e5900000|  0%| F|  |TAMS 0x00000000e5800000, 0x00000000e5800000| Untracked 
|  89|0x00000000e5900000, 0x00000000e59aa040, 0x00000000e5a00000| 66%| S|CS|TAMS 0x00000000e5900000, 0x00000000e5900000| Complete 
|  90|0x00000000e5a00000, 0x00000000e5b00000, 0x00000000e5b00000|100%| S|CS|TAMS 0x00000000e5a00000, 0x00000000e5a00000| Complete 
|  91|0x00000000e5b00000, 0x00000000e5c00000, 0x00000000e5c00000|100%| S|CS|TAMS 0x00000000e5b00000, 0x00000000e5b00000| Complete 
|  92|0x00000000e5c00000, 0x00000000e5d00000, 0x00000000e5d00000|100%| S|CS|TAMS 0x00000000e5c00000, 0x00000000e5c00000| Complete 
|  93|0x00000000e5d00000, 0x00000000e5e00000, 0x00000000e5e00000|100%| S|CS|TAMS 0x00000000e5d00000, 0x00000000e5d00000| Complete 
|  94|0x00000000e5e00000, 0x00000000e5f00000, 0x00000000e5f00000|100%| S|CS|TAMS 0x00000000e5e00000, 0x00000000e5e00000| Complete 
|  95|0x00000000e5f00000, 0x00000000e6000000, 0x00000000e6000000|100%| S|CS|TAMS 0x00000000e5f00000, 0x00000000e5f00000| Complete 
|  96|0x00000000e6000000, 0x00000000e6100000, 0x00000000e6100000|100%| S|CS|TAMS 0x00000000e6000000, 0x00000000e6000000| Complete 
|  97|0x00000000e6100000, 0x00000000e6200000, 0x00000000e6200000|100%| S|CS|TAMS 0x00000000e6100000, 0x00000000e6100000| Complete 
|  98|0x00000000e6200000, 0x00000000e6300000, 0x00000000e6300000|100%| S|CS|TAMS 0x00000000e6200000, 0x00000000e6200000| Complete 
|  99|0x00000000e6300000, 0x00000000e6400000, 0x00000000e6400000|100%| S|CS|TAMS 0x00000000e6300000, 0x00000000e6300000| Complete 
| 100|0x00000000e6400000, 0x00000000e6500000, 0x00000000e6500000|100%| S|CS|TAMS 0x00000000e6400000, 0x00000000e6400000| Complete 
| 101|0x00000000e6500000, 0x00000000e6600000, 0x00000000e6600000|100%| S|CS|TAMS 0x00000000e6500000, 0x00000000e6500000| Complete 
| 102|0x00000000e6600000, 0x00000000e6700000, 0x00000000e6700000|100%| S|CS|TAMS 0x00000000e6600000, 0x00000000e6600000| Complete 
| 103|0x00000000e6700000, 0x00000000e6700000, 0x00000000e6800000|  0%| F|  |TAMS 0x00000000e6700000, 0x00000000e6700000| Untracked 
| 104|0x00000000e6800000, 0x00000000e6800000, 0x00000000e6900000|  0%| F|  |TAMS 0x00000000e6800000, 0x00000000e6800000| Untracked 
| 105|0x00000000e6900000, 0x00000000e6900000, 0x00000000e6a00000|  0%| F|  |TAMS 0x00000000e6900000, 0x00000000e6900000| Untracked 
| 106|0x00000000e6a00000, 0x00000000e6a00000, 0x00000000e6b00000|  0%| F|  |TAMS 0x00000000e6a00000, 0x00000000e6a00000| Untracked 
| 107|0x00000000e6b00000, 0x00000000e6b00000, 0x00000000e6c00000|  0%| F|  |TAMS 0x00000000e6b00000, 0x00000000e6b00000| Untracked 
| 108|0x00000000e6c00000, 0x00000000e6c00000, 0x00000000e6d00000|  0%| F|  |TAMS 0x00000000e6c00000, 0x00000000e6c00000| Untracked 
| 109|0x00000000e6d00000, 0x00000000e6d00000, 0x00000000e6e00000|  0%| F|  |TAMS 0x00000000e6d00000, 0x00000000e6d00000| Untracked 
| 110|0x00000000e6e00000, 0x00000000e6e00000, 0x00000000e6f00000|  0%| F|  |TAMS 0x00000000e6e00000, 0x00000000e6e00000| Untracked 
| 111|0x00000000e6f00000, 0x00000000e6f00000, 0x00000000e7000000|  0%| F|  |TAMS 0x00000000e6f00000, 0x00000000e6f00000| Untracked 
| 112|0x00000000e7000000, 0x00000000e7000000, 0x00000000e7100000|  0%| F|  |TAMS 0x00000000e7000000, 0x00000000e7000000| Untracked 
| 113|0x00000000e7100000, 0x00000000e7100000, 0x00000000e7200000|  0%| F|  |TAMS 0x00000000e7100000, 0x00000000e7100000| Untracked 
| 114|0x00000000e7200000, 0x00000000e7200000, 0x00000000e7300000|  0%| F|  |TAMS 0x00000000e7200000, 0x00000000e7200000| Untracked 
| 115|0x00000000e7300000, 0x00000000e7300000, 0x00000000e7400000|  0%| F|  |TAMS 0x00000000e7300000, 0x00000000e7300000| Untracked 
| 116|0x00000000e7400000, 0x00000000e7400000, 0x00000000e7500000|  0%| F|  |TAMS 0x00000000e7400000, 0x00000000e7400000| Untracked 
| 117|0x00000000e7500000, 0x00000000e7500000, 0x00000000e7600000|  0%| F|  |TAMS 0x00000000e7500000, 0x00000000e7500000| Untracked 
| 118|0x00000000e7600000, 0x00000000e7600000, 0x00000000e7700000|  0%| F|  |TAMS 0x00000000e7600000, 0x00000000e7600000| Untracked 
| 119|0x00000000e7700000, 0x00000000e7700000, 0x00000000e7800000|  0%| F|  |TAMS 0x00000000e7700000, 0x00000000e7700000| Untracked 
| 120|0x00000000e7800000, 0x00000000e7800000, 0x00000000e7900000|  0%| F|  |TAMS 0x00000000e7800000, 0x00000000e7800000| Untracked 
| 121|0x00000000e7900000, 0x00000000e7900000, 0x00000000e7a00000|  0%| F|  |TAMS 0x00000000e7900000, 0x00000000e7900000| Untracked 
| 122|0x00000000e7a00000, 0x00000000e7a00000, 0x00000000e7b00000|  0%| F|  |TAMS 0x00000000e7a00000, 0x00000000e7a00000| Untracked 
| 123|0x00000000e7b00000, 0x00000000e7b00000, 0x00000000e7c00000|  0%| F|  |TAMS 0x00000000e7b00000, 0x00000000e7b00000| Untracked 
| 124|0x00000000e7c00000, 0x00000000e7c00000, 0x00000000e7d00000|  0%| F|  |TAMS 0x00000000e7c00000, 0x00000000e7c00000| Untracked 
| 125|0x00000000e7d00000, 0x00000000e7d00000, 0x00000000e7e00000|  0%| F|  |TAMS 0x00000000e7d00000, 0x00000000e7d00000| Untracked 
| 126|0x00000000e7e00000, 0x00000000e7e00000, 0x00000000e7f00000|  0%| F|  |TAMS 0x00000000e7e00000, 0x00000000e7e00000| Untracked 
| 127|0x00000000e7f00000, 0x00000000e7f00000, 0x00000000e8000000|  0%| F|  |TAMS 0x00000000e7f00000, 0x00000000e7f00000| Untracked 
| 128|0x00000000e8000000, 0x00000000e8000000, 0x00000000e8100000|  0%| F|  |TAMS 0x00000000e8000000, 0x00000000e8000000| Untracked 
| 129|0x00000000e8100000, 0x00000000e8100000, 0x00000000e8200000|  0%| F|  |TAMS 0x00000000e8100000, 0x00000000e8100000| Untracked 
| 130|0x00000000e8200000, 0x00000000e8200000, 0x00000000e8300000|  0%| F|  |TAMS 0x00000000e8200000, 0x00000000e8200000| Untracked 
| 131|0x00000000e8300000, 0x00000000e8300000, 0x00000000e8400000|  0%| F|  |TAMS 0x00000000e8300000, 0x00000000e8300000| Untracked 
| 132|0x00000000e8400000, 0x00000000e8400000, 0x00000000e8500000|  0%| F|  |TAMS 0x00000000e8400000, 0x00000000e8400000| Untracked 
| 133|0x00000000e8500000, 0x00000000e8500000, 0x00000000e8600000|  0%| F|  |TAMS 0x00000000e8500000, 0x00000000e8500000| Untracked 
| 134|0x00000000e8600000, 0x00000000e8600000, 0x00000000e8700000|  0%| F|  |TAMS 0x00000000e8600000, 0x00000000e8600000| Untracked 
| 135|0x00000000e8700000, 0x00000000e8700000, 0x00000000e8800000|  0%| F|  |TAMS 0x00000000e8700000, 0x00000000e8700000| Untracked 
| 136|0x00000000e8800000, 0x00000000e8800000, 0x00000000e8900000|  0%| F|  |TAMS 0x00000000e8800000, 0x00000000e8800000| Untracked 
| 137|0x00000000e8900000, 0x00000000e8900000, 0x00000000e8a00000|  0%| F|  |TAMS 0x00000000e8900000, 0x00000000e8900000| Untracked 
| 138|0x00000000e8a00000, 0x00000000e8a00000, 0x00000000e8b00000|  0%| F|  |TAMS 0x00000000e8a00000, 0x00000000e8a00000| Untracked 
| 139|0x00000000e8b00000, 0x00000000e8b00000, 0x00000000e8c00000|  0%| F|  |TAMS 0x00000000e8b00000, 0x00000000e8b00000| Untracked 
| 140|0x00000000e8c00000, 0x00000000e8c00000, 0x00000000e8d00000|  0%| F|  |TAMS 0x00000000e8c00000, 0x00000000e8c00000| Untracked 
| 141|0x00000000e8d00000, 0x00000000e8d00000, 0x00000000e8e00000|  0%| F|  |TAMS 0x00000000e8d00000, 0x00000000e8d00000| Untracked 
| 142|0x00000000e8e00000, 0x00000000e8e00000, 0x00000000e8f00000|  0%| F|  |TAMS 0x00000000e8e00000, 0x00000000e8e00000| Untracked 
| 143|0x00000000e8f00000, 0x00000000e8f00000, 0x00000000e9000000|  0%| F|  |TAMS 0x00000000e8f00000, 0x00000000e8f00000| Untracked 
| 144|0x00000000e9000000, 0x00000000e9000000, 0x00000000e9100000|  0%| F|  |TAMS 0x00000000e9000000, 0x00000000e9000000| Untracked 
| 145|0x00000000e9100000, 0x00000000e9100000, 0x00000000e9200000|  0%| F|  |TAMS 0x00000000e9100000, 0x00000000e9100000| Untracked 
| 146|0x00000000e9200000, 0x00000000e9200000, 0x00000000e9300000|  0%| F|  |TAMS 0x00000000e9200000, 0x00000000e9200000| Untracked 
| 147|0x00000000e9300000, 0x00000000e9300000, 0x00000000e9400000|  0%| F|  |TAMS 0x00000000e9300000, 0x00000000e9300000| Untracked 
| 148|0x00000000e9400000, 0x00000000e9400000, 0x00000000e9500000|  0%| F|  |TAMS 0x00000000e9400000, 0x00000000e9400000| Untracked 
| 149|0x00000000e9500000, 0x00000000e9500000, 0x00000000e9600000|  0%| F|  |TAMS 0x00000000e9500000, 0x00000000e9500000| Untracked 
| 150|0x00000000e9600000, 0x00000000e9600000, 0x00000000e9700000|  0%| F|  |TAMS 0x00000000e9600000, 0x00000000e9600000| Untracked 
| 151|0x00000000e9700000, 0x00000000e9700000, 0x00000000e9800000|  0%| F|  |TAMS 0x00000000e9700000, 0x00000000e9700000| Untracked 
| 152|0x00000000e9800000, 0x00000000e9800000, 0x00000000e9900000|  0%| F|  |TAMS 0x00000000e9800000, 0x00000000e9800000| Untracked 
| 153|0x00000000e9900000, 0x00000000e9900000, 0x00000000e9a00000|  0%| F|  |TAMS 0x00000000e9900000, 0x00000000e9900000| Untracked 
| 154|0x00000000e9a00000, 0x00000000e9a00000, 0x00000000e9b00000|  0%| F|  |TAMS 0x00000000e9a00000, 0x00000000e9a00000| Untracked 
| 155|0x00000000e9b00000, 0x00000000e9b00000, 0x00000000e9c00000|  0%| F|  |TAMS 0x00000000e9b00000, 0x00000000e9b00000| Untracked 
| 156|0x00000000e9c00000, 0x00000000e9cea8e0, 0x00000000e9d00000| 91%| E|  |TAMS 0x00000000e9c00000, 0x00000000e9c00000| Complete 
| 157|0x00000000e9d00000, 0x00000000e9e00000, 0x00000000e9e00000|100%| E|CS|TAMS 0x00000000e9d00000, 0x00000000e9d00000| Complete 
| 158|0x00000000e9e00000, 0x00000000e9f00000, 0x00000000e9f00000|100%| E|CS|TAMS 0x00000000e9e00000, 0x00000000e9e00000| Complete 
| 159|0x00000000e9f00000, 0x00000000ea000000, 0x00000000ea000000|100%| E|CS|TAMS 0x00000000e9f00000, 0x00000000e9f00000| Complete 
| 160|0x00000000ea000000, 0x00000000ea100000, 0x00000000ea100000|100%| E|CS|TAMS 0x00000000ea000000, 0x00000000ea000000| Complete 
| 161|0x00000000ea100000, 0x00000000ea200000, 0x00000000ea200000|100%| E|CS|TAMS 0x00000000ea100000, 0x00000000ea100000| Complete 
| 162|0x00000000ea200000, 0x00000000ea300000, 0x00000000ea300000|100%| E|CS|TAMS 0x00000000ea200000, 0x00000000ea200000| Complete 
| 163|0x00000000ea300000, 0x00000000ea400000, 0x00000000ea400000|100%| E|CS|TAMS 0x00000000ea300000, 0x00000000ea300000| Complete 
| 164|0x00000000ea400000, 0x00000000ea500000, 0x00000000ea500000|100%| E|CS|TAMS 0x00000000ea400000, 0x00000000ea400000| Complete 
| 165|0x00000000ea500000, 0x00000000ea600000, 0x00000000ea600000|100%| E|CS|TAMS 0x00000000ea500000, 0x00000000ea500000| Complete 
| 166|0x00000000ea600000, 0x00000000ea700000, 0x00000000ea700000|100%| E|CS|TAMS 0x00000000ea600000, 0x00000000ea600000| Complete 
| 167|0x00000000ea700000, 0x00000000ea800000, 0x00000000ea800000|100%| E|CS|TAMS 0x00000000ea700000, 0x00000000ea700000| Complete 
| 168|0x00000000ea800000, 0x00000000ea900000, 0x00000000ea900000|100%| E|CS|TAMS 0x00000000ea800000, 0x00000000ea800000| Complete 
| 169|0x00000000ea900000, 0x00000000eaa00000, 0x00000000eaa00000|100%| E|CS|TAMS 0x00000000ea900000, 0x00000000ea900000| Complete 
| 170|0x00000000eaa00000, 0x00000000eab00000, 0x00000000eab00000|100%| E|CS|TAMS 0x00000000eaa00000, 0x00000000eaa00000| Complete 
| 171|0x00000000eab00000, 0x00000000eac00000, 0x00000000eac00000|100%| E|CS|TAMS 0x00000000eab00000, 0x00000000eab00000| Complete 
| 172|0x00000000eac00000, 0x00000000ead00000, 0x00000000ead00000|100%| E|CS|TAMS 0x00000000eac00000, 0x00000000eac00000| Complete 
| 173|0x00000000ead00000, 0x00000000eae00000, 0x00000000eae00000|100%| E|CS|TAMS 0x00000000ead00000, 0x00000000ead00000| Complete 
| 174|0x00000000eae00000, 0x00000000eaf00000, 0x00000000eaf00000|100%| E|CS|TAMS 0x00000000eae00000, 0x00000000eae00000| Complete 
| 175|0x00000000eaf00000, 0x00000000eb000000, 0x00000000eb000000|100%| E|CS|TAMS 0x00000000eaf00000, 0x00000000eaf00000| Complete 
| 176|0x00000000eb000000, 0x00000000eb100000, 0x00000000eb100000|100%| E|CS|TAMS 0x00000000eb000000, 0x00000000eb000000| Complete 
| 177|0x00000000eb100000, 0x00000000eb200000, 0x00000000eb200000|100%| E|CS|TAMS 0x00000000eb100000, 0x00000000eb100000| Complete 
| 178|0x00000000eb200000, 0x00000000eb300000, 0x00000000eb300000|100%| E|CS|TAMS 0x00000000eb200000, 0x00000000eb200000| Complete 
| 179|0x00000000eb300000, 0x00000000eb400000, 0x00000000eb400000|100%| E|CS|TAMS 0x00000000eb300000, 0x00000000eb300000| Complete 
| 180|0x00000000eb400000, 0x00000000eb500000, 0x00000000eb500000|100%| E|CS|TAMS 0x00000000eb400000, 0x00000000eb400000| Complete 
| 181|0x00000000eb500000, 0x00000000eb600000, 0x00000000eb600000|100%| E|CS|TAMS 0x00000000eb500000, 0x00000000eb500000| Complete 
| 182|0x00000000eb600000, 0x00000000eb700000, 0x00000000eb700000|100%| E|CS|TAMS 0x00000000eb600000, 0x00000000eb600000| Complete 
| 183|0x00000000eb700000, 0x00000000eb800000, 0x00000000eb800000|100%| E|CS|TAMS 0x00000000eb700000, 0x00000000eb700000| Complete 
| 184|0x00000000eb800000, 0x00000000eb900000, 0x00000000eb900000|100%| E|CS|TAMS 0x00000000eb800000, 0x00000000eb800000| Complete 
| 185|0x00000000eb900000, 0x00000000eba00000, 0x00000000eba00000|100%| E|CS|TAMS 0x00000000eb900000, 0x00000000eb900000| Complete 
| 186|0x00000000eba00000, 0x00000000ebb00000, 0x00000000ebb00000|100%| E|CS|TAMS 0x00000000eba00000, 0x00000000eba00000| Complete 
| 187|0x00000000ebb00000, 0x00000000ebc00000, 0x00000000ebc00000|100%| E|CS|TAMS 0x00000000ebb00000, 0x00000000ebb00000| Complete 
| 188|0x00000000ebc00000, 0x00000000ebd00000, 0x00000000ebd00000|100%| E|CS|TAMS 0x00000000ebc00000, 0x00000000ebc00000| Complete 
| 189|0x00000000ebd00000, 0x00000000ebe00000, 0x00000000ebe00000|100%| E|CS|TAMS 0x00000000ebd00000, 0x00000000ebd00000| Complete 
| 190|0x00000000ebe00000, 0x00000000ebf00000, 0x00000000ebf00000|100%| E|CS|TAMS 0x00000000ebe00000, 0x00000000ebe00000| Complete 
| 191|0x00000000ebf00000, 0x00000000ec000000, 0x00000000ec000000|100%| E|CS|TAMS 0x00000000ebf00000, 0x00000000ebf00000| Complete 
| 192|0x00000000ec000000, 0x00000000ec100000, 0x00000000ec100000|100%| E|CS|TAMS 0x00000000ec000000, 0x00000000ec000000| Complete 
| 193|0x00000000ec100000, 0x00000000ec200000, 0x00000000ec200000|100%| E|CS|TAMS 0x00000000ec100000, 0x00000000ec100000| Complete 
| 194|0x00000000ec200000, 0x00000000ec300000, 0x00000000ec300000|100%| E|CS|TAMS 0x00000000ec200000, 0x00000000ec200000| Complete 
| 195|0x00000000ec300000, 0x00000000ec400000, 0x00000000ec400000|100%| E|CS|TAMS 0x00000000ec300000, 0x00000000ec300000| Complete 
| 196|0x00000000ec400000, 0x00000000ec500000, 0x00000000ec500000|100%| E|CS|TAMS 0x00000000ec400000, 0x00000000ec400000| Complete 
| 197|0x00000000ec500000, 0x00000000ec600000, 0x00000000ec600000|100%| E|CS|TAMS 0x00000000ec500000, 0x00000000ec500000| Complete 
| 198|0x00000000ec600000, 0x00000000ec700000, 0x00000000ec700000|100%| E|CS|TAMS 0x00000000ec600000, 0x00000000ec600000| Complete 
| 199|0x00000000ec700000, 0x00000000ec800000, 0x00000000ec800000|100%| E|CS|TAMS 0x00000000ec700000, 0x00000000ec700000| Complete 
| 200|0x00000000ec800000, 0x00000000ec900000, 0x00000000ec900000|100%| E|CS|TAMS 0x00000000ec800000, 0x00000000ec800000| Complete 
| 201|0x00000000ec900000, 0x00000000eca00000, 0x00000000eca00000|100%| E|CS|TAMS 0x00000000ec900000, 0x00000000ec900000| Complete 
| 202|0x00000000eca00000, 0x00000000ecb00000, 0x00000000ecb00000|100%| E|CS|TAMS 0x00000000eca00000, 0x00000000eca00000| Complete 
| 203|0x00000000ecb00000, 0x00000000ecc00000, 0x00000000ecc00000|100%| E|CS|TAMS 0x00000000ecb00000, 0x00000000ecb00000| Complete 
| 204|0x00000000ecc00000, 0x00000000ecd00000, 0x00000000ecd00000|100%| E|CS|TAMS 0x00000000ecc00000, 0x00000000ecc00000| Complete 
| 205|0x00000000ecd00000, 0x00000000ece00000, 0x00000000ece00000|100%| E|CS|TAMS 0x00000000ecd00000, 0x00000000ecd00000| Complete 
| 206|0x00000000ece00000, 0x00000000ecf00000, 0x00000000ecf00000|100%| E|CS|TAMS 0x00000000ece00000, 0x00000000ece00000| Complete 
| 207|0x00000000ecf00000, 0x00000000ed000000, 0x00000000ed000000|100%| E|CS|TAMS 0x00000000ecf00000, 0x00000000ecf00000| Complete 
| 208|0x00000000ed000000, 0x00000000ed100000, 0x00000000ed100000|100%| E|CS|TAMS 0x00000000ed000000, 0x00000000ed000000| Complete 
| 209|0x00000000ed100000, 0x00000000ed200000, 0x00000000ed200000|100%| E|CS|TAMS 0x00000000ed100000, 0x00000000ed100000| Complete 
| 210|0x00000000ed200000, 0x00000000ed300000, 0x00000000ed300000|100%| E|CS|TAMS 0x00000000ed200000, 0x00000000ed200000| Complete 
| 211|0x00000000ed300000, 0x00000000ed400000, 0x00000000ed400000|100%| E|CS|TAMS 0x00000000ed300000, 0x00000000ed300000| Complete 
| 212|0x00000000ed400000, 0x00000000ed500000, 0x00000000ed500000|100%| E|CS|TAMS 0x00000000ed400000, 0x00000000ed400000| Complete 
| 213|0x00000000ed500000, 0x00000000ed600000, 0x00000000ed600000|100%| E|CS|TAMS 0x00000000ed500000, 0x00000000ed500000| Complete 
| 214|0x00000000ed600000, 0x00000000ed700000, 0x00000000ed700000|100%| E|CS|TAMS 0x00000000ed600000, 0x00000000ed600000| Complete 
| 215|0x00000000ed700000, 0x00000000ed800000, 0x00000000ed800000|100%| E|CS|TAMS 0x00000000ed700000, 0x00000000ed700000| Complete 
| 216|0x00000000ed800000, 0x00000000ed900000, 0x00000000ed900000|100%| E|CS|TAMS 0x00000000ed800000, 0x00000000ed800000| Complete 
| 217|0x00000000ed900000, 0x00000000eda00000, 0x00000000eda00000|100%| E|CS|TAMS 0x00000000ed900000, 0x00000000ed900000| Complete 
| 218|0x00000000eda00000, 0x00000000edb00000, 0x00000000edb00000|100%| E|CS|TAMS 0x00000000eda00000, 0x00000000eda00000| Complete 
| 219|0x00000000edb00000, 0x00000000edc00000, 0x00000000edc00000|100%| E|CS|TAMS 0x00000000edb00000, 0x00000000edb00000| Complete 
| 220|0x00000000edc00000, 0x00000000edd00000, 0x00000000edd00000|100%| E|CS|TAMS 0x00000000edc00000, 0x00000000edc00000| Complete 
| 221|0x00000000edd00000, 0x00000000ede00000, 0x00000000ede00000|100%| E|CS|TAMS 0x00000000edd00000, 0x00000000edd00000| Complete 
| 222|0x00000000ede00000, 0x00000000edf00000, 0x00000000edf00000|100%| E|CS|TAMS 0x00000000ede00000, 0x00000000ede00000| Complete 
| 223|0x00000000edf00000, 0x00000000ee000000, 0x00000000ee000000|100%| E|CS|TAMS 0x00000000edf00000, 0x00000000edf00000| Complete 
| 224|0x00000000ee000000, 0x00000000ee100000, 0x00000000ee100000|100%| E|CS|TAMS 0x00000000ee000000, 0x00000000ee000000| Complete 
| 225|0x00000000ee100000, 0x00000000ee200000, 0x00000000ee200000|100%| E|CS|TAMS 0x00000000ee100000, 0x00000000ee100000| Complete 
| 226|0x00000000ee200000, 0x00000000ee300000, 0x00000000ee300000|100%| E|CS|TAMS 0x00000000ee200000, 0x00000000ee200000| Complete 
| 227|0x00000000ee300000, 0x00000000ee400000, 0x00000000ee400000|100%| E|CS|TAMS 0x00000000ee300000, 0x00000000ee300000| Complete 
| 228|0x00000000ee400000, 0x00000000ee500000, 0x00000000ee500000|100%| E|CS|TAMS 0x00000000ee400000, 0x00000000ee400000| Complete 
| 229|0x00000000ee500000, 0x00000000ee600000, 0x00000000ee600000|100%| E|CS|TAMS 0x00000000ee500000, 0x00000000ee500000| Complete 
| 230|0x00000000ee600000, 0x00000000ee700000, 0x00000000ee700000|100%| E|CS|TAMS 0x00000000ee600000, 0x00000000ee600000| Complete 
| 231|0x00000000ee700000, 0x00000000ee800000, 0x00000000ee800000|100%| E|CS|TAMS 0x00000000ee700000, 0x00000000ee700000| Complete 
| 232|0x00000000ee800000, 0x00000000ee900000, 0x00000000ee900000|100%| E|CS|TAMS 0x00000000ee800000, 0x00000000ee800000| Complete 
| 233|0x00000000ee900000, 0x00000000eea00000, 0x00000000eea00000|100%| E|CS|TAMS 0x00000000ee900000, 0x00000000ee900000| Complete 
| 234|0x00000000eea00000, 0x00000000eeb00000, 0x00000000eeb00000|100%| E|CS|TAMS 0x00000000eea00000, 0x00000000eea00000| Complete 
| 235|0x00000000eeb00000, 0x00000000eec00000, 0x00000000eec00000|100%| E|CS|TAMS 0x00000000eeb00000, 0x00000000eeb00000| Complete 
| 236|0x00000000eec00000, 0x00000000eed00000, 0x00000000eed00000|100%| E|CS|TAMS 0x00000000eec00000, 0x00000000eec00000| Complete 
| 237|0x00000000eed00000, 0x00000000eee00000, 0x00000000eee00000|100%| E|CS|TAMS 0x00000000eed00000, 0x00000000eed00000| Complete 
| 238|0x00000000eee00000, 0x00000000eef00000, 0x00000000eef00000|100%| E|CS|TAMS 0x00000000eee00000, 0x00000000eee00000| Complete 
| 239|0x00000000eef00000, 0x00000000ef000000, 0x00000000ef000000|100%| E|CS|TAMS 0x00000000eef00000, 0x00000000eef00000| Complete 
| 240|0x00000000ef000000, 0x00000000ef100000, 0x00000000ef100000|100%| E|CS|TAMS 0x00000000ef000000, 0x00000000ef000000| Complete 
| 241|0x00000000ef100000, 0x00000000ef200000, 0x00000000ef200000|100%| E|CS|TAMS 0x00000000ef100000, 0x00000000ef100000| Complete 
| 242|0x00000000ef200000, 0x00000000ef300000, 0x00000000ef300000|100%| E|CS|TAMS 0x00000000ef200000, 0x00000000ef200000| Complete 
| 243|0x00000000ef300000, 0x00000000ef400000, 0x00000000ef400000|100%| E|CS|TAMS 0x00000000ef300000, 0x00000000ef300000| Complete 
| 244|0x00000000ef400000, 0x00000000ef500000, 0x00000000ef500000|100%| E|CS|TAMS 0x00000000ef400000, 0x00000000ef400000| Complete 
| 245|0x00000000ef500000, 0x00000000ef600000, 0x00000000ef600000|100%| E|CS|TAMS 0x00000000ef500000, 0x00000000ef500000| Complete 
| 246|0x00000000ef600000, 0x00000000ef700000, 0x00000000ef700000|100%| E|CS|TAMS 0x00000000ef600000, 0x00000000ef600000| Complete 
| 247|0x00000000ef700000, 0x00000000ef800000, 0x00000000ef800000|100%| E|CS|TAMS 0x00000000ef700000, 0x00000000ef700000| Complete 
| 248|0x00000000ef800000, 0x00000000ef900000, 0x00000000ef900000|100%| E|CS|TAMS 0x00000000ef800000, 0x00000000ef800000| Complete 
| 249|0x00000000ef900000, 0x00000000efa00000, 0x00000000efa00000|100%| E|CS|TAMS 0x00000000ef900000, 0x00000000ef900000| Complete 
| 250|0x00000000efa00000, 0x00000000efb00000, 0x00000000efb00000|100%| E|CS|TAMS 0x00000000efa00000, 0x00000000efa00000| Complete 
| 251|0x00000000efb00000, 0x00000000efc00000, 0x00000000efc00000|100%| E|CS|TAMS 0x00000000efb00000, 0x00000000efb00000| Complete 
| 252|0x00000000efc00000, 0x00000000efd00000, 0x00000000efd00000|100%| E|CS|TAMS 0x00000000efc00000, 0x00000000efc00000| Complete 
| 253|0x00000000efd00000, 0x00000000efe00000, 0x00000000efe00000|100%| E|CS|TAMS 0x00000000efd00000, 0x00000000efd00000| Complete 
| 254|0x00000000efe00000, 0x00000000eff00000, 0x00000000eff00000|100%| E|CS|TAMS 0x00000000efe00000, 0x00000000efe00000| Complete 
| 255|0x00000000eff00000, 0x00000000f0000000, 0x00000000f0000000|100%| E|CS|TAMS 0x00000000eff00000, 0x00000000eff00000| Complete 

Card table byte_map: [0x0000014344730000,0x0000014344830000] _byte_map_base: 0x0000014344030000

Marking Bits (Prev, Next): (CMBitMap*) 0x000001432dd582f0, (CMBitMap*) 0x000001432dd582b8
 Prev Bits: [0x0000014345130000, 0x0000014345930000)
 Next Bits: [0x0000014344930000, 0x0000014345130000)

Polling page: 0x000001432bc10000

Metaspace:

Usage:
  Non-class:     58.87 MB capacity,    57.14 MB ( 97%) used,     1.45 MB (  2%) free+waste,   283.75 KB ( <1%) overhead. 
      Class:     10.19 MB capacity,     9.07 MB ( 89%) used,  1005.48 KB ( 10%) free+waste,   143.06 KB (  1%) overhead. 
       Both:     69.06 MB capacity,    66.21 MB ( 96%) used,     2.44 MB (  4%) free+waste,   426.81 KB ( <1%) overhead. 

Virtual space:
  Non-class space:       60.00 MB reserved,      58.87 MB ( 98%) committed 
      Class space:      376.00 MB reserved,      10.25 MB (  3%) committed 
             Both:      436.00 MB reserved,      69.12 MB ( 16%) committed 

Chunk freelists:
   Non-Class:  128 bytes
       Class:  0 bytes
        Both:  128 bytes

CodeHeap 'non-profiled nmethods': size=120000Kb used=4480Kb max_used=4480Kb free=115519Kb
 bounds [0x000001433cee0000, 0x000001433d350000, 0x0000014344410000]
CodeHeap 'profiled nmethods': size=120000Kb used=14277Kb max_used=14277Kb free=105722Kb
 bounds [0x00000143359b0000, 0x00000143367b0000, 0x000001433cee0000]
CodeHeap 'non-nmethods': size=5760Kb used=2243Kb max_used=2305Kb free=3516Kb
 bounds [0x0000014335410000, 0x0000014335680000, 0x00000143359b0000]
 total_blobs=7386 nmethods=6555 adapters=742
 compilation: enabled
              stopped_count=0, restarted_count=0
 full_count=0

Compilation events (10 events):
Event: 7.422 Thread 0x0000014348c13000 6499       3       sun.nio.fs.WindowsFileAttributes::isRegularFile (27 bytes)
Event: 7.422 Thread 0x0000014348c13000 nmethod 6499 0x000001433676fe90 code [0x0000014336770080, 0x00000143367706d8]
Event: 7.422 Thread 0x0000014348c13000 6500       3       sun.nio.fs.WindowsFileAttributes::isOther (26 bytes)
Event: 7.422 Thread 0x0000014348c13000 nmethod 6500 0x0000014336770810 code [0x00000143367709c0, 0x0000014336770c38]
Event: 7.422 Thread 0x0000014348c13000 6502       3       org.gradle.internal.snapshot.AbstractListChildMap$$Lambda$547/0x00000001005adc40::get$Lambda (10 bytes)
Event: 7.422 Thread 0x0000014348c13000 nmethod 6502 0x0000014336770d10 code [0x0000014336770ec0, 0x0000014336771178]
Event: 7.422 Thread 0x0000014348c13000 6503       3       org.gradle.internal.snapshot.AbstractListChildMap$$Lambda$547/0x00000001005adc40::<init> (15 bytes)
Event: 7.422 Thread 0x0000014348c13000 nmethod 6503 0x0000014336771290 code [0x0000014336771440, 0x0000014336771658]
Event: 7.423 Thread 0x0000014348c13000 6504       3       org.gradle.internal.snapshot.VfsRelativePath::lengthOfCommonPrefix (173 bytes)
Event: 7.424 Thread 0x0000014348c13000 nmethod 6504 0x0000014336771710 code [0x0000014336771b20, 0x0000014336773ce8]

GC Heap History (10 events):
Event: 3.655 GC heap before
{Heap before GC invocations=6 (full 0):
 garbage-first heap   total 262144K, used 47282K [0x00000000e0000000, 0x0000000100000000)
  region size 1024K, 30 young (30720K), 6 survivors (6144K)
 Metaspace       used 34806K, capacity 35700K, committed 35888K, reserved 417792K
  class space    used 4634K, capacity 4988K, committed 4992K, reserved 385024K
}
Event: 3.659 GC heap after
{Heap after GC invocations=7 (full 0):
 garbage-first heap   total 262144K, used 24397K [0x00000000e0000000, 0x0000000100000000)
  region size 1024K, 6 young (6144K), 6 survivors (6144K)
 Metaspace       used 34806K, capacity 35700K, committed 35888K, reserved 417792K
  class space    used 4634K, capacity 4988K, committed 4992K, reserved 385024K
}
Event: 4.630 GC heap before
{Heap before GC invocations=8 (full 0):
 garbage-first heap   total 262144K, used 173901K [0x00000000e0000000, 0x0000000100000000)
  region size 1024K, 148 young (151552K), 6 survivors (6144K)
 Metaspace       used 46367K, capacity 47660K, committed 47920K, reserved 428032K
  class space    used 5980K, capacity 6466K, committed 6528K, reserved 385024K
}
Event: 4.638 GC heap after
{Heap after GC invocations=9 (full 0):
 garbage-first heap   total 262144K, used 32165K [0x00000000e0000000, 0x0000000100000000)
  region size 1024K, 14 young (14336K), 14 survivors (14336K)
 Metaspace       used 46367K, capacity 47660K, committed 47920K, reserved 428032K
  class space    used 5980K, capacity 6466K, committed 6528K, reserved 385024K
}
Event: 5.540 GC heap before
{Heap before GC invocations=9 (full 0):
 garbage-first heap   total 262144K, used 175525K [0x00000000e0000000, 0x0000000100000000)
  region size 1024K, 153 young (156672K), 14 survivors (14336K)
 Metaspace       used 53180K, capacity 54888K, committed 55088K, reserved 434176K
  class space    used 7033K, capacity 7684K, committed 7808K, reserved 385024K
}
Event: 5.548 GC heap after
{Heap after GC invocations=10 (full 0):
 garbage-first heap   total 262144K, used 38050K [0x00000000e0000000, 0x0000000100000000)
  region size 1024K, 13 young (13312K), 13 survivors (13312K)
 Metaspace       used 53180K, capacity 54888K, committed 55088K, reserved 434176K
  class space    used 7033K, capacity 7684K, committed 7808K, reserved 385024K
}
Event: 5.978 GC heap before
{Heap before GC invocations=10 (full 0):
 garbage-first heap   total 262144K, used 125090K [0x00000000e0000000, 0x0000000100000000)
  region size 1024K, 97 young (99328K), 13 survivors (13312K)
 Metaspace       used 58081K, capacity 59887K, committed 60028K, reserved 438272K
  class space    used 7687K, capacity 8378K, committed 8448K, reserved 385024K
}
Event: 5.988 GC heap after
{Heap after GC invocations=11 (full 0):
 garbage-first heap   total 262144K, used 40053K [0x00000000e0000000, 0x0000000100000000)
  region size 1024K, 7 young (7168K), 7 survivors (7168K)
 Metaspace       used 58081K, capacity 59887K, committed 60028K, reserved 438272K
  class space    used 7687K, capacity 8378K, committed 8448K, reserved 385024K
}
Event: 6.883 GC heap before
{Heap before GC invocations=12 (full 0):
 garbage-first heap   total 262144K, used 189557K [0x00000000e0000000, 0x0000000100000000)
  region size 1024K, 153 young (156672K), 7 survivors (7168K)
 Metaspace       used 64179K, capacity 66574K, committed 66812K, reserved 442368K
  class space    used 8673K, capacity 9554K, committed 9600K, reserved 385024K
}
Event: 6.892 GC heap after
{Heap after GC invocations=13 (full 0):
 garbage-first heap   total 262144K, used 47330K [0x00000000e0000000, 0x0000000100000000)
  region size 1024K, 14 young (14336K), 14 survivors (14336K)
 Metaspace       used 64179K, capacity 66574K, committed 66812K, reserved 442368K
  class space    used 8673K, capacity 9554K, committed 9600K, reserved 385024K
}

Deoptimization events (10 events):
Event: 7.248 Thread 0x000001434b2e3000 Uncommon trap: reason=class_check action=maybe_recompile pc=0x000001433d181dcc method=java.util.stream.StreamOpFlag.fromCharacteristics(Ljava/util/Spliterator;)I @ 14 c2
Event: 7.249 Thread 0x000001434b2e3000 Uncommon trap: reason=class_check action=maybe_recompile pc=0x000001433d181dcc method=java.util.stream.StreamOpFlag.fromCharacteristics(Ljava/util/Spliterator;)I @ 14 c2
Event: 7.249 Thread 0x000001434b2e3000 Uncommon trap: reason=class_check action=maybe_recompile pc=0x000001433d181dcc method=java.util.stream.StreamOpFlag.fromCharacteristics(Ljava/util/Spliterator;)I @ 14 c2
Event: 7.273 Thread 0x000001434b2e3000 Uncommon trap: reason=unstable_if action=reinterpret pc=0x000001433d2d82e8 method=groovy.lang.MetaClassImpl.checkIfStdMethod(Lgroovy/lang/MetaMethod;)V @ 78 c2
Event: 7.273 Thread 0x000001434b2e3000 Uncommon trap: reason=unstable_if action=reinterpret pc=0x000001433d2e0f24 method=groovy.lang.MetaClassImpl.checkIfStdMethod(Lgroovy/lang/MetaMethod;)V @ 78 c2
Event: 7.356 Thread 0x000001434f965800 Uncommon trap: reason=class_check action=maybe_recompile pc=0x000001433d1683fc method=java.util.stream.StreamOpFlag.fromCharacteristics(Ljava/util/Spliterator;)I @ 14 c2
Event: 7.367 Thread 0x000001434f965800 Uncommon trap: reason=unstable_if action=reinterpret pc=0x000001433d0e239c method=java.util.Spliterator.getExactSizeIfKnown()J @ 9 c2
Event: 7.370 Thread 0x000001434ddb4800 Uncommon trap: reason=bimorphic_or_optimized_type_check action=maybe_recompile pc=0x000001433d0c55e8 method=java.io.BufferedInputStream.read([BII)I @ 101 c2
Event: 7.387 Thread 0x000001434f965800 Uncommon trap: reason=unstable_if action=reinterpret pc=0x000001433d2031d8 method=java.lang.String.regionMatches(ZILjava/lang/String;II)Z @ 1 c2
Event: 7.402 Thread 0x000001434f965800 Uncommon trap: reason=unstable_if action=reinterpret pc=0x000001433cf666b0 method=java.lang.StringLatin1.compareToCI([B[B)I @ 68 c2

Classes redefined (0 events):
No events

Internal exceptions (10 events):
Event: 7.278 Thread 0x000001434b2e3000 Exception <a 'java/lang/ClassNotFoundException'{0x00000000eb67ab58}: org/gradle/api/internal/tasks/testing/logging/DefaultTestLoggingContainer_DecoratedCustomizer> (0x00000000eb67ab58) thrown at [./open/src/hotspot/share/classfile/systemDictionary.cpp, li
Event: 7.284 Thread 0x000001434b2e3000 Exception <a 'java/lang/ClassNotFoundException'{0x00000000eb538400}: GradleDaemonClasspathEnhancerBeanInfo> (0x00000000eb538400) thrown at [./open/src/hotspot/share/classfile/systemDictionary.cpp, line 226]
Event: 7.284 Thread 0x000001434b2e3000 Exception <a 'java/lang/ClassNotFoundException'{0x00000000eb54bfc0}: GradleDaemonClasspathEnhancerCustomizer> (0x00000000eb54bfc0) thrown at [./open/src/hotspot/share/classfile/systemDictionary.cpp, line 226]
Event: 7.316 Thread 0x000001434f965800 Exception <a 'java/lang/NoSuchMethodError'{0x00000000eafe44c8}: 'void java.lang.invoke.DirectMethodHandle$Holder.invokeSpecial(java.lang.Object, java.lang.Object, java.lang.Object, java.lang.Object, int, java.lang.Object, java.lang.Object)'> (0x00000000ea
Event: 7.360 Thread 0x00000143495b7000 Exception <a 'java/lang/NoSuchMethodError'{0x00000000ea9514f0}: static Lorg/gradle/internal/build/event/types/DefaultTaskStartedProgressEvent;.<clinit>()V> (0x00000000ea9514f0) thrown at [./open/src/hotspot/share/prims/jni.cpp, line 1371]
Event: 7.360 Thread 0x00000143495b7000 Exception <a 'java/lang/NoSuchMethodError'{0x00000000ea952b08}: static Lorg/gradle/internal/build/event/types/AbstractProgressEvent;.<clinit>()V> (0x00000000ea952b08) thrown at [./open/src/hotspot/share/prims/jni.cpp, line 1371]
Event: 7.361 Thread 0x00000143495b7000 Exception <a 'java/lang/NoSuchMethodError'{0x00000000ea95dc10}: static Lorg/gradle/internal/build/event/types/DefaultTaskDescriptor;.<clinit>()V> (0x00000000ea95dc10) thrown at [./open/src/hotspot/share/prims/jni.cpp, line 1371]
Event: 7.362 Thread 0x00000143495b7000 Exception <a 'java/lang/NoSuchMethodError'{0x00000000ea9bc3e0}: static Lorg/gradle/internal/operations/OperationIdentifier;.<clinit>()V> (0x00000000ea9bc3e0) thrown at [./open/src/hotspot/share/prims/jni.cpp, line 1371]
Event: 7.363 Thread 0x00000143495b7000 Exception <a 'java/lang/NoSuchMethodError'{0x00000000ea9c6ae8}: static Lorg/gradle/internal/build/event/types/DefaultBinaryPluginIdentifier;.<clinit>()V> (0x00000000ea9c6ae8) thrown at [./open/src/hotspot/share/prims/jni.cpp, line 1371]
Event: 7.425 Thread 0x000001434f965800 Exception <a 'java/lang/IncompatibleClassChangeError'{0x00000000ea30af30}: Found class java.lang.Object, but interface was expected> (0x00000000ea30af30) thrown at [./open/src/hotspot/share/interpreter/linkResolver.cpp, line 839]

Events (10 events):
Event: 7.424 loading class org/gradle/internal/execution/history/PreviousExecutionState done
Event: 7.424 loading class com/google/common/collect/ImmutableSortedMap
Event: 7.424 loading class com/google/common/collect/ImmutableSortedMap done
Event: 7.425 loading class org/gradle/internal/execution/UnitOfWork$InputVisitor
Event: 7.425 loading class org/gradle/internal/execution/UnitOfWork$InputVisitor done
Event: 7.425 loading class org/gradle/internal/execution/UnitOfWork$InputVisitor
Event: 7.425 loading class org/gradle/internal/execution/UnitOfWork$InputVisitor done
Event: 7.425 loading class org/gradle/internal/execution/UnitOfWork
Event: 7.425 loading class org/gradle/internal/execution/UnitOfWork done
Event: 7.425 loading class java/util/concurrent/ConcurrentSkipListMap$KeySet


Dynamic libraries:
0x00007ff6a7a80000 - 0x00007ff6a7a90000 	C:\Program Files\Java\jdk-11\bin\java.exe
0x00007fffe3140000 - 0x00007fffe33a8000 	C:\WINDOWS\SYSTEM32\ntdll.dll
0x00007fffe1f30000 - 0x00007fffe1ff9000 	C:\WINDOWS\System32\KERNEL32.DLL
0x00007fffe0570000 - 0x00007fffe0968000 	C:\WINDOWS\System32\KERNELBASE.dll
0x00007fffe0d90000 - 0x00007fffe0edb000 	C:\WINDOWS\System32\ucrtbase.dll
0x00007fffa56d0000 - 0x00007fffa56e9000 	C:\Program Files\Java\jdk-11\bin\jli.dll
0x00007fffa5430000 - 0x00007fffa544b000 	C:\Program Files\Java\jdk-11\bin\VCRUNTIME140.dll
0x00007fffe1c60000 - 0x00007fffe1d14000 	C:\WINDOWS\System32\ADVAPI32.dll
0x00007fffe1b30000 - 0x00007fffe1bd9000 	C:\WINDOWS\System32\msvcrt.dll
0x00007fffe3050000 - 0x00007fffe30f6000 	C:\WINDOWS\System32\sechost.dll
0x00007fffe16d0000 - 0x00007fffe17e8000 	C:\WINDOWS\System32\RPCRT4.dll
0x00007fffe17f0000 - 0x00007fffe19b7000 	C:\WINDOWS\System32\USER32.dll
0x00007fffc3e40000 - 0x00007fffc40d4000 	C:\WINDOWS\WinSxS\amd64_microsoft.windows.common-controls_6595b64144ccf1df_6.0.26100.7019_none_3e06ffa0e335b8a8\COMCTL32.dll
0x00007fffe03d0000 - 0x00007fffe03f7000 	C:\WINDOWS\System32\win32u.dll
0x00007fffe1f00000 - 0x00007fffe1f2b000 	C:\WINDOWS\System32\GDI32.dll
0x00007fffe0c60000 - 0x00007fffe0d8c000 	C:\WINDOWS\System32\gdi32full.dll
0x00007fffd60a0000 - 0x00007fffd60ab000 	C:\WINDOWS\SYSTEM32\VERSION.dll
0x00007fffe04c0000 - 0x00007fffe0563000 	C:\WINDOWS\System32\msvcp_win.dll
0x00007fffe1c10000 - 0x00007fffe1c41000 	C:\WINDOWS\System32\IMM32.DLL
0x00007fffb50c0000 - 0x00007fffb50cc000 	C:\Program Files\Java\jdk-11\bin\vcruntime140_1.dll
0x00007fffa4b70000 - 0x00007fffa4bfe000 	C:\Program Files\Java\jdk-11\bin\msvcp140.dll
0x00007fff1ad70000 - 0x00007fff1b8d3000 	C:\Program Files\Java\jdk-11\bin\server\jvm.dll
0x00007fffe0ee0000 - 0x00007fffe0ee8000 	C:\WINDOWS\System32\PSAPI.DLL
0x00007fffc1fe0000 - 0x00007fffc1fea000 	C:\WINDOWS\SYSTEM32\WSOCK32.dll
0x00007fffcb1b0000 - 0x00007fffcb1e5000 	C:\WINDOWS\SYSTEM32\WINMM.dll
0x00007fffe25d0000 - 0x00007fffe2644000 	C:\WINDOWS\System32\WS2_32.dll
0x00007fffdf020000 - 0x00007fffdf03b000 	C:\WINDOWS\SYSTEM32\kernel.appcore.dll
0x00007fffa5420000 - 0x00007fffa5430000 	C:\Program Files\Java\jdk-11\bin\verify.dll
0x00007fffdd9d0000 - 0x00007fffddc12000 	C:\WINDOWS\SYSTEM32\DBGHELP.DLL
0x00007fffe2cc0000 - 0x00007fffe304b000 	C:\WINDOWS\System32\combase.dll
0x00007fffe2410000 - 0x00007fffe24e7000 	C:\WINDOWS\System32\OLEAUT32.dll
0x00007fffd91a0000 - 0x00007fffd91dc000 	C:\WINDOWS\SYSTEM32\dbgcore.DLL
0x00007fffe0320000 - 0x00007fffe03c5000 	C:\WINDOWS\System32\bcryptPrimitives.dll
0x00007fffa53b0000 - 0x00007fffa53d8000 	C:\Program Files\Java\jdk-11\bin\java.dll
0x00007fffa53a0000 - 0x00007fffa53aa000 	C:\Program Files\Java\jdk-11\bin\jimage.dll
0x00007fffa51f0000 - 0x00007fffa51fe000 	C:\Program Files\Java\jdk-11\bin\instrument.dll
0x00007fffa4cc0000 - 0x00007fffa4cd7000 	C:\Program Files\Java\jdk-11\bin\zip.dll
0x00007fffe0ef0000 - 0x00007fffe163f000 	C:\WINDOWS\System32\SHELL32.dll
0x00007fffe0af0000 - 0x00007fffe0c5b000 	C:\WINDOWS\System32\wintypes.dll
0x00007fffdde90000 - 0x00007fffde6ed000 	C:\WINDOWS\SYSTEM32\windows.storage.dll
0x00007fffe2000000 - 0x00007fffe20f2000 	C:\WINDOWS\System32\SHCORE.dll
0x00007fffe1e90000 - 0x00007fffe1ef7000 	C:\WINDOWS\System32\shlwapi.dll
0x00007fffe01b0000 - 0x00007fffe01d9000 	C:\WINDOWS\SYSTEM32\profapi.dll
0x00007fffa4ca0000 - 0x00007fffa4cb9000 	C:\Program Files\Java\jdk-11\bin\net.dll
0x00007fffd8d50000 - 0x00007fffd8e78000 	C:\WINDOWS\SYSTEM32\WINHTTP.dll
0x00007fffdf5c0000 - 0x00007fffdf62b000 	C:\WINDOWS\system32\mswsock.dll
0x00007fffa4c80000 - 0x00007fffa4c92000 	C:\Program Files\Java\jdk-11\bin\nio.dll
0x00007fffa2770000 - 0x00007fffa2797000 	C:\Users\croha\.gradle\native\1def1411415f61bf3af743bc5b6707747c0891f09f0c88961ee8f79bc544acac\windows-amd64\native-platform.dll
0x00007fff68350000 - 0x00007fff683c8000 	C:\Users\croha\.gradle\native\0.2.6\x86_64-windows-gnu\gradle-fileevents.dll
0x00007fffa5050000 - 0x00007fffa5059000 	C:\Program Files\Java\jdk-11\bin\management.dll
0x00007fffa4c70000 - 0x00007fffa4c7b000 	C:\Program Files\Java\jdk-11\bin\management_ext.dll
0x00007fffdea00000 - 0x00007fffdea34000 	C:\WINDOWS\SYSTEM32\IPHLPAPI.DLL
0x00007fffe1d20000 - 0x00007fffe1d2a000 	C:\WINDOWS\System32\NSI.dll
0x00007fffd8f20000 - 0x00007fffd8f3e000 	C:\WINDOWS\SYSTEM32\dhcpcsvc6.DLL
0x00007fffd8b40000 - 0x00007fffd8b63000 	C:\WINDOWS\SYSTEM32\dhcpcsvc.DLL
0x00007fffdea90000 - 0x00007fffdebbc000 	C:\WINDOWS\SYSTEM32\DNSAPI.dll
0x00007fffdf880000 - 0x00007fffdf89b000 	C:\WINDOWS\SYSTEM32\CRYPTSP.dll
0x00007fffdef80000 - 0x00007fffdefba000 	C:\WINDOWS\system32\rsaenh.dll
0x00007fffdf670000 - 0x00007fffdf69b000 	C:\WINDOWS\SYSTEM32\USERENV.dll
0x00007fffe0180000 - 0x00007fffe01aa000 	C:\WINDOWS\SYSTEM32\bcrypt.dll
0x00007fffdf8a0000 - 0x00007fffdf8ac000 	C:\WINDOWS\SYSTEM32\CRYPTBASE.dll

dbghelp: loaded successfully - version: 4.0.5 - missing functions: none
symbol engine: initialized successfully - sym options: 0x614 - pdb path: .;C:\Program Files\Java\jdk-11\bin;C:\WINDOWS\SYSTEM32;C:\WINDOWS\WinSxS\amd64_microsoft.windows.common-controls_6595b64144ccf1df_6.0.26100.7019_none_3e06ffa0e335b8a8;C:\Program Files\Java\jdk-11\bin\server;C:\Users\croha\.gradle\native\1def1411415f61bf3af743bc5b6707747c0891f09f0c88961ee8f79bc544acac\windows-amd64;C:\Users\croha\.gradle\native\0.2.6\x86_64-windows-gnu

VM Arguments:
jvm_args: --add-opens=java.base/java.lang=ALL-UNNAMED --add-opens=java.base/java.lang.invoke=ALL-UNNAMED --add-opens=java.base/java.util=ALL-UNNAMED --add-opens=java.prefs/java.util.prefs=ALL-UNNAMED --add-exports=jdk.compiler/com.sun.tools.javac.api=ALL-UNNAMED --add-exports=jdk.compiler/com.sun.tools.javac.util=ALL-UNNAMED --add-opens=java.base/java.util=ALL-UNNAMED --add-opens=java.prefs/java.util.prefs=ALL-UNNAMED --add-opens=java.base/java.nio.charset=ALL-UNNAMED --add-opens=java.base/java.net=ALL-UNNAMED --add-opens=java.base/java.util.concurrent.atomic=ALL-UNNAMED --add-opens=java.xml/javax.xml.namespace=ALL-UNNAMED -XX:MaxMetaspaceSize=384m -XX:+HeapDumpOnOutOfMemoryError -Xms256m -Xmx512m -Dfile.encoding=UTF-8 -Duser.country=IN -Duser.language=en -Duser.variant -javaagent:C:\Users\croha\.gradle\wrapper\dists\gradle-8.12.1-bin\eumc4uhoysa37zql93vfjkxy0\gradle-8.12.1\lib\agents\gradle-instrumentation-agent-8.12.1.jar 
java_command: org.gradle.launcher.daemon.bootstrap.GradleDaemon 8.12.1
java_class_path (initial): C:\Users\croha\.gradle\wrapper\dists\gradle-8.12.1-bin\eumc4uhoysa37zql93vfjkxy0\gradle-8.12.1\lib\gradle-daemon-main-8.12.1.jar
Launcher Type: SUN_STANDARD

[Global flags]
     intx CICompilerCount                          = 4                                         {product} {ergonomic}
   size_t CompressedClassSpaceSize                 = 394264576                                 {product} {ergonomic}
     uint ConcGCThreads                            = 2                                         {product} {ergonomic}
     uint G1ConcRefinementThreads                  = 8                                         {product} {ergonomic}
   size_t G1HeapRegionSize                         = 1048576                                   {product} {ergonomic}
    uintx GCDrainStackTargetSize                   = 64                                        {product} {ergonomic}
     bool HeapDumpOnOutOfMemoryError               = true                                   {manageable} {command line}
   size_t InitialHeapSize                          = 268435456                                 {product} {command line}
   size_t MarkStackSize                            = 4194304                                   {product} {ergonomic}
   size_t MaxHeapSize                              = 536870912                                 {product} {command line}
   size_t MaxMetaspaceSize                         = 402653184                                 {product} {command line}
   size_t MaxNewSize                               = 321912832                                 {product} {ergonomic}
   size_t MinHeapDeltaBytes                        = 1048576                                   {product} {ergonomic}
    uintx NonNMethodCodeHeapSize                   = 5836300                                {pd product} {ergonomic}
    uintx NonProfiledCodeHeapSize                  = 122910970                              {pd product} {ergonomic}
    uintx ProfiledCodeHeapSize                     = 122910970                              {pd product} {ergonomic}
    uintx ReservedCodeCacheSize                    = 251658240                              {pd product} {ergonomic}
     bool SegmentedCodeCache                       = true                                      {product} {ergonomic}
     bool UseCompressedClassPointers               = true                                 {lp64_product} {ergonomic}
     bool UseCompressedOops                        = true                                 {lp64_product} {ergonomic}
     bool UseG1GC                                  = true                                      {product} {ergonomic}
     bool UseLargePagesIndividualAllocation        = false                                  {pd product} {ergonomic}

Logging:
Log output configuration:
 #0: stdout all=warning uptime,level,tags
 #1: stderr all=off uptime,level,tags

Environment Variables:
JAVA_HOME=C:\Program Files\Java\jdk-11
PATH=C:\Program Files\Common Files\Oracle\Java\javapath;C:\Program Files\NVIDIA GPU Computing Toolkit\CUDA\v12.0\bin;C:\Program Files\NVIDIA GPU Computing Toolkit\CUDA\v12.0\libnvvp;C:\WINDOWS\system32;C:\WINDOWS;C:\WINDOWS\System32\Wbem;C:\WINDOWS\System32\WindowsPowerShell\v1.0\;C:\WINDOWS\System32\OpenSSH\;C:\Program Files\NVIDIA Corporation\Nsight Compute 2022.4.0\;C:\Program Files (x86)\NVIDIA Corporation\PhysX\Common;C:\Program Files\NVIDIA Corporation\NVIDIA NvDLISR;C:\Program Files\Java\jdk-19\bin;C:\Program Files\Git\cmd;C:\Users\croha\python.exe;C:\Users\croha\Scripts\pip.exe;C:\Program Files\apache-cassandra-4.0.8\bin;C:\Program Files\nodejs\;C:\Users\croha\Downloads\poppler\poppler\Library\bin;C:\Program Files\cursor\resources\app\bin;C:\Program Files\MySQL\MySQL Shell 8.0\bin\;C:\Users\croha\Scripts\;C:\Users\croha\;C:\Users\croha\AppData\Local\Microsoft\WindowsApps;C:\Users\croha\AppData\Local\Programs\Microsoft VS Code\bin;C:\Users\croha\AppData\Local\GitHubDesktop\bin;C:\Users\croha\AppData\Roaming\npm;C:\Users\croha\Downloads\poppler\poppler\Library\bin;C:\Program Files\JetBrains\IntelliJ IDEA 2025.2.1\bin
USERNAME=croha
OS=Windows_NT
PROCESSOR_IDENTIFIER=Intel64 Family 6 Model 158 Stepping 10, GenuineIntel



---------------  S Y S T E M  ---------------

OS: Windows 11 , 64 bit Build 26100 (10.0.26100.7019)
Hyper-V role detected

CPU:total 8 (initial active 8) (4 cores per cpu, 2 threads per core) family 6 model 158 stepping 10 microcode 0xf8, cmov, cx8, fxsr, mmx, sse, sse2, sse3, ssse3, sse4.1, sse4.2, popcnt, avx, avx2, aes, clmul, erms, 3dnowpref, lzcnt, ht, tsc, tscinvbit, bmi1, bmi2, adx, fma

Memory: 4k page, system-wide physical 16225M (4268M free)
TotalPageFile size 23923M (AvailPageFile size 4013M)
current process WorkingSet (physical memory assigned to process): 469M, peak: 469M
current process commit charge ("private bytes"): 566M, peak: 566M

vm_info: Java HotSpot(TM) 64-Bit Server VM (11.0.28+12-LTS-279) for windows-amd64 JRE (11.0.28+12-LTS-279), built on Jun 27 2025 10:10:38 by "mach5one" with MS VC++ 17.6 (VS2022)

END.
